============================= test session starts ==============================
platform darwin -- Python 3.13.11, pytest-8.4.0, pluggy-1.6.0 -- /Users/karldebiec/Code/PipeScaler/.venv/bin/python3
cachedir: .pytest_cache
rootdir: /Users/karldebiec/Code/PipeScaler
configfile: pyproject.toml
plugins: xdist-3.7.0, cov-6.1.1
collecting ... collected 439 items

cli/test_pipescaler_cli.py::test_help[PipeScalerCli] PASSED              [  0%]
cli/test_pipescaler_cli.py::test_help[PipeScalerCli-ImageCli] PASSED     [  0%]
cli/test_pipescaler_cli.py::test_usage[commands0] PASSED                 [  0%]
cli/test_pipescaler_cli.py::test_usage[commands1] PASSED                 [  0%]
image/cli/test_image_cli.py::test_help[commands0] PASSED                 [  1%]
image/cli/test_image_cli.py::test_help[commands1] PASSED                 [  1%]
image/cli/test_image_cli.py::test_help[commands2] PASSED                 [  1%]
image/cli/test_image_cli.py::test_usage[commands0] PASSED                [  1%]
image/cli/test_image_cli.py::test_usage[commands1] PASSED                [  2%]
image/cli/test_image_cli.py::test_usage[commands2] PASSED                [  2%]
image/cli/test_image_mergers_cli.py::test[AlphaMergerCli--input_filenames0] PASSED [  2%]
image/cli/test_image_mergers_cli.py::test[PaletteMatchMergerCli--input_filenames1] PASSED [  2%]
image/cli/test_image_mergers_cli.py::test[PaletteMatchMergerCli---local-input_filenames2] PASSED [  2%]
image/cli/test_image_mergers_cli.py::test[PaletteMatchMergerCli---local --local_range 2-input_filenames3] PASSED [  3%]
image/cli/test_image_mergers_cli.py::test_help[commands0] PASSED         [  3%]
image/cli/test_image_mergers_cli.py::test_help[commands1] PASSED         [  3%]
image/cli/test_image_mergers_cli.py::test_help[commands2] PASSED         [  3%]
image/cli/test_image_mergers_cli.py::test_help[commands3] PASSED         [  4%]
image/cli/test_image_mergers_cli.py::test_help[commands4] PASSED         [  4%]
image/cli/test_image_mergers_cli.py::test_usage[commands0] PASSED        [  4%]
image/cli/test_image_mergers_cli.py::test_usage[commands1] PASSED        [  4%]
image/cli/test_image_mergers_cli.py::test_usage[commands2] PASSED        [  5%]
image/cli/test_image_mergers_cli.py::test_usage[commands3] PASSED        [  5%]
image/cli/test_image_mergers_cli.py::test_usage[commands4] PASSED        [  5%]
image/cli/test_image_processors_cli.py::test[CropCli---pixels 4 4 4 4-RGB] PASSED [  5%]
image/cli/test_image_processors_cli.py::test[EsrganCli---model /Users/karldebiec/Code/PipeScaler/test/data/models/ESRGAN/1x_BC1-smooth2.pth-RGB] PASSED [  5%]
image/cli/test_image_processors_cli.py::test[ExpandCli---pixels 8 8 8 8-RGB] PASSED [  6%]
image/cli/test_image_processors_cli.py::test[HeightToNormalCli---sigma 1.0-L] PASSED [  6%]
image/cli/test_image_processors_cli.py::test[ModeCli---mode L-RGB] PASSED [  6%]
image/cli/test_image_processors_cli.py::test[ResizeCli---scale 2-RGB] PASSED [  6%]
image/cli/test_image_processors_cli.py::test[SharpenCli--RGB] PASSED     [  7%]
image/cli/test_image_processors_cli.py::test[SolidColorCli---scale 2-RGB] PASSED [  7%]
image/cli/test_image_processors_cli.py::test[ThresholdCli---threshold 64 --denoise-L] PASSED [  7%]
image/cli/test_image_processors_cli.py::test[WaifuCli---model /Users/karldebiec/Code/PipeScaler/test/data/models/WaifuUpConv7/a-2-3.pth-RGB] FAILED [  7%]
image/cli/test_image_processors_cli.py::test[XbrzCli---scale 2-RGB] PASSED [  7%]
image/cli/test_image_processors_cli.py::test_help[commands0] PASSED      [  8%]
image/cli/test_image_processors_cli.py::test_help[commands1] PASSED      [  8%]
image/cli/test_image_processors_cli.py::test_help[commands2] PASSED      [  8%]
image/cli/test_image_processors_cli.py::test_help[commands3] PASSED      [  8%]
image/cli/test_image_processors_cli.py::test_help[commands4] PASSED      [  9%]
image/cli/test_image_processors_cli.py::test_help[commands5] PASSED      [  9%]
image/cli/test_image_processors_cli.py::test_help[commands6] PASSED      [  9%]
image/cli/test_image_processors_cli.py::test_help[commands7] PASSED      [  9%]
image/cli/test_image_processors_cli.py::test_help[commands8] PASSED      [ 10%]
image/cli/test_image_processors_cli.py::test_help[commands9] PASSED      [ 10%]
image/cli/test_image_processors_cli.py::test_help[commands10] PASSED     [ 10%]
image/cli/test_image_processors_cli.py::test_help[commands11] PASSED     [ 10%]
image/cli/test_image_processors_cli.py::test_help[commands12] PASSED     [ 10%]
image/cli/test_image_processors_cli.py::test_help[commands13] PASSED     [ 11%]
image/cli/test_image_processors_cli.py::test_help[commands14] PASSED     [ 11%]
image/cli/test_image_processors_cli.py::test_help[commands15] PASSED     [ 11%]
image/cli/test_image_processors_cli.py::test_help[commands16] PASSED     [ 11%]
image/cli/test_image_processors_cli.py::test_help[commands17] PASSED     [ 12%]
image/cli/test_image_processors_cli.py::test_help[commands18] PASSED     [ 12%]
image/cli/test_image_processors_cli.py::test_help[commands19] PASSED     [ 12%]
image/cli/test_image_processors_cli.py::test_help[commands20] PASSED     [ 12%]
image/cli/test_image_processors_cli.py::test_help[commands21] PASSED     [ 12%]
image/cli/test_image_processors_cli.py::test_help[commands22] PASSED     [ 13%]
image/cli/test_image_processors_cli.py::test_usage[commands0] PASSED     [ 13%]
image/cli/test_image_processors_cli.py::test_usage[commands1] PASSED     [ 13%]
image/cli/test_image_processors_cli.py::test_usage[commands2] PASSED     [ 13%]
image/cli/test_image_processors_cli.py::test_usage[commands3] PASSED     [ 14%]
image/cli/test_image_processors_cli.py::test_usage[commands4] PASSED     [ 14%]
image/cli/test_image_processors_cli.py::test_usage[commands5] PASSED     [ 14%]
image/cli/test_image_processors_cli.py::test_usage[commands6] PASSED     [ 14%]
image/cli/test_image_processors_cli.py::test_usage[commands7] PASSED     [ 15%]
image/cli/test_image_processors_cli.py::test_usage[commands8] PASSED     [ 15%]
image/cli/test_image_processors_cli.py::test_usage[commands9] PASSED     [ 15%]
image/cli/test_image_processors_cli.py::test_usage[commands10] PASSED    [ 15%]
image/cli/test_image_processors_cli.py::test_usage[commands11] PASSED    [ 15%]
image/cli/test_image_processors_cli.py::test_usage[commands12] PASSED    [ 16%]
image/cli/test_image_processors_cli.py::test_usage[commands13] PASSED    [ 16%]
image/cli/test_image_processors_cli.py::test_usage[commands14] PASSED    [ 16%]
image/cli/test_image_processors_cli.py::test_usage[commands15] PASSED    [ 16%]
image/cli/test_image_processors_cli.py::test_usage[commands16] PASSED    [ 17%]
image/cli/test_image_processors_cli.py::test_usage[commands17] PASSED    [ 17%]
image/cli/test_image_processors_cli.py::test_usage[commands18] PASSED    [ 17%]
image/cli/test_image_processors_cli.py::test_usage[commands19] PASSED    [ 17%]
image/cli/test_image_processors_cli.py::test_usage[commands20] PASSED    [ 17%]
image/cli/test_image_processors_cli.py::test_usage[commands21] PASSED    [ 18%]
image/cli/test_image_processors_cli.py::test_usage[commands22] PASSED    [ 18%]
image/cli/test_image_splitters_cli.py::test[AlphaSplitterCli--RGBA] PASSED [ 18%]
image/cli/test_image_splitters_cli.py::test_help[commands0] PASSED       [ 18%]
image/cli/test_image_splitters_cli.py::test_help[commands1] PASSED       [ 19%]
image/cli/test_image_splitters_cli.py::test_help[commands2] PASSED       [ 19%]
image/cli/test_image_splitters_cli.py::test_usage[commands0] PASSED      [ 19%]
image/cli/test_image_splitters_cli.py::test_usage[commands1] PASSED      [ 19%]
image/cli/test_image_splitters_cli.py::test_usage[commands2] PASSED      [ 20%]
image/cli/test_image_utilities_cli.py::test[EsrganSerializerCli--ESRGAN/1x_BC1-smooth2] FAILED [ 20%]
image/cli/test_image_utilities_cli.py::test[WaifuSerializerCli-upconv7-WaifuUpConv7/a-2-1.json] FAILED [ 20%]
image/cli/test_image_utilities_cli.py::test_help[commands0] PASSED       [ 20%]
image/cli/test_image_utilities_cli.py::test_help[commands1] PASSED       [ 20%]
image/cli/test_image_utilities_cli.py::test_help[commands2] PASSED       [ 21%]
image/cli/test_image_utilities_cli.py::test_help[commands3] PASSED       [ 21%]
image/cli/test_image_utilities_cli.py::test_help[commands4] PASSED       [ 21%]
image/cli/test_image_utilities_cli.py::test_usage[commands0] PASSED      [ 21%]
image/cli/test_image_utilities_cli.py::test_usage[commands1] PASSED      [ 22%]
image/cli/test_image_utilities_cli.py::test_usage[commands2] PASSED      [ 22%]
image/cli/test_image_utilities_cli.py::test_usage[commands3] PASSED      [ 22%]
image/cli/test_image_utilities_cli.py::test_usage[commands4] PASSED      [ 22%]
image/operators/mergers/test_alpha_merger.py::test[AlphaMerger()-split/LA_color_L-split/LA_alpha_L] PASSED [ 23%]
image/operators/mergers/test_alpha_merger.py::test[AlphaMerger()-split/RGBA_color_RGB-split/RGBA_alpha_L] PASSED [ 23%]
image/operators/mergers/test_alpha_merger.py::test[AlphaMerger()-split/RGBA_color_PRGB-split/RGBA_alpha_PL] PASSED [ 23%]
image/operators/mergers/test_alpha_merger.py::test[AlphaMerger()-RGB-RGB] XFAIL [ 23%]
image/operators/mergers/test_alpha_merger.py::test[AlphaMerger()-RGB-RGBA] XFAIL [ 23%]
image/operators/mergers/test_alpha_merger.py::test[AlphaMerger()-RGBA-L] XFAIL [ 24%]
image/operators/mergers/test_alpha_merger.py::test[AlphaMerger()-split/LA_color_PL-split/LA_alpha_PL] PASSED [ 24%]
image/operators/mergers/test_alpha_merger.py::test[AlphaMerger()-split/RGBA_monochrome_color_RGB-split/RGBA_monochrome_alpha_1] PASSED [ 24%]
image/operators/mergers/test_histogram_match_merger.py::test[HistogramMatchMerger()-alt/L-L] PASSED [ 24%]
image/operators/mergers/test_histogram_match_merger.py::test[HistogramMatchMerger()-alt/LA-LA] PASSED [ 25%]
image/operators/mergers/test_histogram_match_merger.py::test[HistogramMatchMerger()-alt/RGB-RGB] PASSED [ 25%]
image/operators/mergers/test_histogram_match_merger.py::test[HistogramMatchMerger()-alt/RGBA-RGBA] PASSED [ 25%]
image/operators/mergers/test_histogram_match_merger.py::test[HistogramMatchMerger()-alt/PL-PL] PASSED [ 25%]
image/operators/mergers/test_histogram_match_merger.py::test[HistogramMatchMerger()-alt/PLA-PLA] PASSED [ 25%]
image/operators/mergers/test_histogram_match_merger.py::test[HistogramMatchMerger()-alt/PRGB-PRGB] PASSED [ 26%]
image/operators/mergers/test_histogram_match_merger.py::test[HistogramMatchMerger()-alt/PRGBA-PRGBA] PASSED [ 26%]
image/operators/mergers/test_normal_merger.py::test[NormalMerger()-split/RGB_normal_x_L-split/RGB_normal_y_L-split/RGB_normal_z_L] PASSED [ 26%]
image/operators/mergers/test_normal_merger.py::test[NormalMerger()-RGB-L-L] XFAIL [ 26%]
image/operators/mergers/test_normal_merger.py::test[NormalMerger()-L-RGB-L] XFAIL [ 27%]
image/operators/mergers/test_normal_merger.py::test[NormalMerger()-L-L-RGB] XFAIL [ 27%]
image/operators/mergers/test_normal_merger.py::test[NormalMerger()-split/RGB_normal_x_PL-split/RGB_normal_y_PL-split/RGB_normal_z_PL] PASSED [ 27%]
image/operators/mergers/test_palette_match_merger.py::test[PaletteMatchMerger(PaletteMatchMode.BASIC)-PL-L] PASSED [ 27%]
image/operators/mergers/test_palette_match_merger.py::test[PaletteMatchMerger(PaletteMatchMode.BASIC)-PLA-LA] XFAIL [ 28%]
image/operators/mergers/test_palette_match_merger.py::test[PaletteMatchMerger(PaletteMatchMode.BASIC)-PRGB-RGB] PASSED [ 28%]
image/operators/mergers/test_palette_match_merger.py::test[PaletteMatchMerger(PaletteMatchMode.BASIC)-PRGBA-RGBA] XFAIL [ 28%]
image/operators/mergers/test_palette_match_merger.py::test[PaletteMatchMerger(PaletteMatchMode.LOCAL)-PL-L] PASSED [ 28%]
image/operators/mergers/test_palette_match_merger.py::test[PaletteMatchMerger(PaletteMatchMode.LOCAL)-PLA-LA] XFAIL [ 28%]
image/operators/mergers/test_palette_match_merger.py::test[PaletteMatchMerger(PaletteMatchMode.LOCAL)-PRGB-RGB] PASSED [ 29%]
image/operators/mergers/test_palette_match_merger.py::test[PaletteMatchMerger(PaletteMatchMode.LOCAL)-PRGBA-RGBA] XFAIL [ 29%]
image/operators/processors/test_crop_processor.py::test[CropProcessor((4, 4, 4, 4))-1] PASSED [ 29%]
image/operators/processors/test_crop_processor.py::test[CropProcessor((4, 4, 4, 4))-L] PASSED [ 29%]
image/operators/processors/test_crop_processor.py::test[CropProcessor((4, 4, 4, 4))-LA] PASSED [ 30%]
image/operators/processors/test_crop_processor.py::test[CropProcessor((4, 4, 4, 4))-RGB] PASSED [ 30%]
image/operators/processors/test_crop_processor.py::test[CropProcessor((4, 4, 4, 4))-RGBA] PASSED [ 30%]
image/operators/processors/test_crop_processor.py::test[CropProcessor((4, 4, 4, 4))-PL] PASSED [ 30%]
image/operators/processors/test_crop_processor.py::test[CropProcessor((4, 4, 4, 4))-PLA] PASSED [ 30%]
image/operators/processors/test_crop_processor.py::test[CropProcessor((4, 4, 4, 4))-PRGB] PASSED [ 31%]
image/operators/processors/test_crop_processor.py::test[CropProcessor((4, 4, 4, 4))-PRGBA] PASSED [ 31%]
image/operators/processors/test_esrgan_processor.py::test[1-ESRGAN/1x_BC1-smooth2] PASSED [ 31%]
image/operators/processors/test_esrgan_processor.py::test[L-ESRGAN/1x_BC1-smooth2] PASSED [ 31%]
image/operators/processors/test_esrgan_processor.py::test[LA-ESRGAN/1x_BC1-smooth2] XFAIL [ 32%]
image/operators/processors/test_esrgan_processor.py::test[RGBA-ESRGAN/1x_BC1-smooth2] XFAIL [ 32%]
image/operators/processors/test_esrgan_processor.py::test[RGB-ESRGAN/1x_BC1-smooth2] PASSED [ 32%]
image/operators/processors/test_esrgan_processor.py::test[RGB-ESRGAN/1x_BC1-smooth2_out0] FAILED [ 32%]
image/operators/processors/test_esrgan_processor.py::test[RGB-ESRGAN/RRDB_ESRGAN_x4] PASSED [ 33%]
image/operators/processors/test_esrgan_processor.py::test[RGB-ESRGAN/RRDB_ESRGAN_x4_out] FAILED [ 33%]
image/operators/processors/test_esrgan_processor.py::test[RGB-ESRGAN/1x_BC1-smooth2_out1] FAILED [ 33%]
image/operators/processors/test_esrgan_processor.py::test[RGB-ESRGAN/RRDB_ESRGAN_x4_old_arch] PASSED [ 33%]
image/operators/processors/test_esrgan_processor.py::test[RGB-ESRGAN/RRDB_ESRGAN_x4_old_arch_out] FAILED [ 33%]
image/operators/processors/test_esrgan_processor.py::test[PL-ESRGAN/1x_BC1-smooth2] PASSED [ 34%]
image/operators/processors/test_esrgan_processor.py::test[PLA-ESRGAN/1x_BC1-smooth2] XFAIL [ 34%]
image/operators/processors/test_esrgan_processor.py::test[PRGB-ESRGAN/1x_BC1-smooth2] PASSED [ 34%]
image/operators/processors/test_esrgan_processor.py::test[PRGBA-ESRGAN/1x_BC1-smooth2] XFAIL [ 34%]
image/operators/processors/test_expand_processor.py::test[ExpandProcessor((4, 4, 4, 4))-1] PASSED [ 35%]
image/operators/processors/test_expand_processor.py::test[ExpandProcessor((4, 4, 4, 4))-L] PASSED [ 35%]
image/operators/processors/test_expand_processor.py::test[ExpandProcessor((4, 4, 4, 4))-LA] PASSED [ 35%]
image/operators/processors/test_expand_processor.py::test[ExpandProcessor((4, 4, 4, 4))-RGB] PASSED [ 35%]
image/operators/processors/test_expand_processor.py::test[ExpandProcessor((4, 4, 4, 4))-RGBA] PASSED [ 35%]
image/operators/processors/test_expand_processor.py::test[ExpandProcessor((4, 4, 4, 4))-PL] PASSED [ 36%]
image/operators/processors/test_expand_processor.py::test[ExpandProcessor((4, 4, 4, 4))-PLA] PASSED [ 36%]
image/operators/processors/test_expand_processor.py::test[ExpandProcessor((4, 4, 4, 4))-PRGB] PASSED [ 36%]
image/operators/processors/test_expand_processor.py::test[ExpandProcessor((4, 4, 4, 4))-PRGBA] PASSED [ 36%]
image/operators/processors/test_height_to_normal_processor.py::test[HeightToNormalProcessor(None)-1] XFAIL [ 37%]
image/operators/processors/test_height_to_normal_processor.py::test[HeightToNormalProcessor(None)-L] PASSED [ 37%]
image/operators/processors/test_height_to_normal_processor.py::test[HeightToNormalProcessor(None)-LA] XFAIL [ 37%]
image/operators/processors/test_height_to_normal_processor.py::test[HeightToNormalProcessor(None)-RGB] XFAIL [ 37%]
image/operators/processors/test_height_to_normal_processor.py::test[HeightToNormalProcessor(None)-RGBA] XFAIL [ 38%]
image/operators/processors/test_height_to_normal_processor.py::test[HeightToNormalProcessor(None)-PL] PASSED [ 38%]
image/operators/processors/test_height_to_normal_processor.py::test[HeightToNormalProcessor(None)-PLA] XFAIL [ 38%]
image/operators/processors/test_height_to_normal_processor.py::test[HeightToNormalProcessor(None)-PRGB] XFAIL [ 38%]
image/operators/processors/test_height_to_normal_processor.py::test[HeightToNormalProcessor(None)-PRGBA] XFAIL [ 38%]
image/operators/processors/test_height_to_normal_processor.py::test[HeightToNormalProcessor(1.0)-1] XFAIL [ 39%]
image/operators/processors/test_height_to_normal_processor.py::test[HeightToNormalProcessor(1.0)-L] PASSED [ 39%]
image/operators/processors/test_height_to_normal_processor.py::test[HeightToNormalProcessor(1.0)-LA] XFAIL [ 39%]
image/operators/processors/test_height_to_normal_processor.py::test[HeightToNormalProcessor(1.0)-RGB] XFAIL [ 39%]
image/operators/processors/test_height_to_normal_processor.py::test[HeightToNormalProcessor(1.0)-RGBA] XFAIL [ 40%]
image/operators/processors/test_height_to_normal_processor.py::test[HeightToNormalProcessor(1.0)-PL] PASSED [ 40%]
image/operators/processors/test_height_to_normal_processor.py::test[HeightToNormalProcessor(1.0)-PLA] XFAIL [ 40%]
image/operators/processors/test_height_to_normal_processor.py::test[HeightToNormalProcessor(1.0)-PRGB] XFAIL [ 40%]
image/operators/processors/test_height_to_normal_processor.py::test[HeightToNormalProcessor(1.0)-PRGBA] XFAIL [ 41%]
image/operators/processors/test_mode_processor.py::test[ModeProcessor(1)-1] PASSED [ 41%]
image/operators/processors/test_mode_processor.py::test[ModeProcessor(1)-L] PASSED [ 41%]
image/operators/processors/test_mode_processor.py::test[ModeProcessor(1)-LA] PASSED [ 41%]
image/operators/processors/test_mode_processor.py::test[ModeProcessor(1)-RGB] PASSED [ 41%]
image/operators/processors/test_mode_processor.py::test[ModeProcessor(1)-RGBA] PASSED [ 42%]
image/operators/processors/test_mode_processor.py::test[ModeProcessor(1)-PL] PASSED [ 42%]
image/operators/processors/test_mode_processor.py::test[ModeProcessor(1)-PLA] PASSED [ 42%]
image/operators/processors/test_mode_processor.py::test[ModeProcessor(1)-PRGB] PASSED [ 42%]
image/operators/processors/test_mode_processor.py::test[ModeProcessor(1)-PRGBA] PASSED [ 43%]
image/operators/processors/test_mode_processor.py::test[ModeProcessor(L)-1] PASSED [ 43%]
image/operators/processors/test_mode_processor.py::test[ModeProcessor(L)-L] PASSED [ 43%]
image/operators/processors/test_mode_processor.py::test[ModeProcessor(L)-LA] PASSED [ 43%]
image/operators/processors/test_mode_processor.py::test[ModeProcessor(L)-RGB] PASSED [ 43%]
image/operators/processors/test_mode_processor.py::test[ModeProcessor(L)-RGBA] PASSED [ 44%]
image/operators/processors/test_mode_processor.py::test[ModeProcessor(L)-PL] PASSED [ 44%]
image/operators/processors/test_mode_processor.py::test[ModeProcessor(L)-PLA] PASSED [ 44%]
image/operators/processors/test_mode_processor.py::test[ModeProcessor(L)-PRGB] PASSED [ 44%]
image/operators/processors/test_mode_processor.py::test[ModeProcessor(L)-PRGBA] PASSED [ 45%]
image/operators/processors/test_mode_processor.py::test[ModeProcessor(LA)-1] PASSED [ 45%]
image/operators/processors/test_mode_processor.py::test[ModeProcessor(LA)-L] PASSED [ 45%]
image/operators/processors/test_mode_processor.py::test[ModeProcessor(LA)-LA] PASSED [ 45%]
image/operators/processors/test_mode_processor.py::test[ModeProcessor(LA)-RGB] PASSED [ 46%]
image/operators/processors/test_mode_processor.py::test[ModeProcessor(LA)-RGBA] PASSED [ 46%]
image/operators/processors/test_mode_processor.py::test[ModeProcessor(LA)-PL] PASSED [ 46%]
image/operators/processors/test_mode_processor.py::test[ModeProcessor(LA)-PLA] PASSED [ 46%]
image/operators/processors/test_mode_processor.py::test[ModeProcessor(LA)-PRGB] PASSED [ 46%]
image/operators/processors/test_mode_processor.py::test[ModeProcessor(LA)-PRGBA] PASSED [ 47%]
image/operators/processors/test_mode_processor.py::test[ModeProcessor(RGB)-1] PASSED [ 47%]
image/operators/processors/test_mode_processor.py::test[ModeProcessor(RGB)-L] PASSED [ 47%]
image/operators/processors/test_mode_processor.py::test[ModeProcessor(RGB)-LA] PASSED [ 47%]
image/operators/processors/test_mode_processor.py::test[ModeProcessor(RGB)-RGB] PASSED [ 48%]
image/operators/processors/test_mode_processor.py::test[ModeProcessor(RGB)-RGBA] PASSED [ 48%]
image/operators/processors/test_mode_processor.py::test[ModeProcessor(RGB)-PL] PASSED [ 48%]
image/operators/processors/test_mode_processor.py::test[ModeProcessor(RGB)-PLA] PASSED [ 48%]
image/operators/processors/test_mode_processor.py::test[ModeProcessor(RGB)-PRGB] PASSED [ 48%]
image/operators/processors/test_mode_processor.py::test[ModeProcessor(RGB)-PRGBA] PASSED [ 49%]
image/operators/processors/test_mode_processor.py::test[ModeProcessor(RGBA)-1] PASSED [ 49%]
image/operators/processors/test_mode_processor.py::test[ModeProcessor(RGBA)-L] PASSED [ 49%]
image/operators/processors/test_mode_processor.py::test[ModeProcessor(RGBA)-LA] PASSED [ 49%]
image/operators/processors/test_mode_processor.py::test[ModeProcessor(RGBA)-RGB] PASSED [ 50%]
image/operators/processors/test_mode_processor.py::test[ModeProcessor(RGBA)-RGBA] PASSED [ 50%]
image/operators/processors/test_mode_processor.py::test[ModeProcessor(RGBA)-PL] PASSED [ 50%]
image/operators/processors/test_mode_processor.py::test[ModeProcessor(RGBA)-PLA] PASSED [ 50%]
image/operators/processors/test_mode_processor.py::test[ModeProcessor(RGBA)-PRGB] PASSED [ 51%]
image/operators/processors/test_mode_processor.py::test[ModeProcessor(RGBA)-PRGBA] PASSED [ 51%]
image/operators/processors/test_potrace_processor.py::test[PotraceProcessor()-1] PASSED [ 51%]
image/operators/processors/test_potrace_processor.py::test[PotraceProcessor()-L] PASSED [ 51%]
image/operators/processors/test_potrace_processor.py::test[PotraceProcessor()-LA] XFAIL [ 51%]
image/operators/processors/test_potrace_processor.py::test[PotraceProcessor()-RGB] XFAIL [ 52%]
image/operators/processors/test_potrace_processor.py::test[PotraceProcessor()-RGBA] XFAIL [ 52%]
image/operators/processors/test_potrace_processor.py::test[PotraceProcessor()-PL] PASSED [ 52%]
image/operators/processors/test_potrace_processor.py::test[PotraceProcessor()-PLA] XFAIL [ 52%]
image/operators/processors/test_potrace_processor.py::test[PotraceProcessor()-PRGB] XFAIL [ 53%]
image/operators/processors/test_potrace_processor.py::test[PotraceProcessor()-PRGBA] XFAIL [ 53%]
image/operators/processors/test_potrace_processor.py::test[PotraceProcessor(2)-1] PASSED [ 53%]
image/operators/processors/test_potrace_processor.py::test[PotraceProcessor(2)-L] PASSED [ 53%]
image/operators/processors/test_potrace_processor.py::test[PotraceProcessor(2)-LA] XFAIL [ 53%]
image/operators/processors/test_potrace_processor.py::test[PotraceProcessor(2)-RGB] XFAIL [ 54%]
image/operators/processors/test_potrace_processor.py::test[PotraceProcessor(2)-RGBA] XFAIL [ 54%]
image/operators/processors/test_potrace_processor.py::test[PotraceProcessor(2)-PL] PASSED [ 54%]
image/operators/processors/test_potrace_processor.py::test[PotraceProcessor(2)-PLA] XFAIL [ 54%]
image/operators/processors/test_potrace_processor.py::test[PotraceProcessor(2)-PRGB] XFAIL [ 55%]
image/operators/processors/test_potrace_processor.py::test[PotraceProcessor(2)-PRGBA] XFAIL [ 55%]
image/operators/processors/test_resize_processor.py::test[ResizeProcessor(2)-1] PASSED [ 55%]
image/operators/processors/test_resize_processor.py::test[ResizeProcessor(2)-L] PASSED [ 55%]
image/operators/processors/test_resize_processor.py::test[ResizeProcessor(2)-LA] PASSED [ 56%]
image/operators/processors/test_resize_processor.py::test[ResizeProcessor(2)-RGB] PASSED [ 56%]
image/operators/processors/test_resize_processor.py::test[ResizeProcessor(2)-RGBA] PASSED [ 56%]
image/operators/processors/test_resize_processor.py::test[ResizeProcessor(2)-PL] PASSED [ 56%]
image/operators/processors/test_resize_processor.py::test[ResizeProcessor(2)-PLA] PASSED [ 56%]
image/operators/processors/test_resize_processor.py::test[ResizeProcessor(2)-PRGB] PASSED [ 57%]
image/operators/processors/test_resize_processor.py::test[ResizeProcessor(2)-PRGBA] PASSED [ 57%]
image/operators/processors/test_sharpen_processor.py::test[SharpenProcessor()-1] XFAIL [ 57%]
image/operators/processors/test_sharpen_processor.py::test[SharpenProcessor()-L] PASSED [ 57%]
image/operators/processors/test_sharpen_processor.py::test[SharpenProcessor()-LA] XFAIL [ 58%]
image/operators/processors/test_sharpen_processor.py::test[SharpenProcessor()-RGB] PASSED [ 58%]
image/operators/processors/test_sharpen_processor.py::test[SharpenProcessor()-RGBA] XFAIL [ 58%]
image/operators/processors/test_sharpen_processor.py::test[SharpenProcessor()-PL] PASSED [ 58%]
image/operators/processors/test_sharpen_processor.py::test[SharpenProcessor()-PLA] XFAIL [ 58%]
image/operators/processors/test_sharpen_processor.py::test[SharpenProcessor()-PRGB] PASSED [ 59%]
image/operators/processors/test_sharpen_processor.py::test[SharpenProcessor()-PRGBA] XFAIL [ 59%]
image/operators/processors/test_solid_color_processor.py::test[SolidColorProcessor()-1] PASSED [ 59%]
image/operators/processors/test_solid_color_processor.py::test[SolidColorProcessor()-L] PASSED [ 59%]
image/operators/processors/test_solid_color_processor.py::test[SolidColorProcessor()-LA] PASSED [ 60%]
image/operators/processors/test_solid_color_processor.py::test[SolidColorProcessor()-RGB] PASSED [ 60%]
image/operators/processors/test_solid_color_processor.py::test[SolidColorProcessor()-RGBA] PASSED [ 60%]
image/operators/processors/test_solid_color_processor.py::test[SolidColorProcessor()-PL] PASSED [ 60%]
image/operators/processors/test_solid_color_processor.py::test[SolidColorProcessor()-PLA] PASSED [ 61%]
image/operators/processors/test_solid_color_processor.py::test[SolidColorProcessor()-PRGB] PASSED [ 61%]
image/operators/processors/test_solid_color_processor.py::test[SolidColorProcessor()-PRGBA] PASSED [ 61%]
image/operators/processors/test_spandrel_processor.py::test[RGB-DAT2/4x-PBRify_UpscalerV4] PASSED [ 61%]
image/operators/processors/test_threshold_processor.py::test[ThresholdProcessor(128,False)-1] PASSED [ 61%]
image/operators/processors/test_threshold_processor.py::test[ThresholdProcessor(128,False)-L] PASSED [ 62%]
image/operators/processors/test_threshold_processor.py::test[ThresholdProcessor(128,False)-LA] XFAIL [ 62%]
image/operators/processors/test_threshold_processor.py::test[ThresholdProcessor(128,False)-RGB] XFAIL [ 62%]
image/operators/processors/test_threshold_processor.py::test[ThresholdProcessor(128,False)-RGBA] XFAIL [ 62%]
image/operators/processors/test_threshold_processor.py::test[ThresholdProcessor(128,False)-PL] PASSED [ 63%]
image/operators/processors/test_threshold_processor.py::test[ThresholdProcessor(128,False)-PLA] XFAIL [ 63%]
image/operators/processors/test_threshold_processor.py::test[ThresholdProcessor(128,False)-PRGB] XFAIL [ 63%]
image/operators/processors/test_threshold_processor.py::test[ThresholdProcessor(128,False)-PRGBA] XFAIL [ 63%]
image/operators/processors/test_threshold_processor.py::test[ThresholdProcessor(128,True)-1] PASSED [ 64%]
image/operators/processors/test_threshold_processor.py::test[ThresholdProcessor(128,True)-L] PASSED [ 64%]
image/operators/processors/test_threshold_processor.py::test[ThresholdProcessor(128,True)-LA] XFAIL [ 64%]
image/operators/processors/test_threshold_processor.py::test[ThresholdProcessor(128,True)-RGB] XFAIL [ 64%]
image/operators/processors/test_threshold_processor.py::test[ThresholdProcessor(128,True)-RGBA] XFAIL [ 64%]
image/operators/processors/test_threshold_processor.py::test[ThresholdProcessor(128,True)-PL] PASSED [ 65%]
image/operators/processors/test_threshold_processor.py::test[ThresholdProcessor(128,True)-PLA] XFAIL [ 65%]
image/operators/processors/test_threshold_processor.py::test[ThresholdProcessor(128,True)-PRGB] XFAIL [ 65%]
image/operators/processors/test_threshold_processor.py::test[ThresholdProcessor(128,True)-PRGBA] XFAIL [ 65%]
image/operators/processors/test_waifu_processor.py::test[1-WaifuUpConv7/a-2-3] FAILED [ 66%]
image/operators/processors/test_waifu_processor.py::test[L-WaifuUpConv7/a-2-3] FAILED [ 66%]
image/operators/processors/test_waifu_processor.py::test[LA-WaifuUpConv7/a-2-3] FAILED [ 66%]
image/operators/processors/test_waifu_processor.py::test[RGB-WaifuUpConv7/a-2-3] FAILED [ 66%]
image/operators/processors/test_waifu_processor.py::test[RGB-WaifuVgg7/a-1-3] FAILED [ 66%]
image/operators/processors/test_waifu_processor.py::test[RGBA-WaifuUpConv7/a-2-3] FAILED [ 67%]
image/operators/processors/test_xbrz_processor.py::test[XbrzProcessor(2)-L] PASSED [ 67%]
image/operators/processors/test_xbrz_processor.py::test[XbrzProcessor(2)-LA] PASSED [ 67%]
image/operators/processors/test_xbrz_processor.py::test[XbrzProcessor(2)-RGB] PASSED [ 67%]
image/operators/processors/test_xbrz_processor.py::test[XbrzProcessor(2)-RGBA] PASSED [ 68%]
image/operators/processors/test_xbrz_processor.py::test[XbrzProcessor(2)-PL] PASSED [ 68%]
image/operators/processors/test_xbrz_processor.py::test[XbrzProcessor(2)-PLA] PASSED [ 68%]
image/operators/processors/test_xbrz_processor.py::test[XbrzProcessor(2)-PRGB] PASSED [ 68%]
image/operators/processors/test_xbrz_processor.py::test[XbrzProcessor(2)-PRGBA] PASSED [ 69%]
image/operators/splitters/test_alpha_splitter.py::test[AlphaSplitter(AlphaMode.GRAYSCALE,None)-1] XFAIL [ 69%]
image/operators/splitters/test_alpha_splitter.py::test[AlphaSplitter(AlphaMode.GRAYSCALE,None)-L] XFAIL [ 69%]
image/operators/splitters/test_alpha_splitter.py::test[AlphaSplitter(AlphaMode.GRAYSCALE,None)-LA] PASSED [ 69%]
image/operators/splitters/test_alpha_splitter.py::test[AlphaSplitter(AlphaMode.GRAYSCALE,None)-RGB] XFAIL [ 69%]
image/operators/splitters/test_alpha_splitter.py::test[AlphaSplitter(AlphaMode.GRAYSCALE,None)-RGBA] PASSED [ 70%]
image/operators/splitters/test_alpha_splitter.py::test[AlphaSplitter(AlphaMode.GRAYSCALE,None)-PLA] PASSED [ 70%]
image/operators/splitters/test_alpha_splitter.py::test[AlphaSplitter(AlphaMode.GRAYSCALE,None)-PRGBA] PASSED [ 70%]
image/operators/splitters/test_alpha_splitter.py::test[AlphaSplitter(AlphaMode.GRAYSCALE,None)-novel/RGBA_monochrome] PASSED [ 70%]
image/operators/splitters/test_alpha_splitter.py::test[AlphaSplitter(AlphaMode.MONOCHROME_OR_GRAYSCALE,None)-1] XFAIL [ 71%]
image/operators/splitters/test_alpha_splitter.py::test[AlphaSplitter(AlphaMode.MONOCHROME_OR_GRAYSCALE,None)-L] XFAIL [ 71%]
image/operators/splitters/test_alpha_splitter.py::test[AlphaSplitter(AlphaMode.MONOCHROME_OR_GRAYSCALE,None)-LA] PASSED [ 71%]
image/operators/splitters/test_alpha_splitter.py::test[AlphaSplitter(AlphaMode.MONOCHROME_OR_GRAYSCALE,None)-RGB] XFAIL [ 71%]
image/operators/splitters/test_alpha_splitter.py::test[AlphaSplitter(AlphaMode.MONOCHROME_OR_GRAYSCALE,None)-RGBA] PASSED [ 71%]
image/operators/splitters/test_alpha_splitter.py::test[AlphaSplitter(AlphaMode.MONOCHROME_OR_GRAYSCALE,None)-PLA] PASSED [ 72%]
image/operators/splitters/test_alpha_splitter.py::test[AlphaSplitter(AlphaMode.MONOCHROME_OR_GRAYSCALE,None)-PRGBA] PASSED [ 72%]
image/operators/splitters/test_alpha_splitter.py::test[AlphaSplitter(AlphaMode.MONOCHROME_OR_GRAYSCALE,None)-novel/RGBA_monochrome] PASSED [ 72%]
image/operators/splitters/test_alpha_splitter.py::test[AlphaSplitter(AlphaMode.MONOCHROME_OR_GRAYSCALE,MaskFillMode.BASIC)-1] XFAIL [ 72%]
image/operators/splitters/test_alpha_splitter.py::test[AlphaSplitter(AlphaMode.MONOCHROME_OR_GRAYSCALE,MaskFillMode.BASIC)-L] XFAIL [ 73%]
image/operators/splitters/test_alpha_splitter.py::test[AlphaSplitter(AlphaMode.MONOCHROME_OR_GRAYSCALE,MaskFillMode.BASIC)-LA] PASSED [ 73%]
image/operators/splitters/test_alpha_splitter.py::test[AlphaSplitter(AlphaMode.MONOCHROME_OR_GRAYSCALE,MaskFillMode.BASIC)-RGB] XFAIL [ 73%]
image/operators/splitters/test_alpha_splitter.py::test[AlphaSplitter(AlphaMode.MONOCHROME_OR_GRAYSCALE,MaskFillMode.BASIC)-RGBA] PASSED [ 73%]
image/operators/splitters/test_alpha_splitter.py::test[AlphaSplitter(AlphaMode.MONOCHROME_OR_GRAYSCALE,MaskFillMode.BASIC)-PLA] PASSED [ 74%]
image/operators/splitters/test_alpha_splitter.py::test[AlphaSplitter(AlphaMode.MONOCHROME_OR_GRAYSCALE,MaskFillMode.BASIC)-PRGBA] PASSED [ 74%]
image/operators/splitters/test_alpha_splitter.py::test[AlphaSplitter(AlphaMode.MONOCHROME_OR_GRAYSCALE,MaskFillMode.BASIC)-novel/RGBA_monochrome] PASSED [ 74%]
image/operators/splitters/test_alpha_splitter.py::test[AlphaSplitter(AlphaMode.MONOCHROME_OR_GRAYSCALE,MaskFillMode.MATCH_PALETTE)-1] XFAIL [ 74%]
image/operators/splitters/test_alpha_splitter.py::test[AlphaSplitter(AlphaMode.MONOCHROME_OR_GRAYSCALE,MaskFillMode.MATCH_PALETTE)-L] XFAIL [ 74%]
image/operators/splitters/test_alpha_splitter.py::test[AlphaSplitter(AlphaMode.MONOCHROME_OR_GRAYSCALE,MaskFillMode.MATCH_PALETTE)-LA] PASSED [ 75%]
image/operators/splitters/test_alpha_splitter.py::test[AlphaSplitter(AlphaMode.MONOCHROME_OR_GRAYSCALE,MaskFillMode.MATCH_PALETTE)-RGB] XFAIL [ 75%]
image/operators/splitters/test_alpha_splitter.py::test[AlphaSplitter(AlphaMode.MONOCHROME_OR_GRAYSCALE,MaskFillMode.MATCH_PALETTE)-RGBA] PASSED [ 75%]
image/operators/splitters/test_alpha_splitter.py::test[AlphaSplitter(AlphaMode.MONOCHROME_OR_GRAYSCALE,MaskFillMode.MATCH_PALETTE)-PLA] PASSED [ 75%]
image/operators/splitters/test_alpha_splitter.py::test[AlphaSplitter(AlphaMode.MONOCHROME_OR_GRAYSCALE,MaskFillMode.MATCH_PALETTE)-PRGBA] PASSED [ 76%]
image/operators/splitters/test_alpha_splitter.py::test[AlphaSplitter(AlphaMode.MONOCHROME_OR_GRAYSCALE,MaskFillMode.MATCH_PALETTE)-novel/RGBA_monochrome] PASSED [ 76%]
image/operators/splitters/test_normal_splitter.py::test[NormalSplitter()-1] XFAIL [ 76%]
image/operators/splitters/test_normal_splitter.py::test[NormalSplitter()-L] XFAIL [ 76%]
image/operators/splitters/test_normal_splitter.py::test[NormalSplitter()-LA] XFAIL [ 76%]
image/operators/splitters/test_normal_splitter.py::test[NormalSplitter()-RGB] PASSED [ 77%]
image/operators/splitters/test_normal_splitter.py::test[NormalSplitter()-RGBA] XFAIL [ 77%]
image/operators/splitters/test_normal_splitter.py::test[NormalSplitter()-PRGB] PASSED [ 77%]
image/operators/splitters/test_normal_splitter.py::test[NormalSplitter()-novel/RGB_normal] PASSED [ 77%]
image/pipelines/sorters/test_alpha_sorter.py::test[AlphaSorter(255)-L-no_alpha] PASSED [ 78%]
image/pipelines/sorters/test_alpha_sorter.py::test[AlphaSorter(255)-extra/L_LA-drop_alpha] PASSED [ 78%]
image/pipelines/sorters/test_alpha_sorter.py::test[AlphaSorter(255)-LA-keep_alpha] PASSED [ 78%]
image/pipelines/sorters/test_alpha_sorter.py::test[AlphaSorter(255)-RGB-no_alpha] PASSED [ 78%]
image/pipelines/sorters/test_alpha_sorter.py::test[AlphaSorter(255)-extra/RGB_RGBA-drop_alpha] PASSED [ 79%]
image/pipelines/sorters/test_alpha_sorter.py::test[AlphaSorter(255)-RGBA-keep_alpha] PASSED [ 79%]
image/pipelines/sorters/test_alpha_sorter.py::test[AlphaSorter(255)-PL-no_alpha] PASSED [ 79%]
image/pipelines/sorters/test_alpha_sorter.py::test[AlphaSorter(255)-PLA-keep_alpha] PASSED [ 79%]
image/pipelines/sorters/test_alpha_sorter.py::test[AlphaSorter(255)-PRGB-no_alpha] PASSED [ 79%]
image/pipelines/sorters/test_alpha_sorter.py::test[AlphaSorter(255)-PRGBA-keep_alpha] PASSED [ 80%]
image/pipelines/sorters/test_grayscale_sorter.py::test[GrayscaleSorter(1,10)-L-no_rgb] PASSED [ 80%]
image/pipelines/sorters/test_grayscale_sorter.py::test[GrayscaleSorter(1,10)-LA-no_rgb] PASSED [ 80%]
image/pipelines/sorters/test_grayscale_sorter.py::test[GrayscaleSorter(1,10)-RGB-keep_rgb] PASSED [ 80%]
image/pipelines/sorters/test_grayscale_sorter.py::test[GrayscaleSorter(1,10)-RGBA-keep_rgb] PASSED [ 81%]
image/pipelines/sorters/test_grayscale_sorter.py::test[GrayscaleSorter(1,10)-PL-no_rgb] PASSED [ 81%]
image/pipelines/sorters/test_grayscale_sorter.py::test[GrayscaleSorter(1,10)-PLA-no_rgb] PASSED [ 81%]
image/pipelines/sorters/test_grayscale_sorter.py::test[GrayscaleSorter(1,10)-PRGB-keep_rgb] PASSED [ 81%]
image/pipelines/sorters/test_grayscale_sorter.py::test[GrayscaleSorter(1,10)-PRGBA-keep_rgb] PASSED [ 82%]
image/pipelines/sorters/test_mode_sorter.py::test[ModeSorter()-1-M] PASSED [ 82%]
image/pipelines/sorters/test_mode_sorter.py::test[ModeSorter()-L-L] PASSED [ 82%]
image/pipelines/sorters/test_mode_sorter.py::test[ModeSorter()-LA-LA] PASSED [ 82%]
image/pipelines/sorters/test_mode_sorter.py::test[ModeSorter()-RGB-RGB] PASSED [ 82%]
image/pipelines/sorters/test_mode_sorter.py::test[ModeSorter()-RGBA-RGBA] PASSED [ 83%]
image/pipelines/sorters/test_mode_sorter.py::test[ModeSorter()-PL-L] PASSED [ 83%]
image/pipelines/sorters/test_mode_sorter.py::test[ModeSorter()-PLA-LA] PASSED [ 83%]
image/pipelines/sorters/test_mode_sorter.py::test[ModeSorter()-PRGB-RGB] PASSED [ 83%]
image/pipelines/sorters/test_mode_sorter.py::test[ModeSorter()-PRGBA-RGBA] PASSED [ 84%]
image/pipelines/sorters/test_monochrome_sorter.py::test[MonochromeSorter(1,10)-1-no_gray] PASSED [ 84%]
image/pipelines/sorters/test_monochrome_sorter.py::test[MonochromeSorter(1,10)-extra/1_L-drop_gray] PASSED [ 84%]
image/pipelines/sorters/test_monochrome_sorter.py::test[MonochromeSorter(1,10)-L-keep_gray] PASSED [ 84%]
image/pipelines/sorters/test_size_sorter.py::test[SizeSorter(128)-L-greater_than_or_equal_to] PASSED [ 84%]
image/pipelines/sorters/test_solid_color_sorter.py::test[SolidColorSorter(1,10)-L-not_solid] PASSED [ 85%]
image/pipelines/sorters/test_solid_color_sorter.py::test[SolidColorSorter(1,10)-LA-not_solid] PASSED [ 85%]
image/pipelines/sorters/test_solid_color_sorter.py::test[SolidColorSorter(1,10)-RGB-not_solid] PASSED [ 85%]
image/pipelines/sorters/test_solid_color_sorter.py::test[SolidColorSorter(1,10)-RGBA-not_solid] PASSED [ 85%]
image/pipelines/sorters/test_solid_color_sorter.py::test[SolidColorSorter(1,10)-PL-not_solid] PASSED [ 86%]
image/pipelines/sorters/test_solid_color_sorter.py::test[SolidColorSorter(1,10)-PLA-not_solid] PASSED [ 86%]
image/pipelines/sorters/test_solid_color_sorter.py::test[SolidColorSorter(1,10)-PRGB-not_solid] PASSED [ 86%]
image/pipelines/sorters/test_solid_color_sorter.py::test[SolidColorSorter(1,10)-PRGBA-not_solid] PASSED [ 86%]
image/pipelines/sorters/test_solid_color_sorter.py::test[SolidColorSorter(1,10)-novel/L_solid-solid] PASSED [ 87%]
image/pipelines/sorters/test_solid_color_sorter.py::test[SolidColorSorter(1,10)-novel/LA_solid-solid] PASSED [ 87%]
image/pipelines/sorters/test_solid_color_sorter.py::test[SolidColorSorter(1,10)-novel/RGB_solid-solid] PASSED [ 87%]
image/pipelines/sorters/test_solid_color_sorter.py::test[SolidColorSorter(1,10)-novel/RGBA_solid-solid] PASSED [ 87%]
image/pipelines/sorters/test_solid_color_sorter.py::test[SolidColorSorter(1,10)-novel/PL_solid-solid] PASSED [ 87%]
image/pipelines/sorters/test_solid_color_sorter.py::test[SolidColorSorter(1,10)-novel/PLA_solid-solid] PASSED [ 88%]
image/pipelines/sorters/test_solid_color_sorter.py::test[SolidColorSorter(1,10)-novel/PRGB_solid-solid] PASSED [ 88%]
image/pipelines/sorters/test_solid_color_sorter.py::test[SolidColorSorter(1,10)-novel/PRGBA_solid-solid] PASSED [ 88%]
image/pipelines/sources/test_image_directory_source.py::test[source0] PASSED [ 88%]
image/pipelines/termini/test_copy_file_processor.py::test PASSED         [ 89%]
image/runners/test_pngquant_runner.py::test[PngquantRunner()-RGB] PASSED [ 89%]
image/runners/test_potrace_runner.py::test[PotraceRunner()-L] PASSED     [ 89%]
image/runners/test_texconv_runner.py::test[TexconvRunner()-1] XFAIL      [ 89%]
image/runners/test_texconv_runner.py::test[TexconvRunner()-L] XFAIL      [ 89%]
image/runners/test_texconv_runner.py::test[TexconvRunner()-LA] XFAIL     [ 90%]
image/runners/test_texconv_runner.py::test[TexconvRunner()-RGB] XFAIL    [ 90%]
image/runners/test_texconv_runner.py::test[TexconvRunner()-RGBA] XFAIL   [ 90%]
image/runners/test_texconv_runner.py::test[TexconvRunner()-PL] XFAIL     [ 90%]
image/runners/test_texconv_runner.py::test[TexconvRunner()-PLA] XFAIL    [ 91%]
image/runners/test_texconv_runner.py::test[TexconvRunner()-PRGB] XFAIL   [ 91%]
image/runners/test_texconv_runner.py::test[TexconvRunner()-PRGBA] XFAIL  [ 91%]
image/test_scaled_pair_identifier.py::test_review PASSED                 [ 91%]
image/test_subdivided_image.py::test_subdivider[esrgan_bc1s2_processor-L-1] PASSED [ 92%]
image/test_subdivided_image.py::test_subdivider[esrgan_bc1s2_processor-RGB-1] PASSED [ 92%]
image/test_subdivided_image.py::test_subdivider[esrgan_bc1s2_processor-RGBA-1] XFAIL [ 92%]
image/test_subdivided_image.py::test_subdivider[esrgan_rrdb_processor-RGB-4] PASSED [ 92%]
image/test_subdivided_image.py::test_subdivider[potrace_processor-L-10] PASSED [ 92%]
image/test_subdivided_image.py::test_subdivider[waifu_processor-RGB-2] FAILED [ 93%]
image/test_subdivided_image.py::test_subdivider[xbrz_processor-RGB-6] PASSED [ 93%]
image/utilities/test_esrgan_serializer.py::test[ESRGAN/1x_BC1-smooth2] PASSED [ 93%]
image/utilities/test_esrgan_serializer.py::test[ESRGAN/RRDB_ESRGAN_x4] PASSED [ 93%]
image/utilities/test_esrgan_serializer.py::test[ESRGAN/RRDB_ESRGAN_x4_old_arch] PASSED [ 94%]
image/utilities/test_waifu_serializer.py::test[upconv7-WaifuUpConv7/a-2-1.json] PASSED [ 94%]
image/utilities/test_waifu_serializer.py::test[vgg7-WaifuVgg7/a-2-0.json] PASSED [ 94%]
pipelines/segments/test_post_checkpointed_segment.py::test PASSED        [ 94%]
pipelines/segments/test_pre_checkpointed_segment.py::test PASSED         [ 94%]
pipelines/sorters/test_list_sorter.py::test[ListSorter(/Users/karldebiec/Code/PipeScaler/test/data/images/basic,/Users/karldebiec/Code/PipeScaler/test/data/images/extra,/Users/karldebiec/Code/PipeScaler/test/data/images/novel)-basic/L-basic] PASSED [ 95%]
pipelines/sorters/test_list_sorter.py::test[ListSorter(/Users/karldebiec/Code/PipeScaler/test/data/images/basic,/Users/karldebiec/Code/PipeScaler/test/data/images/extra,/Users/karldebiec/Code/PipeScaler/test/data/images/novel)-extra/1_L-extra] PASSED [ 95%]
pipelines/sorters/test_list_sorter.py::test[ListSorter(/Users/karldebiec/Code/PipeScaler/test/data/images/basic,/Users/karldebiec/Code/PipeScaler/test/data/images/extra,/Users/karldebiec/Code/PipeScaler/test/data/images/novel)-novel/L_solid-novel] PASSED [ 95%]
pipelines/sorters/test_list_sorter.py::test[ListSorter(/Users/karldebiec/Code/PipeScaler/test/data/images/basic,/Users/karldebiec/Code/PipeScaler/test/data/images/extra,/Users/karldebiec/Code/PipeScaler/test/data/images/novel)-split/LA_alpha_L-None] PASSED [ 95%]
pipelines/sorters/test_list_sorter.py::test_text_file[basic/L-basic] PASSED [ 96%]
pipelines/sorters/test_list_sorter.py::test_text_file[extra/1_L-extra] PASSED [ 96%]
pipelines/sorters/test_list_sorter.py::test_text_file[novel/L_solid-novel] PASSED [ 96%]
pipelines/sorters/test_list_sorter.py::test_text_file[split/LA_alpha_L-None] PASSED [ 96%]
pipelines/sorters/test_list_sorter.py::test_exclusions PASSED            [ 97%]
pipelines/sorters/test_regex_sorter.py::test[RegexSorter(.*L.*)-1-unmatched] PASSED [ 97%]
pipelines/sorters/test_regex_sorter.py::test[RegexSorter(.*L.*)-L-matched] PASSED [ 97%]
pipelines/sorters/test_regex_sorter.py::test[RegexSorter(.*L.*)-LA-matched] PASSED [ 97%]
pipelines/sorters/test_regex_sorter.py::test[RegexSorter(.*L.*)-RGB-unmatched] PASSED [ 97%]
pipelines/sorters/test_regex_sorter.py::test[RegexSorter(.*L.*)-RGBA-unmatched] PASSED [ 98%]
pipelines/test_checkpoint_manager.py::test_load_save PASSED              [ 98%]
pipelines/test_checkpoint_manager.py::test_pre_segment PASSED            [ 98%]
pipelines/test_checkpoint_manager.py::test_post_segment PASSED           [ 98%]
pipelines/test_checkpoint_manager.py::test_print PASSED                  [ 99%]
utilities/test_file_scanner.py::test PASSED                              [ 99%]
utilities/test_file_scanner.py::test_remove_prefix PASSED                [ 99%]
utilities/test_file_scanner.py::test_output_format PASSED                [ 99%]
video/runners/test_apngasm_runner.py::test[ApngasmRunner()-input_filenames0] PASSED [100%]

=================================== FAILURES ===================================
_ test[WaifuCli---model /Users/karldebiec/Code/PipeScaler/test/data/models/WaifuUpConv7/a-2-3.pth-RGB] _

cli = <class 'pipescaler.image.cli.processors.waifu_cli.WaifuCli'>
args = '--model /Users/karldebiec/Code/PipeScaler/test/data/models/WaifuUpConv7/a-2-3.pth'
input_filename = 'RGB'

    @pytest.mark.parametrize(
        ("cli", "args", "input_filename"),
        [
            (CropCli, "--pixels 4 4 4 4", "RGB"),
            skip_if_codex(skip_if_ci())(
                EsrganCli,
                f"--model {esrgan_path}",
                "RGB",
            ),
            (ExpandCli, "--pixels 8 8 8 8", "RGB"),
            (HeightToNormalCli, "--sigma 1.0", "L"),
            (ModeCli, "--mode L", "RGB"),
            (ResizeCli, "--scale 2", "RGB"),
            (SharpenCli, "", "RGB"),
            (SolidColorCli, "--scale 2", "RGB"),
            (ThresholdCli, "--threshold 64 --denoise", "L"),
            skip_if_codex(skip_if_ci())(
                WaifuCli,
                f"--model {waifu_path}",
                "RGB",
            ),
            (XbrzCli, "--scale 2", "RGB"),
        ],
    )
    def test(cli: type[CommandLineInterface], args: str, input_filename: str):
        input_path = get_test_input_path(input_filename)
    
        with get_temp_file_path(".png") as output_path:
>           run_cli_with_args(cli, f"{args} {input_path} {output_path}")

image/cli/test_image_processors_cli.py:71: 
_ _ _ _ _ _ _ _ _ _ _ _ _ _ _ _ _ _ _ _ _ _ _ _ _ _ _ _ _ _ _ _ _ _ _ _ _ _ _ _ 
../pipescaler/common/testing.py:22: in run_cli_with_args
    cli.main()
../pipescaler/common/command_line_interface.py:124: in main
    cls._main(**kwargs)
../pipescaler/image/core/cli/image_processor_cli.py:55: in _main
    processor = processor_cls(**kwargs)
                ^^^^^^^^^^^^^^^^^^^^^^^
../pipescaler/image/operators/processors/waifu_processor.py:25: in __init__
    super().__init__(**kwargs)
../pipescaler/image/core/operators/processors/pytorch_image_processor.py:34: in __init__
    self.model = torch.load(self.model_input_path)
                 ^^^^^^^^^^^^^^^^^^^^^^^^^^^^^^^^^
_ _ _ _ _ _ _ _ _ _ _ _ _ _ _ _ _ _ _ _ _ _ _ _ _ _ _ _ _ _ _ _ _ _ _ _ _ _ _ _ 

f = PosixPath('/Users/karldebiec/Code/PipeScaler/test/data/models/WaifuUpConv7/a-2-3.pth')
map_location = None, pickle_module = None, weights_only = True, mmap = False
pickle_load_args = {'encoding': 'utf-8'}
_get_wo_message = <function load.<locals>._get_wo_message at 0x124cdac00>
weights_only_not_set = True, true_values = ['1', 'y', 'yes', 'true']
force_weights_only_load = False, force_no_weights_only_load = False

    def load(
        f: FileLike,
        map_location: MAP_LOCATION = None,
        pickle_module: Any = None,
        *,
        weights_only: bool | None = None,
        mmap: bool | None = None,
        **pickle_load_args: Any,
    ) -> Any:
        # Reference: https://github.com/pytorch/pytorch/issues/54354
        # The first line of this docstring overrides the one Sphinx generates for the
        # documentation. We need it so that Sphinx doesn't leak `pickle`s path from
        # the build environment (e.g. `<module 'pickle' from '/leaked/path').
    
        """load(f, map_location=None, pickle_module=pickle, *, weights_only=True, mmap=None, **pickle_load_args)
    
        Loads an object saved with :func:`torch.save` from a file.
    
        .. warning::
            :func:`torch.load()` uses an unpickler under the hood. **Never load data from an untrusted source.**
    
            See :ref:`weights-only-security` for more details.
    
        :func:`torch.load` uses Python's unpickling facilities but treats storages,
        which underlie tensors, specially. They are first deserialized on the
        CPU and are then moved to the device they were saved from. If this fails
        (e.g. because the run time system doesn't have certain devices), an exception
        is raised. However, storages can be dynamically remapped to an alternative
        set of devices using the :attr:`map_location` argument.
    
        If :attr:`map_location` is a callable, it will be called once for each serialized
        storage with two arguments: storage and location. The storage argument
        will be the initial deserialization of the storage, residing on the CPU.
        Each serialized storage has a location tag associated with it which
        identifies the device it was saved from, and this tag is the second
        argument passed to :attr:`map_location`. The builtin location tags are ``'cpu'``
        for CPU tensors and ``'cuda:device_id'`` (e.g. ``'cuda:2'``) for CUDA tensors.
        :attr:`map_location` should return either ``None`` or a storage. If
        :attr:`map_location` returns a storage, it will be used as the final deserialized
        object, already moved to the right device. Otherwise, :func:`torch.load` will
        fall back to the default behavior, as if :attr:`map_location` wasn't specified.
    
        If :attr:`map_location` is a :class:`torch.device` object or a string containing
        a device tag, it indicates the location where all tensors should be loaded.
    
        Otherwise, if :attr:`map_location` is a dict, it will be used to remap location tags
        appearing in the file (keys), to ones that specify where to put the
        storages (values).
    
        User extensions can register their own location tags and tagging and
        deserialization methods using :func:`torch.serialization.register_package`.
    
        See :ref:`layout-control` for more advanced tools to manipulate a checkpoint.
    
        Args:
            f: a file-like object (has to implement :meth:`read`, :meth:`readline`, :meth:`tell`, and :meth:`seek`),
                or a string or os.PathLike object containing a file name
            map_location: a function, :class:`torch.device`, string or a dict specifying how to remap storage
                locations
            pickle_module: module used for unpickling metadata and objects (has to
                match the :attr:`pickle_module` used to serialize file)
            weights_only: Indicates whether unpickler should be restricted to
                loading only tensors, primitive types, dictionaries
                and any types added via :func:`torch.serialization.add_safe_globals`.
                See :ref:`weights-only` for more details.
            mmap: Indicates whether the file should be mapped rather than loading all the storages into memory.
                Typically, tensor storages in the file will first be moved from disk to CPU memory, after which they
                are moved to the location that they were tagged with when saving, or specified by ``map_location``. This
                second step is a no-op if the final location is CPU. When the ``mmap`` flag is set, instead of copying the
                tensor storages from disk to CPU memory in the first step, ``f`` is mapped, which means tensor storages
                will be lazily loaded when their data is accessed.
            pickle_load_args: (Python 3 only) optional keyword arguments passed over to
                :func:`pickle_module.load` and :func:`pickle_module.Unpickler`, e.g.,
                :attr:`errors=...`.
    
        .. note::
            When you call :func:`torch.load()` on a file which contains GPU tensors, those tensors
            will be loaded to GPU by default. You can call ``torch.load(.., map_location='cpu')``
            and then :meth:`load_state_dict` to avoid GPU RAM surge when loading a model checkpoint.
    
        .. note::
            By default, we decode byte strings as ``utf-8``.  This is to avoid a common error
            case ``UnicodeDecodeError: 'ascii' codec can't decode byte 0x...``
            when loading files saved by Python 2 in Python 3.  If this default
            is incorrect, you may use an extra :attr:`encoding` keyword argument to specify how
            these objects should be loaded, e.g., :attr:`encoding='latin1'` decodes them
            to strings using ``latin1`` encoding, and :attr:`encoding='bytes'` keeps them
            as byte arrays which can be decoded later with ``byte_array.decode(...)``.
    
        Example:
            >>> # xdoctest: +SKIP("undefined filepaths")
            >>> torch.load("tensors.pt", weights_only=True)
            # Load all tensors onto the CPU
            >>> torch.load(
            ...     "tensors.pt",
            ...     map_location=torch.device("cpu"),
            ...     weights_only=True,
            ... )
            # Load all tensors onto the CPU, using a function
            >>> torch.load(
            ...     "tensors.pt",
            ...     map_location=lambda storage, loc: storage,
            ...     weights_only=True,
            ... )
            # Load all tensors onto GPU 1
            >>> torch.load(
            ...     "tensors.pt",
            ...     map_location=lambda storage, loc: storage.cuda(1),  # type: ignore[attr-defined]
            ...     weights_only=True,
            ... )  # type: ignore[attr-defined]
            # Map tensors from GPU 1 to GPU 0
            >>> torch.load(
            ...     "tensors.pt",
            ...     map_location={"cuda:1": "cuda:0"},
            ...     weights_only=True,
            ... )
            # Load tensor from io.BytesIO object
            # Loading from a buffer setting weights_only=False, warning this can be unsafe
            >>> with open("tensor.pt", "rb") as f:
            ...     buffer = io.BytesIO(f.read())
            >>> torch.load(buffer, weights_only=False)
            # Load a module with 'ascii' encoding for unpickling
            # Loading from a module setting weights_only=False, warning this can be unsafe
            >>> torch.load("module.pt", encoding="ascii", weights_only=False)
        """
        torch._C._log_api_usage_once("torch.load")
        DOCS_MESSAGE = (
            "\n\nCheck the documentation of torch.load to learn more about types accepted by default with "
            "weights_only https://pytorch.org/docs/stable/generated/torch.load.html."
        )
    
        def _get_wo_message(message: str) -> str:
            unsafe_global_pattern = r"GLOBAL (\S+) was not an allowed global by default."
            has_unsafe_global = re.search(unsafe_global_pattern, message) is not None
            blocklist_pattern = r"whose module (\S+) is blocked"
            has_blocklist = re.search(blocklist_pattern, message) is not None
            import_pattern = r"(\S+) must be (\S+) to load"
            has_import = re.search(import_pattern, message) is not None
            if has_unsafe_global:
                updated_message = (
                    "Weights only load failed. This file can still be loaded, to do so you have two options, "
                    "\033[1mdo those steps only if you trust the source of the checkpoint\033[0m. "
                    f"\n\t(1) {UNSAFE_MESSAGE}\n\t(2) Alternatively, to load with `weights_only=True` please check "
                    "the recommended steps in the following error message.\n\tWeightsUnpickler error: "
                    + message
                )
            else:
                if has_import:
                    return f"Weights only load failed. {message}\n {UNSAFE_MESSAGE}\n"
                else:
                    updated_message = f"Weights only load failed. {UNSAFE_MESSAGE}\n"
                    if not has_blocklist:
                        updated_message += (
                            "Please file an issue with the following so that we can make "
                            "`weights_only=True` compatible with your use case: WeightsUnpickler error: "
                        )
                updated_message += "\n\n" + message
            return updated_message + DOCS_MESSAGE
    
        weights_only_not_set = weights_only is None
    
        if weights_only_not_set:
            weights_only = _default_to_weights_only(pickle_module)
    
        true_values = ["1", "y", "yes", "true"]
        # Add ability to force safe only or non-safe weight loads via environment variables
        force_weights_only_load = (
            os.getenv("TORCH_FORCE_WEIGHTS_ONLY_LOAD", "0") in true_values
        )
        force_no_weights_only_load = (
            os.getenv("TORCH_FORCE_NO_WEIGHTS_ONLY_LOAD", "0") in true_values
        )
    
        if force_weights_only_load and force_no_weights_only_load:
            raise RuntimeError(
                "Only one of `TORCH_FORCE_WEIGHTS_ONLY_LOAD` or `TORCH_FORCE_NO_WEIGHTS_ONLY_LOAD` "
                "should be set, but both were set."
            )
        elif force_weights_only_load:
            weights_only = True
        elif force_no_weights_only_load:
            # TORCH_FORCE_NO_WEIGHTS_ONLY_LOAD can only override if callsite did not explicitly set weights_only
            if weights_only_not_set:
                warnings.warn(
                    "Environment variable TORCH_FORCE_NO_WEIGHTS_ONLY_LOAD detected, since the"
                    "`weights_only` argument was not explicitly passed to `torch.load`, forcing weights_only=False.",
                    UserWarning,
                    stacklevel=2,
                )
                weights_only = False
    
        if weights_only:
            if pickle_module is not None:
                raise RuntimeError(
                    "Can not safely load weights when explicit pickle_module is specified"
                )
        else:
            if pickle_module is None:
                pickle_module = pickle
    
        # make flipping default BC-compatible
        if mmap is None:
            from torch.utils.serialization import config
    
            mmap = config.load.mmap
    
        _check_dill_version(pickle_module)
    
        if "encoding" not in pickle_load_args:
            pickle_load_args["encoding"] = "utf-8"
    
        with _open_file_like(f, "rb") as opened_file:
            if _is_zipfile(opened_file):
                # The zipfile reader is going to advance the current file position.
                # If we want to actually tail call to torch.jit.load, we need to
                # reset back to the original position.
                orig_position = opened_file.tell()
                overall_storage = None
                with _open_zipfile_reader(opened_file) as opened_zipfile:
                    if _is_torchscript_zip(opened_zipfile):
                        warnings.warn(
                            "'torch.load' received a zip file that looks like a TorchScript archive"
                            " dispatching to 'torch.jit.load' (call 'torch.jit.load' directly to"
                            " silence this warning)",
                            UserWarning,
                            stacklevel=2,
                        )
                        if weights_only:
                            raise RuntimeError(
                                "Cannot use ``weights_only=True`` with TorchScript archives passed to "
                                "``torch.load``. " + UNSAFE_MESSAGE
                            )
                        opened_file.seek(orig_position)
                        return torch.jit.load(opened_file, map_location=map_location)
                    if mmap:
                        if not _is_path(f):
                            raise ValueError(
                                "f must be a file path in order to use the mmap argument"
                            )
                        size = os.path.getsize(f)
                        if not IS_WINDOWS:
                            shared = get_default_mmap_options() == MAP_SHARED
                        else:
                            shared = False
                        overall_storage = torch.UntypedStorage.from_file(
                            os.fspath(f),
                            shared,
                            size,
                        )
                    if weights_only:
                        try:
                            return _load(
                                opened_zipfile,
                                map_location,
                                _weights_only_unpickler,
                                overall_storage=overall_storage,
                                **pickle_load_args,
                            )
                        except pickle.UnpicklingError as e:
>                           raise pickle.UnpicklingError(_get_wo_message(str(e))) from None
E                           _pickle.UnpicklingError: Weights only load failed. This file can still be loaded, to do so you have two options, [1mdo those steps only if you trust the source of the checkpoint[0m. 
E                           	(1) In PyTorch 2.6, we changed the default value of the `weights_only` argument in `torch.load` from `False` to `True`. Re-running `torch.load` with `weights_only` set to `False` will likely succeed, but it can result in arbitrary code execution. Do it only if you got the file from a trusted source.
E                           	(2) Alternatively, to load with `weights_only=True` please check the recommended steps in the following error message.
E                           	WeightsUnpickler error: Unsupported global: GLOBAL pipescaler.image.models.waifu_upconv7.WaifuUpConv7 was not an allowed global by default. Please use `torch.serialization.add_safe_globals([pipescaler.image.models.waifu_upconv7.WaifuUpConv7])` or the `torch.serialization.safe_globals([pipescaler.image.models.waifu_upconv7.WaifuUpConv7])` context manager to allowlist this global if you trust this class/function.
E                           
E                           Check the documentation of torch.load to learn more about types accepted by default with weights_only https://pytorch.org/docs/stable/generated/torch.load.html.

../.venv/lib/python3.13/site-packages/torch/serialization.py:1548: UnpicklingError
_______________ test[EsrganSerializerCli--ESRGAN/1x_BC1-smooth2] _______________

cli = <class 'pipescaler.image.cli.utilities.esrgan_serializer_cli.EsrganSerializerCli'>
args = '', input_filename = 'ESRGAN/1x_BC1-smooth2'

    @pytest.mark.parametrize(
        ("cli", "args", "input_filename"),
        [
            skip_if_codex(skip_if_ci())(
                EsrganSerializerCli,
                "",
                "ESRGAN/1x_BC1-smooth2",
            ),
            skip_if_codex(skip_if_ci())(
                WaifuSerializerCli,
                "upconv7",
                "WaifuUpConv7/a-2-1.json",
            ),
        ],
    )
    def test(cli: type[CommandLineInterface], args: str, input_filename: str):
        input_path = get_test_model_path(input_filename)
    
        with get_temp_file_path(".pth") as output_path:
>           run_cli_with_args(cli, f"{args} {input_path} {output_path}")

image/cli/test_image_utilities_cli.py:42: 
_ _ _ _ _ _ _ _ _ _ _ _ _ _ _ _ _ _ _ _ _ _ _ _ _ _ _ _ _ _ _ _ _ _ _ _ _ _ _ _ 
../pipescaler/common/testing.py:22: in run_cli_with_args
    cli.main()
../pipescaler/common/command_line_interface.py:124: in main
    cls._main(**kwargs)
_ _ _ _ _ _ _ _ _ _ _ _ _ _ _ _ _ _ _ _ _ _ _ _ _ _ _ _ _ _ _ _ _ _ _ _ _ _ _ _ 

cls = <class 'pipescaler.image.cli.utilities.esrgan_serializer_cli.EsrganSerializerCli'>
kwargs = {'input_file': PosixPath('/Users/karldebiec/Code/PipeScaler/test/data/models/ESRGAN/1x_BC1-smooth2.pth'), 'output_file': PosixPath('/private/var/folders/yr/7d1lnfxx2dg2pzm1jf85r4d40000gn/T/tmpkatk7gql.pth')}
utility_cls = <class 'pipescaler.image.utilities.esrgan_serializer.EsrganSerializer'>

    @classmethod
    def _main(cls, **kwargs: Any):
        """Execute with provided keyword arguments.
    
        May be overridden to distribute keyword arguments between initialization of the
        utility and the call to its run method.
    
        Arguments:
            **kwargs: Keyword arguments
        """
        utility_cls = cls.utility()
>       utility_cls.run(**kwargs)
E       TypeError: EsrganSerializer.run() got an unexpected keyword argument 'input_file'

../pipescaler/core/cli/utility_cli.py:39: TypeError
___________ test[WaifuSerializerCli-upconv7-WaifuUpConv7/a-2-1.json] ___________

cli = <class 'pipescaler.image.cli.utilities.waifu_serializer_cli.WaifuSerializerCli'>
args = 'upconv7', input_filename = 'WaifuUpConv7/a-2-1.json'

    @pytest.mark.parametrize(
        ("cli", "args", "input_filename"),
        [
            skip_if_codex(skip_if_ci())(
                EsrganSerializerCli,
                "",
                "ESRGAN/1x_BC1-smooth2",
            ),
            skip_if_codex(skip_if_ci())(
                WaifuSerializerCli,
                "upconv7",
                "WaifuUpConv7/a-2-1.json",
            ),
        ],
    )
    def test(cli: type[CommandLineInterface], args: str, input_filename: str):
        input_path = get_test_model_path(input_filename)
    
        with get_temp_file_path(".pth") as output_path:
>           run_cli_with_args(cli, f"{args} {input_path} {output_path}")

image/cli/test_image_utilities_cli.py:42: 
_ _ _ _ _ _ _ _ _ _ _ _ _ _ _ _ _ _ _ _ _ _ _ _ _ _ _ _ _ _ _ _ _ _ _ _ _ _ _ _ 
../pipescaler/common/testing.py:22: in run_cli_with_args
    cli.main()
../pipescaler/common/command_line_interface.py:124: in main
    cls._main(**kwargs)
_ _ _ _ _ _ _ _ _ _ _ _ _ _ _ _ _ _ _ _ _ _ _ _ _ _ _ _ _ _ _ _ _ _ _ _ _ _ _ _ 

cls = <class 'pipescaler.image.cli.utilities.waifu_serializer_cli.WaifuSerializerCli'>
kwargs = {'architecture': 'upconv7', 'input_file': PosixPath('/Users/karldebiec/Code/PipeScaler/test/data/models/WaifuUpConv7/a-2-1.json'), 'output_file': PosixPath('/private/var/folders/yr/7d1lnfxx2dg2pzm1jf85r4d40000gn/T/tmplv1wvhho.pth')}
utility_cls = <class 'pipescaler.image.utilities.waifu_serializer.WaifuSerializer'>

    @classmethod
    def _main(cls, **kwargs: Any):
        """Execute with provided keyword arguments.
    
        May be overridden to distribute keyword arguments between initialization of the
        utility and the call to its run method.
    
        Arguments:
            **kwargs: Keyword arguments
        """
        utility_cls = cls.utility()
>       utility_cls.run(**kwargs)
E       TypeError: WaifuSerializer.run() got an unexpected keyword argument 'input_file'

../pipescaler/core/cli/utility_cli.py:39: TypeError
_____________________ test[RGB-ESRGAN/1x_BC1-smooth2_out0] _____________________

input_filename = 'RGB', model = 'ESRGAN/1x_BC1-smooth2_out'

    @pytest.mark.serial
    @pytest.mark.parametrize(
        ("input_filename", "model"),
        [
            skip_if_codex(skip_if_ci())("1", "ESRGAN/1x_BC1-smooth2"),
            skip_if_codex(skip_if_ci())("L", "ESRGAN/1x_BC1-smooth2"),
            skip_if_codex(skip_if_ci(xfail_unsupported_image_mode()))(
                "LA", "ESRGAN/1x_BC1-smooth2"
            ),
            skip_if_codex(skip_if_ci(xfail_unsupported_image_mode()))(
                "RGBA", "ESRGAN/1x_BC1-smooth2"
            ),
            skip_if_codex(skip_if_ci())("RGB", "ESRGAN/1x_BC1-smooth2"),
            skip_if_codex(skip_if_ci())("RGB", "ESRGAN/1x_BC1-smooth2_out"),
            skip_if_codex(skip_if_ci())("RGB", "ESRGAN/RRDB_ESRGAN_x4"),
            skip_if_codex(skip_if_ci())("RGB", "ESRGAN/RRDB_ESRGAN_x4_out"),
            skip_if_codex(skip_if_ci())("RGB", "ESRGAN/1x_BC1-smooth2_out"),
            skip_if_codex(skip_if_ci())("RGB", "ESRGAN/RRDB_ESRGAN_x4_old_arch"),
            skip_if_codex(skip_if_ci())("RGB", "ESRGAN/RRDB_ESRGAN_x4_old_arch_out"),
            skip_if_codex(skip_if_ci())("PL", "ESRGAN/1x_BC1-smooth2"),
            skip_if_codex(skip_if_ci(xfail_unsupported_image_mode()))(
                "PLA", "ESRGAN/1x_BC1-smooth2"
            ),
            skip_if_codex(skip_if_ci())("PRGB", "ESRGAN/1x_BC1-smooth2"),
            skip_if_codex(skip_if_ci(xfail_unsupported_image_mode()))(
                "PRGBA", "ESRGAN/1x_BC1-smooth2"
            ),
        ],
    )
    def test(input_filename: str, model: str):
>       processor = EsrganProcessor(model_input_path=get_test_model_path(model))
                                                     ^^^^^^^^^^^^^^^^^^^^^^^^^^

image/operators/processors/test_esrgan_processor.py:47: 
_ _ _ _ _ _ _ _ _ _ _ _ _ _ _ _ _ _ _ _ _ _ _ _ _ _ _ _ _ _ _ _ _ _ _ _ _ _ _ _ 

name = 'ESRGAN/1x_BC1-smooth2_out'

    def get_test_model_path(name: str) -> Path:
        """Get full path of model within test data directory.
    
        Arguments:
            name: Name of model
        Returns:
            Full path to model
        """
        path = Path(name)
        if str(path.parent) == ".":
            path = Path("WaifuUpConv7") / path
        if path.suffix == "":
            path = path.with_suffix(".pth")
        path = package_root.parent / "test" / "data" / "models" / path
        if getenv("CI") is None and not path.exists():
>           raise FileNotFoundError()
E           FileNotFoundError

../pipescaler/testing/file.py:51: FileNotFoundError
_____________________ test[RGB-ESRGAN/RRDB_ESRGAN_x4_out] ______________________

input_filename = 'RGB', model = 'ESRGAN/RRDB_ESRGAN_x4_out'

    @pytest.mark.serial
    @pytest.mark.parametrize(
        ("input_filename", "model"),
        [
            skip_if_codex(skip_if_ci())("1", "ESRGAN/1x_BC1-smooth2"),
            skip_if_codex(skip_if_ci())("L", "ESRGAN/1x_BC1-smooth2"),
            skip_if_codex(skip_if_ci(xfail_unsupported_image_mode()))(
                "LA", "ESRGAN/1x_BC1-smooth2"
            ),
            skip_if_codex(skip_if_ci(xfail_unsupported_image_mode()))(
                "RGBA", "ESRGAN/1x_BC1-smooth2"
            ),
            skip_if_codex(skip_if_ci())("RGB", "ESRGAN/1x_BC1-smooth2"),
            skip_if_codex(skip_if_ci())("RGB", "ESRGAN/1x_BC1-smooth2_out"),
            skip_if_codex(skip_if_ci())("RGB", "ESRGAN/RRDB_ESRGAN_x4"),
            skip_if_codex(skip_if_ci())("RGB", "ESRGAN/RRDB_ESRGAN_x4_out"),
            skip_if_codex(skip_if_ci())("RGB", "ESRGAN/1x_BC1-smooth2_out"),
            skip_if_codex(skip_if_ci())("RGB", "ESRGAN/RRDB_ESRGAN_x4_old_arch"),
            skip_if_codex(skip_if_ci())("RGB", "ESRGAN/RRDB_ESRGAN_x4_old_arch_out"),
            skip_if_codex(skip_if_ci())("PL", "ESRGAN/1x_BC1-smooth2"),
            skip_if_codex(skip_if_ci(xfail_unsupported_image_mode()))(
                "PLA", "ESRGAN/1x_BC1-smooth2"
            ),
            skip_if_codex(skip_if_ci())("PRGB", "ESRGAN/1x_BC1-smooth2"),
            skip_if_codex(skip_if_ci(xfail_unsupported_image_mode()))(
                "PRGBA", "ESRGAN/1x_BC1-smooth2"
            ),
        ],
    )
    def test(input_filename: str, model: str):
>       processor = EsrganProcessor(model_input_path=get_test_model_path(model))
                                                     ^^^^^^^^^^^^^^^^^^^^^^^^^^

image/operators/processors/test_esrgan_processor.py:47: 
_ _ _ _ _ _ _ _ _ _ _ _ _ _ _ _ _ _ _ _ _ _ _ _ _ _ _ _ _ _ _ _ _ _ _ _ _ _ _ _ 

name = 'ESRGAN/RRDB_ESRGAN_x4_out'

    def get_test_model_path(name: str) -> Path:
        """Get full path of model within test data directory.
    
        Arguments:
            name: Name of model
        Returns:
            Full path to model
        """
        path = Path(name)
        if str(path.parent) == ".":
            path = Path("WaifuUpConv7") / path
        if path.suffix == "":
            path = path.with_suffix(".pth")
        path = package_root.parent / "test" / "data" / "models" / path
        if getenv("CI") is None and not path.exists():
>           raise FileNotFoundError()
E           FileNotFoundError

../pipescaler/testing/file.py:51: FileNotFoundError
_____________________ test[RGB-ESRGAN/1x_BC1-smooth2_out1] _____________________

input_filename = 'RGB', model = 'ESRGAN/1x_BC1-smooth2_out'

    @pytest.mark.serial
    @pytest.mark.parametrize(
        ("input_filename", "model"),
        [
            skip_if_codex(skip_if_ci())("1", "ESRGAN/1x_BC1-smooth2"),
            skip_if_codex(skip_if_ci())("L", "ESRGAN/1x_BC1-smooth2"),
            skip_if_codex(skip_if_ci(xfail_unsupported_image_mode()))(
                "LA", "ESRGAN/1x_BC1-smooth2"
            ),
            skip_if_codex(skip_if_ci(xfail_unsupported_image_mode()))(
                "RGBA", "ESRGAN/1x_BC1-smooth2"
            ),
            skip_if_codex(skip_if_ci())("RGB", "ESRGAN/1x_BC1-smooth2"),
            skip_if_codex(skip_if_ci())("RGB", "ESRGAN/1x_BC1-smooth2_out"),
            skip_if_codex(skip_if_ci())("RGB", "ESRGAN/RRDB_ESRGAN_x4"),
            skip_if_codex(skip_if_ci())("RGB", "ESRGAN/RRDB_ESRGAN_x4_out"),
            skip_if_codex(skip_if_ci())("RGB", "ESRGAN/1x_BC1-smooth2_out"),
            skip_if_codex(skip_if_ci())("RGB", "ESRGAN/RRDB_ESRGAN_x4_old_arch"),
            skip_if_codex(skip_if_ci())("RGB", "ESRGAN/RRDB_ESRGAN_x4_old_arch_out"),
            skip_if_codex(skip_if_ci())("PL", "ESRGAN/1x_BC1-smooth2"),
            skip_if_codex(skip_if_ci(xfail_unsupported_image_mode()))(
                "PLA", "ESRGAN/1x_BC1-smooth2"
            ),
            skip_if_codex(skip_if_ci())("PRGB", "ESRGAN/1x_BC1-smooth2"),
            skip_if_codex(skip_if_ci(xfail_unsupported_image_mode()))(
                "PRGBA", "ESRGAN/1x_BC1-smooth2"
            ),
        ],
    )
    def test(input_filename: str, model: str):
>       processor = EsrganProcessor(model_input_path=get_test_model_path(model))
                                                     ^^^^^^^^^^^^^^^^^^^^^^^^^^

image/operators/processors/test_esrgan_processor.py:47: 
_ _ _ _ _ _ _ _ _ _ _ _ _ _ _ _ _ _ _ _ _ _ _ _ _ _ _ _ _ _ _ _ _ _ _ _ _ _ _ _ 

name = 'ESRGAN/1x_BC1-smooth2_out'

    def get_test_model_path(name: str) -> Path:
        """Get full path of model within test data directory.
    
        Arguments:
            name: Name of model
        Returns:
            Full path to model
        """
        path = Path(name)
        if str(path.parent) == ".":
            path = Path("WaifuUpConv7") / path
        if path.suffix == "":
            path = path.with_suffix(".pth")
        path = package_root.parent / "test" / "data" / "models" / path
        if getenv("CI") is None and not path.exists():
>           raise FileNotFoundError()
E           FileNotFoundError

../pipescaler/testing/file.py:51: FileNotFoundError
_________________ test[RGB-ESRGAN/RRDB_ESRGAN_x4_old_arch_out] _________________

input_filename = 'RGB', model = 'ESRGAN/RRDB_ESRGAN_x4_old_arch_out'

    @pytest.mark.serial
    @pytest.mark.parametrize(
        ("input_filename", "model"),
        [
            skip_if_codex(skip_if_ci())("1", "ESRGAN/1x_BC1-smooth2"),
            skip_if_codex(skip_if_ci())("L", "ESRGAN/1x_BC1-smooth2"),
            skip_if_codex(skip_if_ci(xfail_unsupported_image_mode()))(
                "LA", "ESRGAN/1x_BC1-smooth2"
            ),
            skip_if_codex(skip_if_ci(xfail_unsupported_image_mode()))(
                "RGBA", "ESRGAN/1x_BC1-smooth2"
            ),
            skip_if_codex(skip_if_ci())("RGB", "ESRGAN/1x_BC1-smooth2"),
            skip_if_codex(skip_if_ci())("RGB", "ESRGAN/1x_BC1-smooth2_out"),
            skip_if_codex(skip_if_ci())("RGB", "ESRGAN/RRDB_ESRGAN_x4"),
            skip_if_codex(skip_if_ci())("RGB", "ESRGAN/RRDB_ESRGAN_x4_out"),
            skip_if_codex(skip_if_ci())("RGB", "ESRGAN/1x_BC1-smooth2_out"),
            skip_if_codex(skip_if_ci())("RGB", "ESRGAN/RRDB_ESRGAN_x4_old_arch"),
            skip_if_codex(skip_if_ci())("RGB", "ESRGAN/RRDB_ESRGAN_x4_old_arch_out"),
            skip_if_codex(skip_if_ci())("PL", "ESRGAN/1x_BC1-smooth2"),
            skip_if_codex(skip_if_ci(xfail_unsupported_image_mode()))(
                "PLA", "ESRGAN/1x_BC1-smooth2"
            ),
            skip_if_codex(skip_if_ci())("PRGB", "ESRGAN/1x_BC1-smooth2"),
            skip_if_codex(skip_if_ci(xfail_unsupported_image_mode()))(
                "PRGBA", "ESRGAN/1x_BC1-smooth2"
            ),
        ],
    )
    def test(input_filename: str, model: str):
>       processor = EsrganProcessor(model_input_path=get_test_model_path(model))
                                                     ^^^^^^^^^^^^^^^^^^^^^^^^^^

image/operators/processors/test_esrgan_processor.py:47: 
_ _ _ _ _ _ _ _ _ _ _ _ _ _ _ _ _ _ _ _ _ _ _ _ _ _ _ _ _ _ _ _ _ _ _ _ _ _ _ _ 

name = 'ESRGAN/RRDB_ESRGAN_x4_old_arch_out'

    def get_test_model_path(name: str) -> Path:
        """Get full path of model within test data directory.
    
        Arguments:
            name: Name of model
        Returns:
            Full path to model
        """
        path = Path(name)
        if str(path.parent) == ".":
            path = Path("WaifuUpConv7") / path
        if path.suffix == "":
            path = path.with_suffix(".pth")
        path = package_root.parent / "test" / "data" / "models" / path
        if getenv("CI") is None and not path.exists():
>           raise FileNotFoundError()
E           FileNotFoundError

../pipescaler/testing/file.py:51: FileNotFoundError
__________________________ test[1-WaifuUpConv7/a-2-3] __________________________

input_filename = '1', model = 'WaifuUpConv7/a-2-3'

    @pytest.mark.serial
    @pytest.mark.parametrize(
        ("input_filename", "model"),
        [
            skip_if_codex(skip_if_ci(xfail_unsupported_image_mode()))(
                "1", "WaifuUpConv7/a-2-3"
            ),
            skip_if_codex(skip_if_ci())("L", "WaifuUpConv7/a-2-3"),
            skip_if_codex(skip_if_ci(xfail_unsupported_image_mode()))(
                "LA", "WaifuUpConv7/a-2-3"
            ),
            skip_if_codex(skip_if_ci())("RGB", "WaifuUpConv7/a-2-3"),
            skip_if_codex(skip_if_ci())("RGB", "WaifuVgg7/a-1-3"),
            skip_if_codex(skip_if_ci(xfail_unsupported_image_mode()))(
                "RGBA", "WaifuUpConv7/a-2-3"
            ),
        ],
    )
    def test(input_filename: str, model: str):
>       processor = WaifuProcessor(model_input_path=get_test_model_path(model))
                    ^^^^^^^^^^^^^^^^^^^^^^^^^^^^^^^^^^^^^^^^^^^^^^^^^^^^^^^^^^^

image/operators/processors/test_waifu_processor.py:36: 
_ _ _ _ _ _ _ _ _ _ _ _ _ _ _ _ _ _ _ _ _ _ _ _ _ _ _ _ _ _ _ _ _ _ _ _ _ _ _ _ 
../pipescaler/image/operators/processors/waifu_processor.py:25: in __init__
    super().__init__(**kwargs)
../pipescaler/image/core/operators/processors/pytorch_image_processor.py:34: in __init__
    self.model = torch.load(self.model_input_path)
                 ^^^^^^^^^^^^^^^^^^^^^^^^^^^^^^^^^
_ _ _ _ _ _ _ _ _ _ _ _ _ _ _ _ _ _ _ _ _ _ _ _ _ _ _ _ _ _ _ _ _ _ _ _ _ _ _ _ 

f = PosixPath('/Users/karldebiec/Code/PipeScaler/test/data/models/WaifuUpConv7/a-2-3.pth')
map_location = None, pickle_module = None, weights_only = True, mmap = False
pickle_load_args = {'encoding': 'utf-8'}
_get_wo_message = <function load.<locals>._get_wo_message at 0x1256d18a0>
weights_only_not_set = True, true_values = ['1', 'y', 'yes', 'true']
force_weights_only_load = False, force_no_weights_only_load = False

    def load(
        f: FileLike,
        map_location: MAP_LOCATION = None,
        pickle_module: Any = None,
        *,
        weights_only: bool | None = None,
        mmap: bool | None = None,
        **pickle_load_args: Any,
    ) -> Any:
        # Reference: https://github.com/pytorch/pytorch/issues/54354
        # The first line of this docstring overrides the one Sphinx generates for the
        # documentation. We need it so that Sphinx doesn't leak `pickle`s path from
        # the build environment (e.g. `<module 'pickle' from '/leaked/path').
    
[...]
/Users/karldebiec/Code/PipeScaler/pipescaler/image/cli/processors/threshold_cli.py                                   17      1    94%
/Users/karldebiec/Code/PipeScaler/pipescaler/image/cli/processors/waifu_cli.py                                       17      1    94%
/Users/karldebiec/Code/PipeScaler/pipescaler/image/cli/processors/xbrz_cli.py                                        16      1    94%
/Users/karldebiec/Code/PipeScaler/pipescaler/image/cli/splitters/__init__.py                                          3      0   100%
/Users/karldebiec/Code/PipeScaler/pipescaler/image/cli/splitters/alpha_splitter_cli.py                               33      1    97%
/Users/karldebiec/Code/PipeScaler/pipescaler/image/cli/utilities/__init__.py                                          4      0   100%
/Users/karldebiec/Code/PipeScaler/pipescaler/image/cli/utilities/esrgan_serializer_cli.py                            17      1    94%
/Users/karldebiec/Code/PipeScaler/pipescaler/image/cli/utilities/waifu_serializer_cli.py                             18      1    94%
/Users/karldebiec/Code/PipeScaler/pipescaler/image/core/__init__.py                                                   5      0   100%
/Users/karldebiec/Code/PipeScaler/pipescaler/image/core/analytics/__init__.py                                         1      0   100%
/Users/karldebiec/Code/PipeScaler/pipescaler/image/core/analytics/hashing.py                                         35      6    83%
/Users/karldebiec/Code/PipeScaler/pipescaler/image/core/analytics/typing.py                                          10      0   100%
/Users/karldebiec/Code/PipeScaler/pipescaler/image/core/cli/__init__.py                                               5      0   100%
/Users/karldebiec/Code/PipeScaler/pipescaler/image/core/cli/image_merger_cli.py                                      16      1    94%
/Users/karldebiec/Code/PipeScaler/pipescaler/image/core/cli/image_processor_cli.py                                   36      1    97%
/Users/karldebiec/Code/PipeScaler/pipescaler/image/core/cli/image_splitter_cli.py                                    22      1    95%
/Users/karldebiec/Code/PipeScaler/pipescaler/image/core/enums.py                                                     11      0   100%
/Users/karldebiec/Code/PipeScaler/pipescaler/image/core/exceptions.py                                                 2      0   100%
/Users/karldebiec/Code/PipeScaler/pipescaler/image/core/functions.py                                                126     37    71%
/Users/karldebiec/Code/PipeScaler/pipescaler/image/core/image_operator.py                                            23      6    74%
/Users/karldebiec/Code/PipeScaler/pipescaler/image/core/numba.py                                                     12      5    58%
/Users/karldebiec/Code/PipeScaler/pipescaler/image/core/operators/__init__.py                                         5      0   100%
/Users/karldebiec/Code/PipeScaler/pipescaler/image/core/operators/image_merger.py                                     8      1    88%
/Users/karldebiec/Code/PipeScaler/pipescaler/image/core/operators/image_processor.py                                  8      1    88%
/Users/karldebiec/Code/PipeScaler/pipescaler/image/core/operators/image_splitter.py                                   8      1    88%
/Users/karldebiec/Code/PipeScaler/pipescaler/image/core/operators/processors/__init__.py                              3      0   100%
/Users/karldebiec/Code/PipeScaler/pipescaler/image/core/operators/processors/pytorch_image_processor.py              49      4    92%
/Users/karldebiec/Code/PipeScaler/pipescaler/image/core/pipelines/__init__.py                                         8      0   100%
/Users/karldebiec/Code/PipeScaler/pipescaler/image/core/pipelines/image_operator_segment.py                          15      4    73%
/Users/karldebiec/Code/PipeScaler/pipescaler/image/core/pipelines/image_segment.py                                    5      0   100%
/Users/karldebiec/Code/PipeScaler/pipescaler/image/core/pipelines/image_sorter.py                                     5      0   100%
/Users/karldebiec/Code/PipeScaler/pipescaler/image/core/pipelines/image_source.py                                     5      0   100%
/Users/karldebiec/Code/PipeScaler/pipescaler/image/core/pipelines/image_terminus.py                                   5      0   100%
/Users/karldebiec/Code/PipeScaler/pipescaler/image/core/pipelines/pipe_image.py                                      37      8    78%
/Users/karldebiec/Code/PipeScaler/pipescaler/image/core/pipelines/typing.py                                           5      5     0%
/Users/karldebiec/Code/PipeScaler/pipescaler/image/core/sorting.py                                                   39     31    21%
/Users/karldebiec/Code/PipeScaler/pipescaler/image/core/typing.py                                                     4      0   100%
/Users/karldebiec/Code/PipeScaler/pipescaler/image/core/validation.py                                                20      1    95%
/Users/karldebiec/Code/PipeScaler/pipescaler/image/models/__init__.py                                                 4      0   100%
/Users/karldebiec/Code/PipeScaler/pipescaler/image/models/esrgan/__init__.py                                          5      0   100%
/Users/karldebiec/Code/PipeScaler/pipescaler/image/models/esrgan/esrgan.py                                           19      0   100%
/Users/karldebiec/Code/PipeScaler/pipescaler/image/models/esrgan/esrgan_1x.py                                        13      1    92%
/Users/karldebiec/Code/PipeScaler/pipescaler/image/models/esrgan/esrgan_4x.py                                        23      1    96%
/Users/karldebiec/Code/PipeScaler/pipescaler/image/models/esrgan/residual_dense_block.py                             19      0   100%
/Users/karldebiec/Code/PipeScaler/pipescaler/image/models/esrgan/residual_in_residual_dense_block.py                 15      0   100%
/Users/karldebiec/Code/PipeScaler/pipescaler/image/models/waifu_upconv7.py                                           11      1    91%
/Users/karldebiec/Code/PipeScaler/pipescaler/image/models/waifu_vgg7.py                                              11      1    91%
/Users/karldebiec/Code/PipeScaler/pipescaler/image/operators/__init__.py                                              1      0   100%
/Users/karldebiec/Code/PipeScaler/pipescaler/image/operators/mergers/__init__.py                                      6      0   100%
/Users/karldebiec/Code/PipeScaler/pipescaler/image/operators/mergers/alpha_merger.py                                 28      1    96%
/Users/karldebiec/Code/PipeScaler/pipescaler/image/operators/mergers/histogram_match_merger.py                       28      2    93%
/Users/karldebiec/Code/PipeScaler/pipescaler/image/operators/mergers/normal_merger.py                                30      1    97%
/Users/karldebiec/Code/PipeScaler/pipescaler/image/operators/mergers/palette_match_merger.py                         31      2    94%
/Users/karldebiec/Code/PipeScaler/pipescaler/image/operators/processors/__init__.py                                  15      0   100%
/Users/karldebiec/Code/PipeScaler/pipescaler/image/operators/processors/crop_processor.py                            25      3    88%
/Users/karldebiec/Code/PipeScaler/pipescaler/image/operators/processors/esrgan_processor.py                          29      7    76%
/Users/karldebiec/Code/PipeScaler/pipescaler/image/operators/processors/expand_processor.py                          23      2    91%
/Users/karldebiec/Code/PipeScaler/pipescaler/image/operators/processors/height_to_normal_processor.py                25      1    96%
/Users/karldebiec/Code/PipeScaler/pipescaler/image/operators/processors/mode_processor.py                            33      1    97%
/Users/karldebiec/Code/PipeScaler/pipescaler/image/operators/processors/potrace_processor.py                         47      5    89%
/Users/karldebiec/Code/PipeScaler/pipescaler/image/operators/processors/resize_processor.py                          43      3    93%
/Users/karldebiec/Code/PipeScaler/pipescaler/image/operators/processors/sharpen_processor.py                         29      1    97%
/Users/karldebiec/Code/PipeScaler/pipescaler/image/operators/processors/solid_color_processor.py                     30      2    93%
/Users/karldebiec/Code/PipeScaler/pipescaler/image/operators/processors/spandrel_processor.py                        63     18    71%
/Users/karldebiec/Code/PipeScaler/pipescaler/image/operators/processors/threshold_processor.py                       44      9    80%
/Users/karldebiec/Code/PipeScaler/pipescaler/image/operators/processors/waifu_processor.py                           20     10    50%
/Users/karldebiec/Code/PipeScaler/pipescaler/image/operators/processors/xbrz_processor.py                            33      2    94%
/Users/karldebiec/Code/PipeScaler/pipescaler/image/operators/splitters/__init__.py                                    4      0   100%
/Users/karldebiec/Code/PipeScaler/pipescaler/image/operators/splitters/alpha_splitter.py                             40      1    98%
/Users/karldebiec/Code/PipeScaler/pipescaler/image/operators/splitters/normal_splitter.py                            24      1    96%
/Users/karldebiec/Code/PipeScaler/pipescaler/image/pipelines/__init__.py                                              4      0   100%
/Users/karldebiec/Code/PipeScaler/pipescaler/image/pipelines/image_checkpoint_manager.py                             12      4    67%
/Users/karldebiec/Code/PipeScaler/pipescaler/image/pipelines/image_substituter.py                                    23     14    39%
/Users/karldebiec/Code/PipeScaler/pipescaler/image/pipelines/segments/__init__.py                                     7      0   100%
/Users/karldebiec/Code/PipeScaler/pipescaler/image/pipelines/segments/image_merger_segment.py                        13      7    46%
/Users/karldebiec/Code/PipeScaler/pipescaler/image/pipelines/segments/image_processor_segment.py                     13      7    46%
/Users/karldebiec/Code/PipeScaler/pipescaler/image/pipelines/segments/image_runner_segment.py                        28     19    32%
/Users/karldebiec/Code/PipeScaler/pipescaler/image/pipelines/segments/image_splitter_segment.py                      13      7    46%
/Users/karldebiec/Code/PipeScaler/pipescaler/image/pipelines/segments/post_checkpointed_image_runner_segment.py      32     21    34%
/Users/karldebiec/Code/PipeScaler/pipescaler/image/pipelines/sorters/__init__.py                                      8      0   100%
/Users/karldebiec/Code/PipeScaler/pipescaler/image/pipelines/sorters/alpha_sorter.py                                 24      2    92%
/Users/karldebiec/Code/PipeScaler/pipescaler/image/pipelines/sorters/grayscale_sorter.py                             28      3    89%
/Users/karldebiec/Code/PipeScaler/pipescaler/image/pipelines/sorters/mode_sorter.py                                  15      1    93%
/Users/karldebiec/Code/PipeScaler/pipescaler/image/pipelines/sorters/monochrome_sorter.py                            24      2    92%
/Users/karldebiec/Code/PipeScaler/pipescaler/image/pipelines/sorters/size_sorter.py                                  20      3    85%
/Users/karldebiec/Code/PipeScaler/pipescaler/image/pipelines/sorters/solid_color_sorter.py                           30      5    83%
/Users/karldebiec/Code/PipeScaler/pipescaler/image/pipelines/sources/__init__.py                                      4      0   100%
/Users/karldebiec/Code/PipeScaler/pipescaler/image/pipelines/sources/image_directory_source.py                       14      1    93%
/Users/karldebiec/Code/PipeScaler/pipescaler/image/pipelines/sources/image_video_frame_source.py                     32     22    31%
/Users/karldebiec/Code/PipeScaler/pipescaler/image/pipelines/termini/__init__.py                                      3      0   100%
/Users/karldebiec/Code/PipeScaler/pipescaler/image/pipelines/termini/image_directory_terminus.py                     39     14    64%
/Users/karldebiec/Code/PipeScaler/pipescaler/image/runners/__init__.py                                                5      0   100%
/Users/karldebiec/Code/PipeScaler/pipescaler/image/runners/pngquant_runner.py                                        28      2    93%
/Users/karldebiec/Code/PipeScaler/pipescaler/image/runners/potrace_runner.py                                         17      1    94%
/Users/karldebiec/Code/PipeScaler/pipescaler/image/runners/texconv_runner.py                                         29      4    86%
/Users/karldebiec/Code/PipeScaler/pipescaler/image/scaled_pair_identifier.py                                        143     62    57%
/Users/karldebiec/Code/PipeScaler/pipescaler/image/subdivided_image.py                                              105      3    97%
/Users/karldebiec/Code/PipeScaler/pipescaler/image/testing.py                                                        15      1    93%
/Users/karldebiec/Code/PipeScaler/pipescaler/image/utilities/__init__.py                                              7      0   100%
/Users/karldebiec/Code/PipeScaler/pipescaler/image/utilities/esrgan_serializer.py                                    72      2    97%
/Users/karldebiec/Code/PipeScaler/pipescaler/image/utilities/local_palette_matcher.py                                66     39    41%
/Users/karldebiec/Code/PipeScaler/pipescaler/image/utilities/mask_filler.py                                          54      0   100%
/Users/karldebiec/Code/PipeScaler/pipescaler/image/utilities/palette_matcher.py                                     103      9    91%
/Users/karldebiec/Code/PipeScaler/pipescaler/image/utilities/waifu_serializer.py                                     29      0   100%
/Users/karldebiec/Code/PipeScaler/pipescaler/pipelines/__init__.py                                                    3      0   100%
/Users/karldebiec/Code/PipeScaler/pipescaler/pipelines/checkpoint_manager.py                                         87      1    99%
/Users/karldebiec/Code/PipeScaler/pipescaler/pipelines/segments/__init__.py                                           4      0   100%
/Users/karldebiec/Code/PipeScaler/pipescaler/pipelines/segments/post_checkpointed_segment.py                         28      1    96%
/Users/karldebiec/Code/PipeScaler/pipescaler/pipelines/segments/pre_checkpointed_segment.py                          17      1    94%
/Users/karldebiec/Code/PipeScaler/pipescaler/pipelines/sorters/__init__.py                                            4      0   100%
/Users/karldebiec/Code/PipeScaler/pipescaler/pipelines/sorters/list_sorter.py                                        39      0   100%
/Users/karldebiec/Code/PipeScaler/pipescaler/pipelines/sorters/regex_sorter.py                                       19      0   100%
/Users/karldebiec/Code/PipeScaler/pipescaler/testing/__init__.py                                                      1      0   100%
/Users/karldebiec/Code/PipeScaler/pipescaler/testing/execution_counter.py                                            17     17     0%
/Users/karldebiec/Code/PipeScaler/pipescaler/testing/file.py                                                         31      4    87%
/Users/karldebiec/Code/PipeScaler/pipescaler/testing/fixture.py                                                       8      0   100%
/Users/karldebiec/Code/PipeScaler/pipescaler/testing/mark.py                                                         47     15    68%
/Users/karldebiec/Code/PipeScaler/pipescaler/video/__init__.py                                                        1      0   100%
/Users/karldebiec/Code/PipeScaler/pipescaler/video/core/__init__.py                                                   1      1     0%
/Users/karldebiec/Code/PipeScaler/pipescaler/video/core/pipelines/__init__.py                                         7      7     0%
/Users/karldebiec/Code/PipeScaler/pipescaler/video/core/pipelines/pipe_video.py                                      33     33     0%
/Users/karldebiec/Code/PipeScaler/pipescaler/video/core/pipelines/typing.py                                           5      5     0%
/Users/karldebiec/Code/PipeScaler/pipescaler/video/core/pipelines/video_segment.py                                    5      5     0%
/Users/karldebiec/Code/PipeScaler/pipescaler/video/core/pipelines/video_sorter.py                                     5      5     0%
/Users/karldebiec/Code/PipeScaler/pipescaler/video/core/pipelines/video_source.py                                     5      5     0%
/Users/karldebiec/Code/PipeScaler/pipescaler/video/core/pipelines/video_terminus.py                                   5      5     0%
/Users/karldebiec/Code/PipeScaler/pipescaler/video/pipelines/__init__.py                                              1      1     0%
/Users/karldebiec/Code/PipeScaler/pipescaler/video/pipelines/sorters/__init__.py                                      3      3     0%
/Users/karldebiec/Code/PipeScaler/pipescaler/video/pipelines/sorters/video_aspect_ratio_sorter.py                    26     26     0%
/Users/karldebiec/Code/PipeScaler/pipescaler/video/pipelines/sources/__init__.py                                      3      3     0%
/Users/karldebiec/Code/PipeScaler/pipescaler/video/pipelines/sources/video_directory_source.py                       14     14     0%
/Users/karldebiec/Code/PipeScaler/pipescaler/video/pipelines/termini/__init__.py                                      3      3     0%
/Users/karldebiec/Code/PipeScaler/pipescaler/video/pipelines/termini/video_directory_terminus.py                     28     28     0%
/Users/karldebiec/Code/PipeScaler/pipescaler/video/runners/__init__.py                                                4      0   100%
/Users/karldebiec/Code/PipeScaler/pipescaler/video/runners/apngasm_runner.py                                         18      1    94%
/Users/karldebiec/Code/PipeScaler/pipescaler/video/runners/topaz_video_ai_runner.py                                  33     11    67%
-------------------------------------------------------------------------------------------------------------------------------------
TOTAL                                                                                                              4569    943    79%
=========================== short test summary info ============================
FAILED image/cli/test_image_processors_cli.py::test[WaifuCli---model /Users/karldebiec/Code/PipeScaler/test/data/models/WaifuUpConv7/a-2-3.pth-RGB]
FAILED image/cli/test_image_utilities_cli.py::test[EsrganSerializerCli--ESRGAN/1x_BC1-smooth2]
FAILED image/cli/test_image_utilities_cli.py::test[WaifuSerializerCli-upconv7-WaifuUpConv7/a-2-1.json]
FAILED image/operators/processors/test_esrgan_processor.py::test[RGB-ESRGAN/1x_BC1-smooth2_out0]
FAILED image/operators/processors/test_esrgan_processor.py::test[RGB-ESRGAN/RRDB_ESRGAN_x4_out]
FAILED image/operators/processors/test_esrgan_processor.py::test[RGB-ESRGAN/1x_BC1-smooth2_out1]
FAILED image/operators/processors/test_esrgan_processor.py::test[RGB-ESRGAN/RRDB_ESRGAN_x4_old_arch_out]
FAILED image/operators/processors/test_waifu_processor.py::test[1-WaifuUpConv7/a-2-3]
FAILED image/operators/processors/test_waifu_processor.py::test[L-WaifuUpConv7/a-2-3]
FAILED image/operators/processors/test_waifu_processor.py::test[LA-WaifuUpConv7/a-2-3]
FAILED image/operators/processors/test_waifu_processor.py::test[RGB-WaifuUpConv7/a-2-3]
FAILED image/operators/processors/test_waifu_processor.py::test[RGB-WaifuVgg7/a-1-3]
FAILED image/operators/processors/test_waifu_processor.py::test[RGBA-WaifuUpConv7/a-2-3]
FAILED image/test_subdivided_image.py::test_subdivider[waifu_processor-RGB-2]
============ 14 failed, 342 passed, 83 xfailed, 1 warning in 27.67s ============
