============================= test session starts =============================
platform win32 -- Python 3.13.5, pytest-8.4.1, pluggy-1.6.0 -- C:\Users\karls\Code\OOT3DHDTextGenerator\.venv\Scripts\python.exe
cachedir: .pytest_cache
rootdir: C:\Users\karls\Code\OOT3DHDTextGenerator
configfile: pyproject.toml
plugins: cov-6.2.1, xdist-3.8.0
collecting ... collected 0 items / 1 error

=================================== ERRORS ====================================
______________________ ERROR collecting test/test_cli.py ______________________
ImportError while importing test module 'C:\Users\karls\Code\OOT3DHDTextGenerator\test\test_cli.py'.
Hint: make sure your test modules/packages have valid Python names.
Traceback:
..\..\..\AppData\Roaming\uv\python\cpython-3.13.5-windows-x86_64-none\Lib\importlib\__init__.py:88: in import_module
    return _bootstrap._gcd_import(name[level:], package, level)
           ^^^^^^^^^^^^^^^^^^^^^^^^^^^^^^^^^^^^^^^^^^^^^^^^^^^^
test_cli.py:14: in <module>
    from oot3dhdtextgenerator.cli import (
E   ModuleNotFoundError: No module named 'oot3dhdtextgenerator'
=========================== short test summary info ===========================
ERROR test_cli.py
!!!!!!!!!!!!!!!!!!! Interrupted: 1 error during collection !!!!!!!!!!!!!!!!!!!!
============================== 1 error in 0.29s ===============================
