============================= test session starts =============================
platform win32 -- Python 3.13.7, pytest-9.0.2, pluggy-1.6.0 -- C:\Users\karls\Code\Scinoephile\.venv\Scripts\python.exe
cachedir: .pytest_cache
rootdir: C:\Users\karls\Code\Scinoephile
configfile: pyproject.toml
plugins: anyio-4.12.0, asyncio-1.3.0, cov-7.0.0, xdist-3.8.0
asyncio: mode=Mode.AUTO, debug=False, asyncio_default_fixture_loop_scope=function, asyncio_default_test_loop_scope=function
created: 16/16 workers
16 workers [89 items]

scheduling tests via LoadScheduling

cli\test_cli.py::test_help[cli0] 
cli\test_process_cli.py::test_english[cli0-mnt/output/eng_fuse.srt---clean-mnt/output/eng_fuse_clean.srt] 
cli\test_process_cli.py::test_chinese[cli0-mnt/output/zho-Hans_fuse_clean_validate_proofread.srt---flatten-mnt/output/zho-Hans_fuse_clean_validate_proofread_flatten.srt] 
core\analysis\test_get_series_diff.py::test_get_series_diff_mlamd_zho_simplify 
core\analysis\test_get_series_diff.py::test_get_series_diff_t_zho_simplify 
cli\test_process_cli.py::test_bilingual[cli0-mlamd/output/zho-Hans_fuse_clean_validate_proofread_flatten.srt-mlamd/output/eng_fuse_clean_validate_proofread_flatten.srt---clean --flatten-mlamd/output/zho-Hans_eng.srt] 
core\pairs\test_get_block_pairs_by_pause.py::test_get_block_pairs_by_pause_mnt 
core\subtitles\test_series.py::test_series[kob/input/eng.srt] 
core\subtitles\test_series.py::test_series[kob/input/yue-Hant.srt] 
core\timing\test_get_series_timewarped.py::test_get_series_timewarped_kob 
core\subtitles\test_series.py::test_series[t/input/eng.srt] 
core\synchronization\test_get_synced_series.py::test_get_synced_series_mlamd 
image\subtitles\test_image_series.py::test_load_sup[mlamd_zho_hans_sup_path-932-expected_first_size1] 
image\subtitles\test_image_series.py::test_load_html[mlamd_eng_image_path-942-expected_first_size0] 
core\subtitles\test_series.py::test_series[t/input/zho-Hant.srt] 
image\subtitles\test_image_series.py::test_save_html[mlamd_eng_image_path-942] 
[gw0] [  1%] PASSED cli\test_cli.py::test_help[cli0] 
cli\test_cli.py::test_usage[cli0] 
[gw0] [  2%] PASSED cli\test_cli.py::test_usage[cli0] 
lang\cmn\test_get_cmn_romanized.py::test_get_mandarin_romanization_mnt 
[gw8] [  3%] PASSED core\subtitles\test_series.py::test_series[t/input/eng.srt] 
core\subtitles\test_series.py::test_series[t/input/zho-Hans.srt] 
[gw10] [  4%] PASSED core\subtitles\test_series.py::test_series[t/input/zho-Hant.srt] 
core\synchronization\test_get_synced_series.py::test_get_synced_series_kob 
[gw5] [  5%] PASSED core\analysis\test_get_series_diff.py::test_get_series_diff_mlamd_zho_simplify 
core\analysis\test_get_series_diff.py::test_get_series_diff_mnt_zho_simplify 
[gw7] [  6%] PASSED core\subtitles\test_series.py::test_series[kob/input/eng.srt] 
core\subtitles\test_series.py::test_series[kob/input/yue-Hans.srt] 
[gw9] [  7%] PASSED core\subtitles\test_series.py::test_series[kob/input/yue-Hant.srt] 
core\subtitles\test_series.py::test_series[mnt/input/zho-Hant.srt] 
[gw3] [  8%] PASSED core\analysis\test_get_series_diff.py::test_get_series_diff_t_zho_simplify 
core\pairs\test_get_block_pairs_by_pause.py::test_get_block_pairs_by_pause_kob 
[gw9] [ 10%] PASSED core\subtitles\test_series.py::test_series[mnt/input/zho-Hant.srt] 
lang\eng\test_get_eng_cleaned.py::test_get_eng_cleaned_t 
[gw6] [ 11%] PASSED core\pairs\test_get_block_pairs_by_pause.py::test_get_block_pairs_by_pause_mnt 
core\pairs\test_get_block_pairs_by_pause.py::test_get_block_pairs_by_pause_t 
[gw8] [ 12%] PASSED core\subtitles\test_series.py::test_series[t/input/zho-Hans.srt] 
lang\cmn\test_get_cmn_romanized.py::test_get_mandarin_text_romanization[\u4f60\u597d\u4e16\u754c-n\u01d0h\u01ceo sh\xecji\xe8] 
[gw7] [ 13%] PASSED core\subtitles\test_series.py::test_series[kob/input/yue-Hans.srt] 
lang\eng\test_get_eng_cleaned.py::test_get_eng_cleaned_mnt 
[gw2] [ 14%] PASSED cli\test_process_cli.py::test_chinese[cli0-mnt/output/zho-Hans_fuse_clean_validate_proofread.srt---flatten-mnt/output/zho-Hans_fuse_clean_validate_proofread_flatten.srt] 
cli\test_process_cli.py::test_chinese[cli1-mnt/output/zho-Hant_fuse_clean_validate_proofread_flatten.srt---convert-mnt/output/zho-Hant_fuse_clean_validate_proofread_flatten_simplify.srt] 
[gw5] [ 15%] PASSED core\analysis\test_get_series_diff.py::test_get_series_diff_mnt_zho_simplify 
lang\eng\test_get_eng_cleaned.py::test_get_eng_cleaned_mlamd 
[gw12] [ 16%] PASSED core\timing\test_get_series_timewarped.py::test_get_series_timewarped_kob 
image\subtitles\test_image_series.py::test_load_sup[mlamd_eng_sup_path-942-expected_first_size0] 
[gw1] [ 17%] PASSED cli\test_process_cli.py::test_english[cli0-mnt/output/eng_fuse.srt---clean-mnt/output/eng_fuse_clean.srt] 
cli\test_process_cli.py::test_english[cli1-mnt/output/eng_fuse_clean_validate_proofread.srt---flatten-mnt/output/eng_fuse_clean_validate_proofread_flatten.srt] 
[gw7] [ 19%] PASSED lang\eng\test_get_eng_cleaned.py::test_get_eng_cleaned_mnt 
lang\eng\test_get_eng_cleaned.py::test_get_eng_text_cleaned[[test\ntest]-None] 
[gw7] [ 20%] PASSED lang\eng\test_get_eng_cleaned.py::test_get_eng_text_cleaned[[test\ntest]-None] 
lang\eng\test_get_eng_cleaned.py::test_get_eng_text_cleaned[-[test]\\N-[test]-None] 
[gw7] [ 21%] PASSED lang\eng\test_get_eng_cleaned.py::test_get_eng_text_cleaned[-[test]\\N-[test]-None] 
lang\eng\test_get_eng_cleaned.py::test_get_eng_text_cleaned[-[test] \n-[test] -None] 
[gw7] [ 22%] PASSED lang\eng\test_get_eng_cleaned.py::test_get_eng_text_cleaned[-[test] \n-[test] -None] 
lang\eng\test_get_eng_cleaned.py::test_get_eng_text_cleaned[- [test]\n- [test]-None] 
[gw7] [ 23%] PASSED lang\eng\test_get_eng_cleaned.py::test_get_eng_text_cleaned[- [test]\n- [test]-None] 
lang\eng\test_get_eng_cleaned.py::test_get_eng_text_cleaned[{\\i1} abcd{\\i0}-{\\i1}abcd{\\i0}] 
[gw7] [ 24%] PASSED lang\eng\test_get_eng_cleaned.py::test_get_eng_text_cleaned[{\\i1} abcd{\\i0}-{\\i1}abcd{\\i0}] 
[gw5] [ 25%] PASSED lang\eng\test_get_eng_cleaned.py::test_get_eng_cleaned_mlamd 
lang\eng\test_get_eng_cleaned.py::test_get_eng_text_cleaned[abcd\ndefg [test]-abcd\ndefg] 
[gw5] [ 26%] PASSED lang\eng\test_get_eng_cleaned.py::test_get_eng_text_cleaned[abcd\ndefg [test]-abcd\ndefg] 
lang\eng\test_get_eng_flattened.py::test_get_eng_flattened_mnt 
lang\eng\test_get_eng_flattened.py::test_get_eng_flattened_kob 
[gw9] [ 28%] PASSED lang\eng\test_get_eng_cleaned.py::test_get_eng_cleaned_t 
lang\eng\test_get_eng_cleaned.py::test_get_eng_text_cleaned[[test] -None] 
[gw9] [ 29%] PASSED lang\eng\test_get_eng_cleaned.py::test_get_eng_text_cleaned[[test] -None] 
lang\eng\test_get_eng_flattened.py::test_get_eng_text_flattened[line 1\nline 2-line 1 line 2] 
[gw9] [ 30%] PASSED lang\eng\test_get_eng_flattened.py::test_get_eng_text_flattened[line 1\nline 2-line 1 line 2] 
lang\eng\test_get_eng_ocr_fused.py::test_get_eng_ocr_fused_kob 
[gw2] [ 31%] PASSED cli\test_process_cli.py::test_chinese[cli1-mnt/output/zho-Hant_fuse_clean_validate_proofread_flatten.srt---convert-mnt/output/zho-Hant_fuse_clean_validate_proofread_flatten_simplify.srt] 
lang\eng\test_get_eng_cleaned.py::test_get_eng_text_cleaned[abcd [test]-abcd] 
[gw2] [ 32%] PASSED lang\eng\test_get_eng_cleaned.py::test_get_eng_text_cleaned[abcd [test]-abcd] 
lang\eng\test_get_eng_ocr_fused.py::test_get_eng_ocr_fused_mnt 
[gw3] [ 33%] PASSED core\pairs\test_get_block_pairs_by_pause.py::test_get_block_pairs_by_pause_kob 
lang\eng\test_get_eng_cleaned.py::test_get_eng_text_cleaned[[test]-None] 
[gw3] [ 34%] PASSED lang\eng\test_get_eng_cleaned.py::test_get_eng_text_cleaned[[test]-None] 
lang\eng\test_get_eng_proofread.py::test_get_eng_proofread_kob 
[gw6] [ 35%] PASSED core\pairs\test_get_block_pairs_by_pause.py::test_get_block_pairs_by_pause_t 
lang\eng\test_get_eng_cleaned.py::test_get_eng_text_cleaned[[test] abcd-abcd] 
[gw6] [ 37%] PASSED lang\eng\test_get_eng_cleaned.py::test_get_eng_text_cleaned[[test] abcd-abcd] 
lang\eng\test_get_eng_proofread.py::test_get_eng_proofread_mnt 
[gw5] [ 38%] PASSED lang\eng\test_get_eng_flattened.py::test_get_eng_flattened_mnt 
lang\eng\test_get_eng_flattened.py::test_get_eng_flattened_t 
[gw14] [ 39%] PASSED image\subtitles\test_image_series.py::test_load_html[mlamd_eng_image_path-942-expected_first_size0] 
image\subtitles\test_image_series.py::test_load_html[mlamd_zho_hans_image_path-932-expected_first_size1] 
[gw1] [ 40%] PASSED cli\test_process_cli.py::test_english[cli1-mnt/output/eng_fuse_clean_validate_proofread.srt---flatten-mnt/output/eng_fuse_clean_validate_proofread_flatten.srt] 
lang\eng\test_get_eng_cleaned.py::test_get_eng_text_cleaned[-[test]\n-[test]-None] 
[gw1] [ 41%] PASSED lang\eng\test_get_eng_cleaned.py::test_get_eng_text_cleaned[-[test]\n-[test]-None] 
lang\zho\test_get_zho_cleaned.py::test_get_zho_cleaned_kob 
[gw7] [ 42%] PASSED lang\eng\test_get_eng_flattened.py::test_get_eng_flattened_kob 
lang\eng\test_get_eng_flattened.py::test_get_eng_flattened_mlamd 
[gw0] [ 43%] PASSED lang\cmn\test_get_cmn_romanized.py::test_get_mandarin_romanization_mnt 
lang\cmn\test_get_cmn_romanized.py::test_get_mandarin_romanization_t 
[gw8] [ 44%] PASSED lang\cmn\test_get_cmn_romanized.py::test_get_mandarin_text_romanization[\u4f60\u597d\u4e16\u754c-n\u01d0h\u01ceo sh\xecji\xe8] 
lang\eng\test_get_eng_cleaned.py::test_get_eng_text_cleaned[[test]\nabcd-abcd] 
[gw8] [ 46%] PASSED lang\eng\test_get_eng_cleaned.py::test_get_eng_text_cleaned[[test]\nabcd-abcd] 
lang\zho\test_get_zho_converted.py::test_get_zho_converted_kob 
[gw2] [ 47%] PASSED lang\eng\test_get_eng_ocr_fused.py::test_get_eng_ocr_fused_mnt 
lang\eng\test_get_eng_ocr_fused.py::test_get_eng_ocr_fused_t 
[gw7] [ 48%] PASSED lang\eng\test_get_eng_flattened.py::test_get_eng_flattened_mlamd 
lang\zho\test_get_zho_cleaned.py::test_get_zho_cleaned_mnt 
[gw5] [ 49%] PASSED lang\eng\test_get_eng_flattened.py::test_get_eng_flattened_t 
lang\yue\test_get_yue_romanized.py::test_get_yue_romanized_kob 
[gw1] [ 50%] PASSED lang\zho\test_get_zho_cleaned.py::test_get_zho_cleaned_kob 
lang\zho\test_get_zho_cleaned.py::test_get_zho_cleaned_mlamd 
[gw8] [ 51%] PASSED lang\zho\test_get_zho_converted.py::test_get_zho_converted_kob 
lang\zho\test_get_zho_converted.py::test_get_zho_converter[\u7e41\u9ad4\u4e2d\u6587-t2s-\u7e41\u4f53\u4e2d\u6587] 
[gw8] [ 52%] PASSED lang\zho\test_get_zho_converted.py::test_get_zho_converter[\u7e41\u9ad4\u4e2d\u6587-t2s-\u7e41\u4f53\u4e2d\u6587] 
lang\zho\test_get_zho_flattened.py::test_get_zho_flattened_t 
[gw7] [ 53%] PASSED lang\zho\test_get_zho_cleaned.py::test_get_zho_cleaned_mnt 
lang\zho\test_get_zho_flattened.py::test_get_zho_flattened_kob 
[gw9] [ 55%] PASSED lang\eng\test_get_eng_ocr_fused.py::test_get_eng_ocr_fused_kob 
[gw0] [ 56%] PASSED lang\cmn\test_get_cmn_romanized.py::test_get_mandarin_romanization_t 
lang\eng\test_get_eng_ocr_fused.py::test_get_eng_ocr_fused_mlamd 
lang\zho\test_get_zho_cleaned.py::test_get_zho_cleaned_t 
[gw5] [ 57%] PASSED lang\yue\test_get_yue_romanized.py::test_get_yue_romanized_kob 
lang\zho\test_get_zho_flattened.py::test_get_zho_flattened_mlamd 
[gw2] [ 58%] PASSED lang\eng\test_get_eng_ocr_fused.py::test_get_eng_ocr_fused_t 
lang\zho\test_get_zho_converted.py::test_get_zho_converter[\u7b80\u4f53\u4e2d\u6587-s2t-\u7c21\u9ad4\u4e2d\u6587] 
[gw2] [ 59%] PASSED lang\zho\test_get_zho_converted.py::test_get_zho_converter[\u7b80\u4f53\u4e2d\u6587-s2t-\u7c21\u9ad4\u4e2d\u6587] 
lang\zho\test_get_zho_proofread.py::test_get_zho_proofread_mlamd 
[gw11] [ 60%] PASSED core\synchronization\test_get_synced_series.py::test_get_synced_series_mlamd 
core\synchronization\test_get_synced_series.py::test_get_synced_series_t 
[gw1] [ 61%] PASSED lang\zho\test_get_zho_cleaned.py::test_get_zho_cleaned_mlamd 
lang\zho\test_get_zho_flattened.py::test_get_zho_flattened_mnt 
[gw5] [ 62%] PASSED lang\zho\test_get_zho_flattened.py::test_get_zho_flattened_mlamd 
lang\zho\test_get_zho_proofread.py::test_get_zho_proofread_kob 
[gw7] [ 64%] PASSED lang\zho\test_get_zho_flattened.py::test_get_zho_flattened_kob 
lang\zho\test_get_zho_ocr_fused.py::test_get_zho_ocr_fused_mlamd 
[gw8] [ 65%] PASSED lang\zho\test_get_zho_flattened.py::test_get_zho_flattened_t 
lang\zho\test_get_zho_ocr_fused.py::test_get_zho_ocr_fused_kob 
[gw4] [ 66%] PASSED cli\test_process_cli.py::test_bilingual[cli0-mlamd/output/zho-Hans_fuse_clean_validate_proofread_flatten.srt-mlamd/output/eng_fuse_clean_validate_proofread_flatten.srt---clean --flatten-mlamd/output/zho-Hans_eng.srt] 
core\analysis\test_get_series_diff.py::test_get_series_diff_kob 
[gw1] [ 67%] PASSED lang\zho\test_get_zho_flattened.py::test_get_zho_flattened_mnt 
multilang\yue_zho\test_get_yue_vs_zho_proofread.py::test_get_yue_vs_zho_proofread_mlamd 
[gw0] [ 68%] PASSED lang\zho\test_get_zho_cleaned.py::test_get_zho_cleaned_t 
lang\zho\test_get_zho_ocr_fused.py::test_get_zho_ocr_fused_t 
[gw14] [ 69%] PASSED image\subtitles\test_image_series.py::test_load_html[mlamd_zho_hans_image_path-932-expected_first_size1] 
lang\yue\test_get_yue_romanized.py::test_get_yue_text_romanized[\u4f60\u597d\u4e16\u754c-n\xe9ih h\xf3u sai gaai] 
[gw14] [ 70%] PASSED lang\yue\test_get_yue_romanized.py::test_get_yue_text_romanized[\u4f60\u597d\u4e16\u754c-n\xe9ih h\xf3u sai gaai] 
[gw9] [ 71%] PASSED lang\eng\test_get_eng_ocr_fused.py::test_get_eng_ocr_fused_mlamd 
lang\zho\test_get_zho_ocr_fused.py::test_get_zho_ocr_fused_mnt 
[gw4] [ 73%] PASSED core\analysis\test_get_series_diff.py::test_get_series_diff_kob 
[gw15] [ 74%] PASSED image\subtitles\test_image_series.py::test_load_sup[mlamd_zho_hans_sup_path-932-expected_first_size1] 
image\subtitles\test_image_series.py::test_load_sup[mlamd_zho_hant_sup_path-932-expected_first_size2] 
[gw6] [ 75%] PASSED lang\eng\test_get_eng_proofread.py::test_get_eng_proofread_mnt 
[gw1] [ 76%] PASSED multilang\yue_zho\test_get_yue_vs_zho_proofread.py::test_get_yue_vs_zho_proofread_mlamd 
lang\eng\test_get_eng_proofread.py::test_get_eng_proofread_t 
[gw3] [ 77%] FAILED lang\eng\test_get_eng_proofread.py::test_get_eng_proofread_kob 
lang\eng\test_get_eng_proofread.py::test_get_eng_proofread_mlamd 
[gw10] [ 78%] FAILED core\synchronization\test_get_synced_series.py::test_get_synced_series_kob 
lang\eng\test_get_eng_cleaned.py::test_get_eng_cleaned_kob 
[gw12] [ 79%] PASSED image\subtitles\test_image_series.py::test_load_sup[mlamd_eng_sup_path-942-expected_first_size0] 
lang\eng\test_get_eng_cleaned.py::test_get_eng_text_cleaned[-[test] abcd\n-defg--abcd\n-defg] 
[gw12] [ 80%] PASSED lang\eng\test_get_eng_cleaned.py::test_get_eng_text_cleaned[-[test] abcd\n-defg--abcd\n-defg] 
[gw7] [ 82%] PASSED lang\zho\test_get_zho_ocr_fused.py::test_get_zho_ocr_fused_mlamd 
multilang\yue_zho\test_get_yue_vs_zho_translated.py::test_get_yue_vs_zho_translated_mlamd 
[gw3] [ 83%] PASSED lang\eng\test_get_eng_proofread.py::test_get_eng_proofread_mlamd 
[gw9] [ 84%] PASSED lang\zho\test_get_zho_ocr_fused.py::test_get_zho_ocr_fused_mnt 
[gw6] [ 85%] PASSED lang\eng\test_get_eng_proofread.py::test_get_eng_proofread_t 
[gw2] [ 86%] PASSED lang\zho\test_get_zho_proofread.py::test_get_zho_proofread_mlamd 
lang\zho\test_get_zho_proofread.py::test_get_zho_proofread_mnt 
[gw0] [ 87%] PASSED lang\zho\test_get_zho_ocr_fused.py::test_get_zho_ocr_fused_t 
[gw10] [ 88%] PASSED lang\eng\test_get_eng_cleaned.py::test_get_eng_cleaned_kob 
[gw2] [ 89%] PASSED lang\zho\test_get_zho_proofread.py::test_get_zho_proofread_mnt 
[gw8] [ 91%] PASSED lang\zho\test_get_zho_ocr_fused.py::test_get_zho_ocr_fused_kob 
[gw7] [ 92%] PASSED multilang\yue_zho\test_get_yue_vs_zho_translated.py::test_get_yue_vs_zho_translated_mlamd 
[gw5] [ 93%] PASSED lang\zho\test_get_zho_proofread.py::test_get_zho_proofread_kob 
multilang\yue_zho\test_get_yue_vs_zho_reviewed.py::test_get_yue_vs_zho_reviewed_mlamd 
[gw15] [ 94%] PASSED image\subtitles\test_image_series.py::test_load_sup[mlamd_zho_hant_sup_path-932-expected_first_size2] 
[gw11] [ 95%] PASSED core\synchronization\test_get_synced_series.py::test_get_synced_series_t 
lang\zho\test_get_zho_proofread.py::test_get_zho_proofread_t 
[gw5] [ 96%] PASSED multilang\yue_zho\test_get_yue_vs_zho_reviewed.py::test_get_yue_vs_zho_reviewed_mlamd 
[gw11] [ 97%] PASSED lang\zho\test_get_zho_proofread.py::test_get_zho_proofread_t 
[gw13] [ 98%] PASSED image\subtitles\test_image_series.py::test_save_html[mlamd_eng_image_path-942] 
image\subtitles\test_image_series.py::test_save_html[mlamd_zho_hans_image_path-932] 
[gw13] [100%] PASSED image\subtitles\test_image_series.py::test_save_html[mlamd_zho_hans_image_path-932] 

================================== FAILURES ===================================
_________________________ test_get_eng_proofread_kob __________________________
[gw3] win32 -- Python 3.13.7 C:\Users\karls\Code\Scinoephile\.venv\Scripts\python.exe

kob_eng_fuse_clean_validate = <Series with 1423 events and 1 styles, last timestamp 1:38:28>
kob_eng_fuse_clean_validate_proofread = <Series with 1423 events and 1 styles, last timestamp 1:38:28>

    def test_get_eng_proofread_kob(
        kob_eng_fuse_clean_validate: Series,
        kob_eng_fuse_clean_validate_proofread: Series,
    ):
        """Test get_eng_proofread with KOB English subtitles.
    
        Arguments:
            kob_eng_fuse_clean_validate: KOB English series fixture
            kob_eng_fuse_clean_validate_proofread: Expected proofread KOB English series
              fixture
        """
>       _test_get_eng_proofread(
            kob_eng_fuse_clean_validate,
            kob_eng_fuse_clean_validate_proofread,
        )

lang\eng\test_get_eng_proofread.py:46: 
_ _ _ _ _ _ _ _ _ _ _ _ _ _ _ _ _ _ _ _ _ _ _ _ _ _ _ _ _ _ _ _ _ _ _ _ _ _ _ _

series = <Series with 1423 events and 1 styles, last timestamp 1:38:28>
expected = <Series with 1423 events and 1 styles, last timestamp 1:38:28>

    def _test_get_eng_proofread(series: Series, expected: Series):
        """Test get_eng_proofread.
    
        Arguments:
            series: Series with which to test
            expected: Expected output series
        """
        output = get_eng_proofread(series)
    
        assert len(series) == len(output)
    
        errors = []
        for i, (event, expected_event) in enumerate(zip(output, expected), 1):
            if event != expected_event:
                errors.append(f"Subtitle {i} does not match: {event} != {expected_event}")
    
        if errors:
            for error in errors:
                print(error)
>           pytest.fail(f"Found {len(errors)} discrepancies:\n" + "\n".join(errors))
E           Failed: Found 1 discrepancies:
E           Subtitle 197 does not match: <Subtitle start=0:11:43.286 end=0:11:44.954 text='- Him!\\n- Arrest him!'> != <Subtitle start=0:11:43.286 end=0:11:44.954 text='- Him!\\N- Arrest him!'>

lang\eng\test_get_eng_proofread.py:32: Failed
----------------------------- Captured log setup ------------------------------
[32mINFO    [0m root:series.py:245 Loaded series from C:\Users\karls\Code\Scinoephile\test\data\kob\output\eng_fuse_clean_validate.srt
[32mINFO    [0m root:series.py:245 Loaded series from C:\Users\karls\Code\Scinoephile\test\data\kob\output\eng_fuse_clean_validate_proofread.srt
---------------------------- Captured stdout call -----------------------------
Subtitle 197 does not match: <Subtitle start=0:11:43.286 end=0:11:44.954 text='- Him!\\n- Arrest him!'> != <Subtitle start=0:11:43.286 end=0:11:44.954 text='- Him!\\N- Arrest him!'>
------------------------------ Captured log call ------------------------------
[32mINFO    [0m root:queryer.py:330 Loaded from verified log: ["Young master, we are ready"]
[32mINFO    [0m root:processor.py:64 Block 0 (0 - 1):
 1 |   0-100 | Young master, we are ready
[32mINFO    [0m root:queryer.py:330 Loaded from verified log: ["What's a hard job for you, young master", "The towel, young master"]
[32mINFO    [0m root:processor.py:64 Block 1 (1 - 3):
 1 |   0-29  | What's a hard job for you, young master
 2 |  29-100 | The towel, young master
[32mINFO    [0m root:queryer.py:330 Loaded from verified log: ["What did he write?", "His name!", "Great! Young master knows how to\nwrite his name!", "Yes!"]
[32mINFO    [0m root:processor.py:64 Block 2 (3 - 7):
 1 |   0-15  | What did he write?
 2 |  18-28  | His name!
 3 |  33-80  | Great! Young master knows how to\Nwrite his name!
 4 |  84-100 | Yes!
[32mINFO    [0m root:queryer.py:330 Loaded from verified log: ["Nice calligraphy", "But not, my son, that's your grandson,", "he knows how to write his name!", "Dad, it's very great!", "He knows writing now,", "he will be scholar one day", "Now, he knows how to write his name,", "he will have a son later", "Young master, you should try hard to learn", "Chan, I think, we should mount it", "OK", "Get lost", "Professor, show it in some obvious places", "By the way, one minute,", "why don't you carry it with traditional\ndecoration in the street?", "Let's go!", "Chan, come and sit�", "I am so pleased that you are that hard\nworking and filial", "Listen to me, I am notorious of being\na spendthrift", "My fortune is almost used up", "If I die one day,", "you should depend on yourself", "Nice calligraphy! So Cha Ha Yee Chan!", "I used to depend on myself", "The cheques worth 100,000 taels!\nDon't be an extravagant spender", "Give me the imported hat", "Where are you going? Chan!", "I am having a grand birthday party tonight", "How old are you?", "25 years old. Come earlier", "But you should dress up first", "You are like beggar!", "How can a beggar be that rich?!\nI do want to be a rich beggar!", "It's reversed, Master", "That fat-headed�", "Come over here", "What's the matter?", "The invitation card of my son is great!", "If I hold a birthday party in future,\nI want a better invitation card!", "Chan Yee Ha Cha So", "Good boy, but, don't be proud! Got me?", "Dad, since the first\nemperor of the Ching Dynasty,", "our family", "has been illiterate"]
[32mINFO    [0m root:processor.py:64 Block 3 (7 - 51):
 1 |   0-1   | Nice calligraphy
 2 |   2-3   | Get lost
 3 |   5-10  | Nice calligraphy! So Cha Ha Yee Chan!
 4 |  10-11  | It's reversed, Master
 5 |  11-13  | Chan Yee Ha Cha So
 6 |  13-17  | Good boy, but, don't be proud! Got me?
 7 |  18-21  | Dad, since the first\Nemperor of the Ching Dynasty,
 8 |  21-23  | our family
 9 |  23-24  | has been illiterate
10 |  25-28  | But not, my son, that's your grandson,
11 |  28-29  | he knows how to write his name!
12 |  29-32  | Dad, it's very great!
13 |  33-34  | He knows writing now,
14 |  34-36  | he will be scholar one day
15 |  36-37  | Now, he knows how to write his name,
16 |  37-39  | he will have a son later
17 |  39-42  | Young master, you should try hard to learn
18 |  42-44  | Chan, I think, we should mount it
19 |  44-44  | OK
20 |  44-46  | Professor, show it in some obvious places
21 |  46-48  | By the way, one minute,
22 |  48-50  | why don't you carry it with traditional\Ndecoration in the street?
23 |  50-51  | Let's go!
24 |  52-54  | Chan, come and sit�
25 |  54-57  | I am so pleased that you are that hard\Nworking and filial
26 |  57-60  | Listen to me, I am notorious of being\Na spendthrift
27 |  61-63  | My fortune is almost used up
28 |  63-66  | If I die one day,
29 |  66-67  | you should depend on yourself
30 |  67-68  | I used to depend on myself
31 |  70-72  | The cheques worth 100,000 taels!\NDon't be an extravagant spender
32 |  72-74  | Give me the imported hat
33 |  74-75  | Where are you going? Chan!
34 |  76-77  | I am having a grand birthday party tonight
35 |  78-78  | How old are you?
36 |  79-81  | 25 years old. Come earlier
37 |  82-84  | But you should dress up first
38 |  84-85  | You are like beggar!
39 |  86-88  | How can a beggar be that rich?!\NI do want to be a rich beggar!
40 |  90-92  | That fat-headed�
41 |  92-93  | Come over here
42 |  93-94  | What's the matter?
43 |  94-97  | The invitation card of my son is great!
44 |  98-100 | If I hold a birthday party in future,\NI want a better invitation card!
[32mINFO    [0m root:queryer.py:330 Loaded from verified log: ["Your Majesty, how do you think about\nthe Cantonese Opera?", "For sure, it can't compete with Peking Opera!", "But, I am appreciated to view this"]
[32mINFO    [0m root:processor.py:64 Block 4 (51 - 54):
 1 |   0-32  | Your Majesty, what do you think about the Cantonese Opera?
 2 |  43-72  | For sure, it can't compete with Peking Opera!
 3 |  77-100 | But, I appreciate viewing this
[32mINFO    [0m root:queryer.py:330 Loaded from verified log: ["Money�", "A beggar is a man too", "Everyone can come here\nif he has money", "Your living,", "including the expenditure for hooking,\nI will pay for you!", "You pay it?", "So what?", "Nothing!", "- Come into my room�\n- Please follow me.", "Mr So!", "Hello�", "Happy birthday to you, Mr So", "How are you, Madam Pimp?", "It's very bad of you to call me that!", "Just be frank, why not?", "You should be frank!", "Your hat, is like the mourning uniform!", "Is your dad passed away?", "I feel happy to talk in this way", "Mr Chiu, you helped me to terminate\nthe Hairy Gang,", "the emperor will give you award for this", "I'll appreciate it if you", "I am homeless and sick�", "speak something nice in front of the emperor", "Please have the towel", "I am poor, I am damn poor!", "- Please give me some money\n- Kidding? Damn you beggar!", "How can you beg here?", "Go to hell!", "- Give him tips\n- Yes, young master", "Are you kidding? How can you give him tips?"]
[32mINFO    [0m root:processor.py:64 Block 5 (54 - 85):
 1 |   0-6   | Money�
 2 |   6-8   | Happy birthday to you, Mr So
 3 |   8-12  | I am homeless and sick�
 4 |  12-17  | I am poor, I am damn poor!
 5 |  17-19  | - Please give me some money\N- Kidding? Damn you beggar!
 6 |  20-24  | How can you beg here?
 7 |  24-25  | Go to hell!
 8 |  25-28  | - Give him tips\N- Yes, young master
 9 |  29-32  | Are you kidding? How can you give him tips?
10 |  34-35  | A beggar is a man too
11 |  35-37  | Everyone can come here\Nif he has money
12 |  38-39  | Your living,
13 |  39-42  | including the expenditure for hooking,\NI will pay for you!
14 |  42-43  | You pay it?
15 |  43-44  | So what?
16 |  47-49  | Nothing!
17 |  49-53  | - Come into my room. - Please follow me
18 |  56-59  | Mr So!
19 |  59-60  | Hello�
20 |  60-62  | How are you, Madam Pimp?
21 |  62-66  | It's very bad of you to call me that!
22 |  66-68  | Just be frank, why not?
23 |  68-69  | You should be frank!
24 |  70-73  | Your hat, is like the mourning uniform!
25 |  73-75  | Has your dad passed away?
26 |  77-81  | I feel happy to talk in this way
27 |  82-86  | Mr Chiu, you helped me to terminate\Nthe Hairy Gang,
28 |  87-90  | the emperor will give you an award for this
29 |  91-93  | I'll appreciate it if you
30 |  93-95  | speak something nice in front of the emperor
31 |  97-100 | Please have the towel
[32mINFO    [0m root:queryer.py:330 Loaded from verified log: ["Mr So has come", "Cooked fish of course", "You, cooked fishes, why don't you\ncome and serve Mr So?", "Mr So, you are the superior master today", "What kind of woman do you want? Just tell me", "I won't mind, every women is just the same", "Nothing special", "Congratulation!", "This way�", "Mr So, today is your big day,\nyou must be very happy!", "We have some new girls,\nyou must be satisfied with it", "What are they? Gold fish, or cooked fish?", "What does that mean?", "You idiot! Gold fish is for watching only", "Cooked fish can be eaten"]
[32mINFO    [0m root:processor.py:64 Block 6 (85 - 100):
 1 |   0-7   | Mr So has come
 2 |  10-16  | Congratulations!
 3 |  16-19  | This way�
 4 |  19-27  | Mr So, today is your big day,\Nyou must be very happy!
 5 |  28-35  | We have some new girls, you must be satisfied with them
 6 |  35-38  | What are they? Goldfish, or cooked fish?
 7 |  39-45  | What does that mean?
 8 |  45-51  | You idiot! Goldfish are for watching only
 9 |  51-57  | Cooked fish can be eaten
10 |  58-64  | Cooked fish of course
11 |  65-72  | You, cooked fish, why don't you come and serve Mr So?
12 |  75-81  | Mr So, you are the superior master today
13 |  82-88  | What kind of woman do you want? Just tell me
14 |  89-96  | I won't mind, every woman is just the same
15 |  96-100 | Nothing special
[32mINFO    [0m root:queryer.py:330 Loaded from verified log: ["Mr So, what's the matter?", "Is Mr Chiu interested to sleep with her?", "You should ask His Majesty first", "How is it? Your Majesty?", "We are friends, just go ahead if you want!", "Mr Chiu, help yourself", "Thank you then", "The room service please", "Yushang, come and greet Mr Chiu", "Sister, he is the one we want", "He killed dad", "I am attacked", "I know, stay calm", "Let's go", "- May I be excused\n- Mr Chiu", "Miss Yushang has arrived", "How are you? Mr Chiu", "What?", "Who dared so? I will hit that\nbastard's mouth for you", "She didn't use her mouth", "She used her eyes", "Tempting, and I smell blood\nI haven't seen such eyesight before", "Who is she?", "Miss Yushang comes to be part time hooker only"]
[32mINFO    [0m root:processor.py:64 Block 7 (100 - 124):
 1 |   0-4   | Mr So, what's the matter?
 2 |   5-7   | I am attacked
 3 |   7-9   | What?
 4 |   9-12  | Who dared so? I will hit that\Nbastard's mouth for you
 5 |  13-14  | She didn't use her mouth
 6 |  14-16  | She used her eyes
 7 |  17-23  | Tempting, and I smell blood\NI haven't seen such eyesight before
 8 |  24-28  | Who is she?
 9 |  28-32  | Miss Yushang comes to be a part-time hooker only
10 |  32-36  | Is Mr Chiu interested to sleep with her?
11 |  36-39  | You should ask His Majesty first
12 |  40-42  | How is it? Your Majesty?
13 |  43-49  | We are friends, just go ahead if you want!
14 |  50-53  | Mr Chiu, help yourself
15 |  54-56  | Thank you then
16 |  57-59  | The room service please
17 |  60-66  | Yushang, come and greet Mr Chiu
18 |  72-74  | Sister, he is the one we want
19 |  74-77  | He killed dad
20 |  78-79  | I know, stay calm
21 |  79-81  | Let's go
22 |  82-84  | - May I be excused, - Mr Chiu,
23 |  84-87  | Miss Yushang has arrived
24 |  92-100 | How are you, Mr Chiu?
[32mINFO    [0m root:queryer.py:330 Loaded from verified log: ["A pretty woman!", "Yushang will sleep with whom", "Don't quarrel because of such\nsmall amount, isn't it right?", "Pal, you are a big spender", "The cheque is too simple to me", "I have a pearl which is granted by the\nRoyal family, it's invaluable!", "Mr Chiu, about tonight�", "100,000 taels", "if Miss Yushang sleeps with our\nyoung master tonight�", "You are not welcomed", "I am sorry, I am damn sorry", "Don't you have any objection?", "Let me say something fair", "If any of you can offer more than 100,000 taels"]
[32mINFO    [0m root:processor.py:64 Block 8 (124 - 138):
 1 |   0-3   | A pretty woman!
 2 |   8-15  | Mr Chiu, about tonight�
 3 |  15-19  | 100,000 taels
 4 |  20-27  | if Miss Yushang sleeps with our\Nyoung master tonight�
 5 |  27-31  | You are not welcome
 6 |  31-37  | I am sorry, I am damn sorry
 7 |  38-41  | Don't you have any objection?
 8 |  44-51  | Let me say something fair
 9 |  52-58  | If any of you can offer more than 100,000 taels
10 |  59-63  | Yushang will sleep with them
11 |  63-71  | Don't quarrel because of such a small amount, isn't it right?
12 |  71-76  | Pal, you are a big spender
13 |  79-84  | The cheque is too simple to me
14 |  88-100 | I have a pearl which is granted by the\NRoyal family, it's invaluable!
[32mINFO    [0m root:queryer.py:330 Loaded from verified log: ["I love the pearl more", "Mr Chiu, I will wait you in my room", "Does the pearl worth 100,000 taels?", "Don't you think that's too little for you?", "I love money too. But, I don't like you"]
[32mINFO    [0m root:processor.py:64 Block 9 (138 - 143):
 1 |   0-11  | I love the pearl more
 2 |  24-40  | Mr Chiu, I will wait for you in my room
 3 |  45-55  | Is the pearl worth 100,000 taels?
 4 |  61-73  | Don't you think that's too little for you?
 5 |  75-100 | I love money too. But, I don't like you
[32mINFO    [0m root:queryer.py:330 Loaded from verified log: ["You are frank! I love it very much", "How bold are you?", "Mr So�", "It doesn't matter,", "I think, my hat doesn't match me", "Yushang doesn't like me, I deserve it", "I am glad you understand this", "Don't worry, I have many pretty girls here", "I trust your arrangement", "None of my business"]
[32mINFO    [0m root:processor.py:64 Block 10 (143 - 153):
 1 |   0-12  | You are frank! I love it very much
 2 |  12-15  | Mr So�
 3 |  15-20  | It doesn't matter,
 4 |  20-29  | I think, my hat doesn't match me
 5 |  29-42  | Yushang doesn't like me, I deserve it
 6 |  43-48  | I am glad you understand this
 7 |  48-58  | Don't worry, I have many pretty girls here
 8 |  58-73  | I trust your arrangement
 9 |  85-93  | None of my business
10 |  93-100 | How bold are you?
[32mINFO    [0m root:queryer.py:330 Loaded from verified log: ["Mantis Fist? It seems to be powerful", "Music!"]
[32mINFO    [0m root:processor.py:64 Block 11 (153 - 155):
 1 |   0-66  | Mantis Fist? It seems to be powerful
 2 |  78-100 | Music!
[32mINFO    [0m root:queryer.py:330 Loaded from verified log: ["Keep this", "See my Crane's Fists!", "The Tiger's Claws!"]
[32mINFO    [0m root:processor.py:64 Block 12 (155 - 158):
 1 |   0-24  | Keep this
 2 |  57-76  | See my Crane's Fists!
 3 |  76-100 | The Tiger's Claws!
[32mINFO    [0m root:queryer.py:330 Loaded from verified log: ["How can a mantis fight with a tiger?", "I know Tiger Claws and Crane's Fists too!", "Well, try my mantis!"]
[32mINFO    [0m root:processor.py:64 Block 13 (158 - 161):
 1 |   0-36  | How can a mantis fight with a tiger?
 2 |  43-62  | I know Tiger Claws and Crane's Fists too!
 3 |  76-100 | Well, try me, mantis!
[32mINFO    [0m root:queryer.py:330 Loaded from verified log: ["Bravo�", "Your Tiger's claws are defeated", "Actually it's not Tiger's Claws,", "it's beggar's fists!", "That's why it's too weak"]
[32mINFO    [0m root:processor.py:64 Block 14 (161 - 166):
 1 |   0-18  | Bravo�
 2 |  18-43  | Your Tiger's claws are defeated
 3 |  59-73  | Actually it's not Tiger's Claws,
 4 |  73-85  | it's beggar's fists!
 5 |  88-100 | That's why it's too weak
[32mINFO    [0m root:queryer.py:330 Loaded from verified log: ["You move fast!", "It seems to be powerful�", "Kid, you don't know how the wind blows"]
[32mINFO    [0m root:processor.py:64 Block 15 (166 - 169):
 1 |   0-13  | You move fast!
 2 |  16-36  | It seems to be powerful�
 3 |  59-100 | Kid, you don't know how the wind blows
[32mINFO    [0m root:queryer.py:330 Loaded from verified log: ["The general of Canton has arrived", "Who are they?", "Just take a look", "The King of Iron Hat?", "Send the gift", "Chan", "They send you so valuable present,\nyou'd stop bullying them", "- Come on, give tips to the girl here\n- Master", "King of Iron Hat, Seng-ko-lin-ch'in\nis written on the medal", "Get lost�", "Who dares bully my son, let me teach him a lesson", "Master", "Don't panic, Chan who bullied you?", "It's me who bullied others", "What? You bullied others?", "How much does he have?\nIs he qualified to be bullied by you?", "Master, they are the ones"]
[32mINFO    [0m root:processor.py:64 Block 16 (169 - 186):
 1 |   0-6   | The general of Canton has arrived
 2 |   6-10  | Get lost�
 3 |  15-22  | Who dares bully my son, let me teach him a lesson
 4 |  24-26  | Master
 5 |  27-32  | Don't panic, Chan who bullied you?
 6 |  32-34  | It's me who bullied others
 7 |  34-39  | What? You bullied others?
 8 |  40-45  | How much does he have?\NIs he qualified to be bullied by you?
 9 |  46-49  | Master, they are the ones
10 |  49-51  | Who are they?
11 |  51-55  | Just take a look
12 |  63-66  | The King of Iron Hat?
13 |  75-77  | Send the gift
14 |  77-79  | Chan
15 |  79-86  | They send you such a valuable present, you'd stop bullying them
16 |  86-91  | - Come on, give tips to the girls here - Master
17 |  92-100 | King of Iron Hat, Seng-ko-lin-ch'in, is written on the medal
[32mINFO    [0m root:queryer.py:330 Loaded from verified log: ["How dare you seize the medal of His Majesty?", "- to arrest�\n- You!", "- Him!\n- Arrest him", "I am the general of Canton,", "so I should arrest those bad people", "By the way�", "What else? Go ahead", "Today is the birthday of the Ex-Empress Dowager", "So your crime is doubled", "It may cause to capital punishment", "Kill him�", "Cuff him", "Hold it, according to the Ching's law,", "Courtier is not allowed hooking", "Now, you are in the brothel", "Do you know you have committed the laws of Ching?", "How about you?", "- You mean me?\n- Yes!", "That's right, I come�"]
[32mINFO    [0m root:processor.py:64 Block 17 (186 - 205):
 1 |   0-4   | How dare you seize the medal of His Majesty?
 2 |   5-7   | Cuff him
 3 |   7-14  | Hold it, according to the Ching's law,
 4 |  15-22  | Courtier is not allowed hooking
 5 |  23-26  | Now, you are in the brothel
 6 |  27-32  | Do you know you have violated the laws of Ching?
 7 |  34-36  | How about you?
 8 |  37-41  | - You mean me?\N- Yes!
 9 |  41-47  | That's right, I come�
10 |  47-49  | - to arrest�\N- You!
11 |  49-54  | - Him!\n- Arrest him!
12 |  55-59  | I am the general of Canton,
13 |  59-66  | so I should arrest those bad people
14 |  66-69  | By the way�
15 |  69-74  | What else? Go ahead
16 |  75-84  | Today is the birthday of the Ex-Empress Dowager
17 |  86-91  | So your crime is doubled
18 |  91-94  | It may lead to capital punishment
19 |  94-100 | Kill him�
[32mINFO    [0m root:queryer.py:330 Loaded from verified log: ["According to the Ching laws,", "Your Majesty,", "a rascal has ruined the atmosphere here,", "I should be blamed for poor arrangement", "None of your business", "Let's go", "Master, you can't fool this guy. Let's go", "OK, go", "Just forget the trouble", "Young master, your hat", "anyone without a tail should be killed", "So you�", "Do you want to see my hair?", "You can see as much as you want! Fat-headed", "Cut the crap, just kill him", "OK, it's finished", "General So, let's play happily together,\nso forget it", "I haven't played!"]
[32mINFO    [0m root:processor.py:64 Block 18 (205 - 223):
 1 |   0-3   | According to the Ching laws,
 2 |   3-8   | anyone without a tail should be killed
 3 |  10-12  | So you�
 4 |  18-21  | Do you want to see my hair?
 5 |  22-24  | You can see as much as you want! Fat-head
 6 |  24-30  | Cut the crap, just kill him
 7 |  30-36  | OK, it's finished
 8 |  36-41  | General So, let's play happily together,\Nso forget it
 9 |  42-45  | I haven't played!
10 |  47-48  | Your Majesty,
11 |  49-53  | a rascal has ruined the atmosphere here,
12 |  53-56  | I should be blamed for poor arrangement
13 |  57-59  | None of your business
14 |  61-63  | Let's go
15 |  69-76  | Master, you can't fool this guy. Let's go
16 |  78-80  | OK, go
17 |  82-88  | Just forget the trouble
18 |  93-100 | Young master, your hat
[32mINFO    [0m root:queryer.py:330 Loaded from verified log: ["He is great!"]
[32mINFO    [0m root:processor.py:64 Block 19 (223 - 224):
 1 |   0-100 | He is great!
[32mINFO    [0m root:queryer.py:330 Loaded from verified log: ["Uncle Mok, the dishes are all poisoned", "Don't take action until he is trapped", "Because we can't defeat him even\nwe group together", "I will try my best to seduce him to the bed", "Senior, somebody is coming", "Get ready�", "Chiu assassinated our Master", "and some generals of The Taiping Reign", "And he framed us, the Beggars Association,\nto be the assassinators", "Thus made us", "being despised by the world", "Saying that we became the dogs of the government", "I should ask him to pay for it", "His initial power is harmful"]
[32mINFO    [0m root:processor.py:64 Block 20 (224 - 238):
 1 |   0-9   | Uncle Mok, the dishes are all poisoned
 2 |   9-21  | Chiu assassinated our Master
 3 |  21-26  | and some generals of The Taiping Reign
 4 |  27-32  | And he framed us, the Beggars Association, to be the assassins
 5 |  35-39  | Thus made us
 6 |  39-43  | to be despised by the world
 7 |  46-50  | Saying that we became the dogs of the government
 8 |  52-58  | I should ask him to pay for it
 9 |  62-67  | His initial power is harmful
10 |  68-74  | Don't take action until he is trapped
11 |  75-82  | Because we can't defeat him even if we group together
12 |  83-88  | I will try my best to seduce him to the bed
13 |  91-95  | Senior, somebody is coming
14 |  97-100 | Get ready�
[32mINFO    [0m root:queryer.py:330 Loaded from verified log: ["Miss Yushang, we meet again", "I won't give it back", "About the personality of Mr So�", "Cut the crap, pimp!", "Leave here first", "Yes, you are right", "- Miss Seven�\n- Just accept this", "Why do you come here? Where is Mister Chiu?", "The pearl of Mr Chiu is broken", "by Mr So and become pearl powder", "I have drunk it", "Don't judge Mr So from his hair,", "he is really romantic and funny", "But�", "Stop, I have taken his money,\n100,000 taels you know?"]
[32mINFO    [0m root:processor.py:64 Block 21 (238 - 253):
 1 |   0-6   | Miss Yushang, we meet again
 2 |   6-14  | Why do you come here? Where is Mister Chiu?
 3 |  14-20  | The pearl of Mr. Chiu is broken
 4 |  20-26  | by Mr So and became pearl powder
 5 |  26-31  | I have drunk it
 6 |  34-41  | Don't judge Mr. So from his hair,
 7 |  42-51  | he is really romantic and funny
 8 |  52-54  | But�
 9 |  54-63  | Stop, I have taken his money,\N100,000 taels you know?
10 |  64-70  | I won't give it back
11 |  72-77  | About the personality of Mr So�
12 |  77-83  | Cut the crap, pimp!
13 |  84-87  | Leave here first
14 |  87-91  | Yes, you are right
15 |  93-100 | - Miss Seven�\N- Just accept this
[32mINFO    [0m root:queryer.py:330 Loaded from verified log: ["Who is this guy?", "I don't want to talk to you", "Please get out", "I haven't chosen a wrong one", "OK, I will drink this wine first", "No�", "I don't know", "Miss, first of all, I have a good news to you", "I love you", "To me, this is a bad news", "I know you will reply like this", "Cut the crap", "I wish to pay you 100 pearls", "for you your company tonight"]
[32mINFO    [0m root:processor.py:64 Block 22 (253 - 267):
 1 |   0-3   | Who is this guy?
 2 |   5-9   | I don't know
 3 |  10-21  | Miss, first of all, I have good news for you
 4 |  23-26  | I love you
 5 |  30-39  | To me, this is a bad news
 6 |  40-46  | I know you will reply like this
 7 |  48-51  | Cut the crap
 8 |  51-56  | I wish to pay you 100 pearls
 9 |  56-66  | for your company tonight
10 |  68-71  | I don't want to talk to you
11 |  71-75  | Please get out
12 |  82-86  | I haven't chosen the wrong one
13 |  87-95  | OK, I will drink this wine first
14 |  97-100 | No�
[32mINFO    [0m root:queryer.py:330 Loaded from verified log: ["It surprised me", "What?", "I have been in love with you", "Are you kidding?", "I am not kidding, I decided to marry you", "Are you nuts?", "Kidding?", "Are there anyone hiding here?", "Miss", "Hands off!", "You know Kung-fu?", "No, I don't know Kung-fu at all", "I beg you, stop bothering me", "I won't accompany you", "Yushang, no one treats me like this", "I have found that I am in love with you"]
[32mINFO    [0m root:processor.py:64 Block 23 (267 - 283):
 1 |   0-5   | It surprised me
 2 |   8-10  | Miss
 3 |  10-13  | Hands off!
 4 |  17-20  | You know kung fu?
 5 |  23-27  | No, I don't know Kung-fu at all
 6 |  28-32  | I beg you, stop bothering me
 7 |  32-35  | I won't accompany you
 8 |  35-42  | Yushang, no one treats me like this
 9 |  43-48  | I have found that I am in love with you
10 |  52-54  | What?
11 |  57-64  | I have been in love with you
12 |  67-70  | Are you kidding?
13 |  71-77  | I am not kidding, I decided to marry you
14 |  80-83  | Are you nuts?
15 |  86-88  | Kidding?
16 |  95-100 | Is there anyone hiding here?
[32mINFO    [0m root:queryer.py:330 Loaded from verified log: ["That's good, I want a witness", "I want him to be the superior Kung-fu master", "Be the top of all", "Can you do that?", "Let me think for one second", "- Witness?\n- Yes", "I swear in front of your sword", "I do want to marry Miss Yushang\nas my wife, I am sincere", "If I cheat, I will be killed by thunder", "Sister, I feel excited for you", "Hey", "Don't you know it's that easy to be my husband?", "How can I be your husband?"]
[32mINFO    [0m root:processor.py:64 Block 24 (283 - 296):
 1 |   0-7   | That's good, I want a witness
 2 |   8-13  | - Witness?\N- Yes
 3 |  15-21  | I swear in front of your sword
 4 |  22-29  | I do want to marry Miss Yushang\Nas my wife, I am sincere
 5 |  29-37  | If I cheat, I will be killed by thunder
 6 |  41-49  | Sister, I feel excited for you
 7 |  49-53  | Hey
 8 |  58-64  | Don't you know it isn't that easy to be my husband?
 9 |  66-71  | How can I be your husband?
10 |  77-84  | I want him to be the superior Kung-fu master
11 |  84-89  | Be the top of all
12 |  90-94  | Can you do that?
13 |  97-100 | Let me think for one second
[32mINFO    [0m root:queryer.py:330 Loaded from verified log: ["I can do it", "OK", "Do it first and then look for me", "Well, I think we should fix a date for our wedding", "Because, this is too easy to me\nto be the Kung-fu scholar!", "OK, but you'd give me some time to consider it", "No problem, I will wait for your answer\noutside the garden", "I won't leave until seeing you"]
[32mINFO    [0m root:processor.py:64 Block 25 (296 - 304):
 1 |   0-3   | I can do it
 2 |  14-17  | OK
 3 |  17-28  | Do it first and then look for me
 4 |  29-45  | Well, I think we should fix a date for our wedding
 5 |  47-60  | Because, this is too easy for me to be the Kung-fu scholar!
 6 |  62-78  | OK, but you'd give me some time to consider it
 7 |  79-91  | No problem, I will wait for your answer\Noutside the garden
 8 |  94-100 | I won't leave until seeing you
[32mINFO    [0m root:queryer.py:330 Loaded from verified log: ["Crazy!"]
[32mINFO    [0m root:processor.py:64 Block 26 (304 - 305):
 1 |   0-100 | Crazy!
[32mINFO    [0m root:queryer.py:330 Loaded from verified log: ["We come for the Beggars Association,\nthose unrelated persons leave at once"]
[32mINFO    [0m root:processor.py:64 Block 27 (305 - 306):
 1 |   0-100 | We come for the Beggars Association,\Nthose unrelated persons leave at once
[32mINFO    [0m root:queryer.py:330 Loaded from verified log: ["Sir, the timing is fit", "The road is safe now, please go", "Good, very good", "Let's go!"]
[32mINFO    [0m root:processor.py:64 Block 28 (306 - 310):
 1 |   0-21  | Sir, the timing is right
 2 |  25-43  | The road is safe now, please go
 3 |  53-74  | Good, very good
 4 |  91-100 | Let's go!
[32mINFO    [0m root:queryer.py:330 Loaded from verified log: ["Shit, we are late", "That Manchurian should be blamed"]
[32mINFO    [0m root:processor.py:64 Block 29 (310 - 312):
 1 |   0-55  | Shit, we are late
 2 |  69-100 | That Manchurian should be blamed
[32mINFO    [0m root:queryer.py:330 Loaded from verified log: ["Sister�", "What's the matter?", "The idiot is still there", "Let's kill him", "Forget it, he doesn't mean to bother us", "Let him go"]
[32mINFO    [0m root:processor.py:64 Block 30 (312 - 318):
 1 |   0-20  | Sister�
 2 |  20-26  | What's the matter?
 3 |  30-44  | The idiot is still there
 4 |  47-59  | Let's kill him
 5 |  64-86  | Forget it, he doesn't mean to bother us
 6 |  93-100 | Let him go
[32mINFO    [0m root:queryer.py:330 Loaded from verified log: ["Are you fond of him?", "What did you say?", "I won't fall in love with anybody", "until Chiu is killed", "Especially him", "Chiu is good at Kung-fu", "Mok said, we can't defeat him unless\nusing the �Dragon Killing Palms�", "So, I can never marry!", "Let's go, if you want to marry"]
[32mINFO    [0m root:processor.py:64 Block 31 (318 - 327):
 1 |   0-9   | Are you fond of him?
 2 |  11-18  | What did you say?
 3 |  19-25  | I won't fall in love with anybody
 4 |  26-35  | until Chiu is killed
 5 |  37-42  | Especially him
 6 |  47-56  | Chiu is good at Kung-fu
 7 |  58-73  | Mok said, we can't defeat him unless\Nusing the �Dragon Killing Palms�
 8 |  78-86  | So, I can never marry!
 9 |  89-100 | Let's go, if you want to marry
[32mINFO    [0m root:queryer.py:330 Loaded from verified log: ["What evil are you? How dare you scare me?", "Stop waiting for Miss Yushang, she left", "What?", "Mr So, it's me!", "You are the pimp?!", "Yes!", "You have flat figure, where are your busts?", "It's early in the morning,\nthey haven't waken up yet", "It's lucky of you for not being killed", "Don't go around if you haven't made up yet", "I won't do it again"]
[32mINFO    [0m root:processor.py:64 Block 32 (327 - 338):
 1 |   0-8   | What evil are you? How dare you scare me?
 2 |  11-25  | Mr So, it's me!
 3 |  31-35  | You are the pimp?!
 4 |  35-39  | Yes!
 5 |  39-46  | You have a flat figure, where are your busts?
 6 |  46-58  | It's early in the morning, they haven't woken up yet
 7 |  59-65  | It's lucky of you for not being killed
 8 |  65-72  | Don't go around if you haven't made up yet
 9 |  72-78  | I won't do it again
10 |  79-95  | Stop waiting for Miss Yushang, she left
11 |  97-100 | What?
[32mINFO    [0m root:queryer.py:330 Loaded from verified log: ["Where is she going?", "Chan", "I have been longing for this word for 25 years", "For the family of us, you should do that", "Don't misunderstand it, I do it not for no one", "But for a woman", "What a hero!", "For a girl, you want to be the scholar\nof Martial Arts!", "Who is that girl?", "The hooker of Yee Hung Brothel, Miss Yushang", "For a hooker?", "She� she is going to Peking", "What's wrong with it?", "You have different taste, you are great!", "I am admiring you!", "I will accompany you to Peking", "2, 3, 4, 5, 6", "I am coming", "Young master is going for the examination,\nlet's move to Peking too", "Stop chasing,", "we won't take the hens with us", "Be careful!", "Peking?", "If you break my stuff,\nI will teach you good lesson", "Be careful!", "Good morning dad", "Good morning", "You want to move everything to Peking?", "Sure", "Please leave me a clothe", "You are only a kid, you don't need this", "But I am not small", "Are you bigger than mine?", "Men should contribute to the country", "You despise me!", "Mine will be bigger than yours one day", "Let's find something, say trousers to cover it", "I don't want to see it", "Why are you standing here for?\nWhy don't you remove it?", "It's a hard job to remove such a big house!", "Please, work hard men!", "Ready, 1, 2, 3, push!", "Push!", "Be careful!", "Where should I put my pig-tail?", "Tie it well�", "Master, do you want to move the tree too?", "Sure,", "or how can I eat Lychee in Peking?", "Push it over�", "Be careful", "Take care of my Lychee, you fat headed!", "Chiu helped me to terminate", "the Hairy Gang in Kwangsi", "So I bring him here to greet Your Majesty", "Swing and swing�", "Fine, I am now appointing you to be\nthe Deputy Secretary", "Hope you will serve our Ching Dynasty\nwhole-heartedly", "Thank you, Your Majesty", "Your Majesty, Mr Chiu is a magician", "Why don't you ask him to show you something?", "Magic?", "Mr Chiu, then show me your magic", "Yes, Your Majesty", "I pull it and play it�", "Dad!", "I decided to join the examination for the\nscholar of Martial Arts"]
[32mINFO    [0m root:processor.py:64 Block 33 (338 - 405):
 1 |   0-1   | Where is she going?
 2 |   2-4   | She� she is going to Peking
 3 |   4-5   | Peking?
 4 |   5-8   | Men should contribute to the country
 5 |   9-11  | Where should I put my pigtail?
 6 |  11-12  | Swing and swing�
 7 |  12-13  | I pull it and play it�
 8 |  14-14  | Dad!
 9 |  15-16  | I decided to join the examination for the\Nscholar of Martial Arts
10 |  16-17  | Chan
11 |  17-18  | I have been longing for this word for 25 years
12 |  18-20  | For the sake of our family, you should do that
13 |  20-21  | Don't misunderstand it, I do it not for no one
14 |  21-21  | But for a woman
15 |  22-22  | What a hero!
16 |  23-24  | For a girl, you want to be the scholar\Nof Martial Arts!
17 |  24-25  | Who is that girl?
18 |  25-26  | The hooker of Yee Hung Brothel, Miss Yushang
19 |  26-27  | For a hooker?
20 |  28-28  | What's wrong with it?
21 |  29-31  | You have different taste, you are great!
22 |  31-31  | I am admiring you!
23 |  31-32  | I will accompany you to Peking
24 |  32-33  | 2, 3, 4, 5, 6
25 |  33-34  | I am coming
26 |  34-36  | Young master is going for the examination,\Nlet's move to Peking too
27 |  37-38  | Stop chasing,
28 |  38-40  | we won't take the hens with us
29 |  41-42  | Be careful!
30 |  42-44  | If you break my stuff, I will teach you a good lesson
31 |  44-44  | Be careful!
32 |  45-45  | Good morning dad
33 |  46-46  | Good morning
34 |  46-47  | You want to move everything to Peking?
35 |  47-47  | Sure
36 |  47-48  | Please leave me a cloth
37 |  48-49  | You are only a kid, you don't need this
38 |  49-50  | But I am not small
39 |  51-53  | Are you bigger than mine?
40 |  53-53  | You despise me!
41 |  53-54  | Mine will be bigger than yours one day
42 |  54-56  | Let's find something, say trousers to cover it
43 |  56-57  | I don't want to see it
44 |  57-59  | Why are you standing here for?\NWhy don't you remove it?
45 |  59-60  | It's a hard job to remove such a big house!
46 |  60-61  | Please, work hard, men!
47 |  61-64  | Ready, 1, 2, 3, push!
48 |  64-66  | Push!
49 |  66-67  | Be careful!
50 |  67-68  | Tie it well�
51 |  68-69  | Master, do you want to move the tree too?
52 |  69-70  | Sure,
53 |  70-71  | or how can I eat Lychee in Peking?
54 |  72-73  | Push it over�
55 |  73-75  | Be careful
56 |  75-77  | Take care of my lychee, you fathead!
57 |  77-79  | Chiu helped me to terminate
58 |  79-81  | the Hairy Gang in Kwangsi
59 |  82-83  | So I bring him here to greet Your Majesty
60 |  84-87  | Fine, I am now appointing you to be\Nthe Deputy Secretary
61 |  88-90  | Hope you will serve our Ching Dynasty wholeheartedly
62 |  90-91  | Thank you, Your Majesty
63 |  91-93  | Your Majesty, Mr Chiu is a magician
64 |  93-95  | Why don't you ask him to show you something?
65 |  95-96  | Magic?
66 |  97-99  | Mr Chiu, then show me your magic
67 |  99-100 | Yes, Your Majesty
[32mINFO    [0m root:queryer.py:330 Loaded from verified log: ["There is nothing surprising, go", "Yes"]
[32mINFO    [0m root:processor.py:64 Block 34 (405 - 407):
 1 |   0-55  | There is nothing surprising, go
 2 |  55-100 | Yes
[32mINFO    [0m root:queryer.py:330 Loaded from verified log: ["I am sorry for scaring you", "If this girl is real, that's fantastic!", "Hurry up!", "What's the matter?", "Come on, go in"]
[32mINFO    [0m root:processor.py:64 Block 35 (407 - 412):
 1 |   0-19  | I am sorry for scaring you
 2 |  26-40  | If this girl is real, that's fantastic!
 3 |  53-64  | Hurry up!
 4 |  68-85  | What's the matter?
 5 |  90-100 | Come on, go in
[32mINFO    [0m root:queryer.py:330 Loaded from verified log: ["What's the matter?", "Hide in", "Get ready, young master", "Come on", "Freeze, don't move"]
[32mINFO    [0m root:processor.py:64 Block 36 (412 - 417):
 1 |   0-11  | What's the matter?
 2 |  14-34  | Hide in
 3 |  48-57  | Get ready, young master
 4 |  66-74  | Come on
 5 |  81-100 | Freeze, don't move
[32mINFO    [0m root:queryer.py:330 Loaded from verified log: ["Sweet smell, are you Piu Hung?", "Good boy", "I wanted to trick you actually,\nyou are really smart", "Young master has to join the examination tomorrow,", "stop playing", "Get out�", "Chan, have you prepared", "for your examination?", "What should I prepare?\nI must win, don't you know that?", "Yes I do!", "I have faith in you from seeing your behaviour!", "You are great! I love it", "Chan, this is Uncle Cheng", "He will be the examiner", "Say hello to Uncle Cheng", "How are you, Uncle Cheng?", "See", "Doesn't he seem to be the winner?", "It depends on the fate", "Cheng, I've asked someone", "to finish the papers which you gave me", "Will the questions be changed?", "Closer", "Don't worry about the question paper", "But about the test of arrows shooting,", "riding, boxing and weapons�", "He should try his best", "Don't worry", "My son is keen in martial arts", "So, can I deduct some from the payment\nof 2 million taels?", "We are friends, but that is business", "So big! You must be Small!", "You are bad, how can you say so to me?", "You are big!", "What? Pregnant woman? You can't cheat me", "You are dad", "How bad are you, how can you guess that?"]
[32mINFO    [0m root:processor.py:64 Block 37 (417 - 454):
 1 |   0-3   | Sweet smell, are you Piu Hung?
 2 |   4-7   | You are great! I love it
 3 |   8-9   | Closer
 4 |  10-13  | So big! You must be Small!
 5 |  14-16  | You are bad, how can you say so to me?
 6 |  16-18  | You are big!
 7 |  20-23  | What? Pregnant woman? You can't cheat me
 8 |  23-24  | You are a dad.
 9 |  25-28  | How bad are you, how can you guess that?
10 |  29-30  | Good boy
11 |  30-35  | I wanted to trick you actually,\Nyou are really smart
12 |  36-39  | Young master has to join the examination tomorrow,
13 |  39-40  | stop playing
14 |  40-41  | Get out�
15 |  42-45  | Chan, have you prepared
16 |  45-46  | for your examination?
17 |  46-49  | What should I prepare?\NI must win, don't you know that?
18 |  49-51  | Yes I do!
19 |  51-55  | I have faith in you from seeing your behaviour!
20 |  55-58  | Chan, this is Uncle Cheng
21 |  58-59  | He will be the examiner
22 |  59-60  | Say hello to Uncle Cheng
23 |  61-64  | How are you, Uncle Cheng?
24 |  67-69  | See
25 |  69-72  | Doesn't he seem to be the winner?
26 |  73-74  | It depends on fate.
27 |  75-78  | Cheng, I've asked someone
28 |  78-80  | to finish the papers which you gave me
29 |  80-81  | Will the questions be changed?
30 |  82-84  | Don't worry about the question paper
31 |  84-86  | But about the test of arrows shooting,
32 |  86-87  | riding, boxing and weapons�
33 |  88-89  | He should try his best
34 |  89-90  | Don't worry
35 |  90-93  | My son is keen on martial arts.
36 |  94-97  | So, can I deduct some from the payment\Nof 2 million taels?
37 |  97-100 | We are friends, but that is business
[32mINFO    [0m root:queryer.py:330 Loaded from verified log: ["Let the Horse teams be the pioneer", "The arrows teams go side ways,\nthe gunmen stay back"]
[32mINFO    [0m root:processor.py:64 Block 38 (454 - 456):
 1 |   0-60  | Let the Horse teams be the pioneer
 2 |  63-100 | The arrows teams go sideways, the gunmen stay back
[32mINFO    [0m root:queryer.py:330 Loaded from verified log: ["The candidates come in"]
[32mINFO    [0m root:processor.py:64 Block 39 (456 - 457):
 1 |   0-100 | The candidates come in
[32mINFO    [0m root:queryer.py:330 Loaded from verified log: ["I can't lift it"]
[32mINFO    [0m root:processor.py:64 Block 40 (457 - 458):
 1 |   0-100 | I can't lift it
[32mINFO    [0m root:queryer.py:330 Loaded from verified log: ["I don't want to waste my force", "Shameless? Damn you!"]
[32mINFO    [0m root:processor.py:64 Block 41 (458 - 460):
 1 |   0-20  | I don't want to waste my force
 2 |  25-100 | Shameless? Damn you!
[32mINFO    [0m root:queryer.py:330 Loaded from verified log: ["Oh, 10 marks"]
[32mINFO    [0m root:processor.py:64 Block 42 (460 - 461):
 1 |   0-100 | Oh, 10 marks
[32mINFO    [0m root:queryer.py:330 Loaded from verified log: ["The final race now starts", "Why don't you have faith in Chan?", "That is, Chan defaulted in weight lifting", "Look, Po entered the final race", "with full marks, it differs", "It's an examination of the Scholar of\nMartial Arts, not king of coolie", "It's meaningless to be the champion\nof weight lifting", "- You shouldn't put it that way\n- What?", "He is smart", "I've studied this race for a long time", "I feel strange about the rate too", "The candidates,", "Po is smart and strong", "But see the sweat of his neck", "I think it's because he is getting tired", "Really?", "But this So", "What do you thing?", "He has been disappointing the audience", "But he has achieved very hard", "What?", "He tried very hard", "Po Ye Tat Tor from Mongolia", "So I want to bet on him", "How much do you want to bet?", "800,000 taels", "Why not 2 million taels?", "What? Why are you so optimistic about Chan?", "You have good analyse", "I feel Chan", "will be the champion", "Come on", "I want to bet more on him", "Bravo�", "Really?", "2 million taels!", "How generous!", "Why don't you bet?", "Why should I bet? He is my son", "Shit, I miss one thing out of my calculation", "What?", "The blood", "Here comes the Examiner", "What? Isn't Cheng the examiner?", "And So Cha Ha Yee Chan from Canton", "Last call", "So, one to ten Po, one to one", "Are you kidding, how can the betting rates\ndiffer so much?", "One to ten for Chan? Kidding?"]
[32mINFO    [0m root:processor.py:64 Block 43 (461 - 510):
 1 |   0-2   | The final race now starts
 2 |   3-4   | The candidates,
 3 |   4-6   | Po Ye Tat Tor from Mongolia
 4 |   6-8   | Bravo�
 5 |   9-12  | And So Cha Ha Yee Chan from Canton
 6 |  14-15  | Last call
 7 |  15-18  | So, one to ten Po, one to one
 8 |  19-21  | Are you kidding, how can the betting rates\Ndiffer so much?
 9 |  21-23  | One to ten for Chan? Kidding?
10 |  24-25  | Why don't you have faith in Chan?
11 |  25-28  | That is, Chan defaulted in weight lifting
12 |  29-31  | Look, Po entered the final race
13 |  31-34  | with full marks, it differs
14 |  34-36  | It's an examination of the Scholar of\NMartial Arts, not king of coolie
15 |  37-38  | It's meaningless to be the champion\Nof weight lifting
16 |  38-39  | - You shouldn't put it that way\N- What?
17 |  39-41  | He is smart
18 |  42-43  | I've studied this race for a long time
19 |  43-45  | I feel strange about the rate too
20 |  45-48  | Po is smart and strong
21 |  48-50  | But see the sweat of his neck
22 |  50-52  | I think it's because he is getting tired
23 |  52-53  | Really?
24 |  53-55  | But this So
25 |  55-55  | What do you think?
26 |  56-57  | He has been disappointing the audience
27 |  57-59  | But he has worked very hard
28 |  59-60  | What?
29 |  61-63  | He tried very hard
30 |  64-65  | So I want to bet on him
31 |  66-67  | How much do you want to bet?
32 |  68-68  | 800,000 taels
33 |  69-71  | Why not 2 million taels?
34 |  71-73  | What? Why are you so optimistic about Chan?
35 |  73-74  | You have good analysis
36 |  74-75  | I feel Chan
37 |  75-76  | will be the champion
38 |  78-79  | Come on
39 |  79-80  | I want to bet more on him
40 |  80-81  | Really?
41 |  81-82  | 2 million taels!
42 |  83-84  | How generous!
43 |  85-85  | Why don't you bet?
44 |  85-88  | Why should I bet? He is my son
45 |  89-91  | Shit, I miss one thing out of my calculation
46 |  91-92  | What?
47 |  92-93  | The blood
48 |  95-96  | Here comes the Examiner
49 |  98-100 | What? Isn't Cheng the examiner?
[32mINFO    [0m root:queryer.py:330 Loaded from verified log: ["Please take a seat", "Seng-ko-lin-ch'in?!", "What's the problem?", "He is the uncle of Po", "Let's start"]
[32mINFO    [0m root:processor.py:64 Block 44 (510 - 515):
 1 |   0-8   | Please take a seat
 2 |  28-40  | Seng-ko-lin-ch'in?!
 3 |  41-48  | What's the problem?
 4 |  59-78  | He is the uncle of Po
 5 |  93-100 | Let's start
[32mINFO    [0m root:queryer.py:330 Loaded from verified log: ["Start!"]
[32mINFO    [0m root:processor.py:64 Block 45 (515 - 516):
 1 |   0-100 | Start!
[32mINFO    [0m root:queryer.py:330 Loaded from verified log: ["They should act 2 more marks for that\npowerful shoot", "I do think so", "So's arrow isn't on the target,\nPo won this section"]
[32mINFO    [0m root:processor.py:64 Block 46 (516 - 519):
 1 |   0-27  | They should add 2 more marks for that powerful shoot
 2 |  28-46  | I do think so
 3 |  69-100 | So's arrow isn't on the target,\NPo won this section
[32mINFO    [0m root:queryer.py:330 Loaded from verified log: ["Kidding? Damn you! They are cheating"]
[32mINFO    [0m root:processor.py:64 Block 47 (519 - 520):
 1 |   0-100 | Kidding? Damn you! They are cheating
[32mINFO    [0m root:queryer.py:330 Loaded from verified log: ["The candidates please get on the horses", "Mr Chiu"]
[32mINFO    [0m root:processor.py:64 Block 48 (520 - 522):
 1 |   0-41  | The candidates please get on the horses
 2 |  83-100 | Mr Chiu
[32mINFO    [0m root:queryer.py:330 Loaded from verified log: ["Take these with you, may be you will\nfind them useful", "Here comes the 2nd round"]
[32mINFO    [0m root:processor.py:64 Block 49 (522 - 524):
 1 |   0-47  | Take these with you, maybe you will find them useful
 2 |  52-100 | Here comes the 2nd round
[32mINFO    [0m root:queryer.py:330 Loaded from verified log: ["They trick again", "It's corrupt! May I give up the betting?"]
[32mINFO    [0m root:processor.py:64 Block 50 (524 - 526):
 1 |   0-26  | They tricked again
 2 |  37-100 | It's corrupt! May I give up the betting?
[32mINFO    [0m root:queryer.py:330 Loaded from verified log: ["Chan won this race", "Did you tear the ticket?", "Not yet"]
[32mINFO    [0m root:processor.py:64 Block 51 (526 - 529):
 1 |   0-29  | Chan won this race
 2 |  37-60  | Did you tear the ticket?
 3 |  60-100 | Not yet
[32mINFO    [0m root:queryer.py:330 Loaded from verified log: ["Are you kidding?"]
[32mINFO    [0m root:processor.py:64 Block 52 (529 - 530):
 1 |   0-100 | Are you kidding?
[32mINFO    [0m root:queryer.py:330 Loaded from verified log: ["Once again?!"]
[32mINFO    [0m root:processor.py:64 Block 53 (530 - 531):
 1 |   0-100 | Once again?!
[32mINFO    [0m root:queryer.py:330 Loaded from verified log: ["OK, let's start from the very beginning,\nI'll fight with single hand and leg", "I won't take your advantage"]
[32mINFO    [0m root:processor.py:64 Block 54 (531 - 533):
 1 |   0-58  | OK, let's start from the very beginning, I'll fight with a single hand and leg
 2 |  59-100 | I won't take your advantage
[32mINFO    [0m root:queryer.py:330 Loaded from verified log: ["How can you use such dirty stance?", "You fell down first, Po is the winner again", "Have you waken?", "Bravo! He won", "Have some tea", "All the best!", "What did you say?", "It's English", "It's English", "There is no regulation stating that\nweapon is not allowed"]
[32mINFO    [0m root:processor.py:64 Block 55 (533 - 543):
 1 |   0-9   | How can you use such a dirty stance?
 2 |  10-18  | Have you woken?
 3 |  20-29  | Bravo! He won
 4 |  32-39  | Have some tea
 5 |  39-43  | All the best!
 6 |  46-58  | What did you say?
 7 |  58-65  | It's English
 8 |  66-71  | It's English
 9 |  74-81  | There is no regulation stating that a weapon is not allowed
10 |  83-100 | You fell down first, Po is the winner again
[32mINFO    [0m root:queryer.py:330 Loaded from verified log: ["Damn you Cheng! You betrayed me!", "Po is the Scholar of Martial Arts", "I did win! Objection", "I will beat you to death", "if I see you again", "Forget it, you won't see him anymore", "Why?", "I am now going to kill him!", "I don't have 2 million to lose!", "Just kidding", "You shameless"]
[32mINFO    [0m root:processor.py:64 Block 56 (543 - 554):
 1 |   0-14  | Damn you Cheng! You betrayed me!
 2 |  14-20  | I will beat you to death
 3 |  20-25  | if I see you again
 4 |  27-34  | Forget it, you won't see him anymore
 5 |  34-37  | Why?
 6 |  38-42  | I am now going to kill him!
 7 |  42-46  | I don't have 2 million to lose!
 8 |  56-59  | Just kidding
 9 |  61-65  | You shameless
10 |  67-88  | Po is the Scholar of Martial Arts
11 |  89-100 | I did win! Objection
[32mINFO    [0m root:queryer.py:330 Loaded from verified log: ["What are you doing?", "The dart is poisoned", "He deserves it!", "He was poisoned by his own dart", "Well, my son will be the Scholar then", "I am going to be rich!", "Yes!", "You� You�"]
[32mINFO    [0m root:processor.py:64 Block 57 (554 - 562):
 1 |   0-4   | What are you doing?
 2 |   6-25  | The dart is poisoned
 3 |  33-44  | He deserves it!
 4 |  58-67  | He was poisoned by his own dart
 5 |  71-81  | Well, my son will be the Scholar then
 6 |  81-87  | I am going to be rich!
 7 |  87-92  | Yes!
 8 |  93-100 | You� You�
[32mINFO    [0m root:queryer.py:330 Loaded from verified log: ["Thank you, my ancestors!", "You have good judgement", "Sir, His Majesty wants to\nappoint the title himself"]
[32mINFO    [0m root:processor.py:64 Block 58 (562 - 565):
 1 |   0-24  | Thank you, my ancestors!
 2 |  27-43  | You have good judgement
 3 |  74-100 | Sir, His Majesty wants to\Nappoint the title himself
[32mINFO    [0m root:queryer.py:330 Loaded from verified log: ["OK"]
[32mINFO    [0m root:processor.py:64 Block 59 (565 - 566):
 1 |   0-100 | OK
[32mINFO    [0m root:queryer.py:330 Loaded from verified log: ["I want to take some statement from you as record", "You won this time, who are you going to thank?", "Miss Yushang!", "Is Miss Yushang his mom?"]
[32mINFO    [0m root:processor.py:64 Block 60 (566 - 570):
 1 |   0-34  | I want to take a statement from you as record
 2 |  35-57  | You won this time, who are you going to thank?
 3 |  57-67  | Miss Yushang!
 4 |  73-100 | Is Miss Yushang his mom?
[32mINFO    [0m root:queryer.py:330 Loaded from verified log: ["Long life to you!", "So how could he answer the\nquestion paper of strategy?", "That should be tricks", "Please get up", "Thank you", "Who is the new Scholar of Martial Arts?", "Your Majesty, So Chan from Canton\nis the Scholar this year", "Your Majesty, I am So Cha Ha Yee Chan", "Your Majesty, I want to report something", "Go ahead", "I have found that. So is illiterate"]
[32mINFO    [0m root:processor.py:64 Block 61 (570 - 581):
 1 |   0-8   | Long life to you!
 2 |   9-11  | Please get up
 3 |  11-15  | Thank you
 4 |  20-28  | Who is the new Scholar of Martial Arts?
 5 |  34-44  | Your Majesty, So Chan from Canton\Nis the Scholar this year
 6 |  52-59  | Your Majesty, I am So Cha Ha Yee Chan
 7 |  65-71  | Your Majesty, I want to report something
 8 |  78-80  | Go ahead
 9 |  85-91  | I have found that So is illiterate
10 |  92-97  | So how could he answer the\Nquestion paper of strategy?
11 |  97-100 | That should be a trick
[32mINFO    [0m root:queryer.py:330 Loaded from verified log: ["Take the stationery out!", "Yes"]
[32mINFO    [0m root:processor.py:64 Block 62 (581 - 583):
 1 |   0-56  | Take the stationery out!
 2 |  56-100 | Yes
[32mINFO    [0m root:queryer.py:330 Loaded from verified log: ["So Cha Ha Yee Chan, write your name now", "Thank God, he knows how to write his name!", "He can write his name!"]
[32mINFO    [0m root:processor.py:64 Block 63 (583 - 586):
 1 |   0-33  | So Cha Ha Yee Chan, write your name now
 2 |  50-79  | Thank God, he knows how to write his name!
 3 |  82-100 | He can write his name!
[32mINFO    [0m root:queryer.py:330 Loaded from verified log: ["I don't know how to write", "I don't know how to write my name", "Stop, I have known it already", "Your Majesty, I should be killed", "- Kill me\n- No, kill me", "- Kill me.\n- Your Majesty, you'd better kill me", "Shit, are you giving order?", "You two co-operated to cheat me", "The Secretary for Justice,\nannounce the penalty for them", "Come out! Hurry up", "I am here!", "That's shit!", "Kill him now", "No! No!", "Your Majesty, I am the one who cheated", "It's none of his business", "Just chop me to death", "No, you should kill me", "Sorry dad"]
[32mINFO    [0m root:processor.py:64 Block 64 (586 - 605):
 1 |   0-2   | I don't know how to write
 2 |   8-11  | That's shit!
 3 |  14-16  | Kill him now
 4 |  19-23  | No! No!
 5 |  28-32  | Your Majesty, I am the one who cheated
 6 |  32-35  | It's none of his business
 7 |  35-37  | Just chop me to death
 8 |  37-41  | No, you should kill me
 9 |  41-43  | Sorry dad
10 |  43-47  | I don't know how to write my name
11 |  47-51  | Stop, I have known it already
12 |  52-55  | Your Majesty, I should be killed
13 |  55-58  | - Kill me\N- No, kill me
14 |  58-63  | - Kill me.\N- Your Majesty, you'd better kill me
15 |  63-70  | Shit, are you giving order?
16 |  71-75  | You two cooperated to cheat me
17 |  76-82  | The Secretary for Justice,\Nannounce the penalty for them
18 |  85-94  | Come out! Hurry up
19 |  94-100 | I am here!
[32mINFO    [0m root:queryer.py:330 Loaded from verified log: ["He is the Secretary for Justice", "So's family should be sentenced to death", "But their ancestors achieved a lot\nto Ching, they can be exampled", "But, their fortune should be forfeited", "Have you carried out any military duty?", "I haven't gone back to my camp for\n7 years, I haven't done anything", "So, he didn't miscarry out any duty", "So, the maximum penalty", "is forfeiture of property only"]
[32mINFO    [0m root:processor.py:64 Block 65 (605 - 614):
 1 |   0-5   | He is the Secretary for Justice
 2 |   7-21  | So's family should be sentenced to death
 3 |  28-38  | But their ancestors achieved a lot for Ching, they can be exempted
 4 |  39-51  | But, their fortune should be forfeited
 5 |  53-57  | Have you carried out any military duty?
 6 |  58-68  | I haven't gone back to my camp for\N7 years, I haven't done anything
 7 |  72-82  | So, he didn't miscarry out any duty
 8 |  86-91  | So, the maximum penalty
 9 |  92-100 | is forfeiture of property only
[32mINFO    [0m root:queryer.py:330 Loaded from verified log: ["What? Are you sure?", "Chiu, you would be rewarded", "I am wandering�", "That's the spirit tablet of my dad,\ndo you want to take it too?", "It's useless for you", "How poor are we�", "I am thinking of my better half�", "Young master,", "from now on,", "you'd be hard working to learn how to write", "I am fair", "I judge it from the Law Book", "Can I add something?", "Sure, since you are the Emperor", "I want them to be beggars for the rest\nof their lives", "Why couldn't you find out", "they cheated during the examination?", "Luckily Chiu reported it to me on time"]
[32mINFO    [0m root:processor.py:64 Block 66 (614 - 632):
 1 |   0-4   | What? Are you sure?
 2 |   5-7   | I am fair
 3 |   7-12  | I judge it from the Law Book
 4 |  14-17  | Can I add something?
 5 |  18-23  | Sure, since you are the Emperor
 6 |  23-28  | I want them to be beggars for the rest\Nof their lives
 7 |  29-30  | Why couldn't you find out
 8 |  31-33  | they cheated during the examination?
 9 |  33-36  | Luckily Chiu reported it to me on time
10 |  36-41  | Chiu, you would be rewarded
11 |  45-52  | I am wandering�
12 |  53-57  | That's the spirit tablet of my dad,\Ndo you want to take it too?
13 |  59-63  | It's useless for you
14 |  63-80  | How poor are we�
15 |  80-91  | I am thinking of my better half�
16 |  91-93  | Young master,
17 |  95-97  | from now on,
18 |  97-100 | you'd be hardworking to learn how to write
[32mINFO    [0m root:queryer.py:330 Loaded from verified log: ["But I can't sell the affection�"]
[32mINFO    [0m root:processor.py:64 Block 67 (632 - 633):
 1 |   0-100 | But I can't sell the affection�
[32mINFO    [0m root:queryer.py:330 Loaded from verified log: ["Professor", "But I think Chan is enough for me", "Why are you standing here? Go now", "Master, we are leaving", "We are leaving, master", "Go, go now", "We are free", "I feel so happy", "How happy are we!", "I will learn it", "I regret that�", "Master, I will take good care of little turtle", "I am sorry", "We haven't given birth to any baby of yours", "It doesn't matter", "It's all my fault", "If I did better, you could have many babies"]
[32mINFO    [0m root:processor.py:64 Block 68 (633 - 650):
 1 |   0-2   | Professor
 2 |   6-8   | I will learn it
 3 |  11-25  | I regret that�
 4 |  25-33  | Master, I will take good care of the little turtle
 5 |  33-36  | I am sorry
 6 |  36-43  | We haven't given birth to any baby of yours
 7 |  43-46  | It doesn't matter
 8 |  46-52  | It's all my fault
 9 |  52-59  | If I did better, you could have many babies
10 |  59-66  | But I think Chan is enough for me
11 |  70-74  | Why are you standing here? Go now
12 |  74-77  | Master, we are leaving
13 |  77-80  | We are leaving, master
14 |  80-83  | Go, go now
15 |  91-94  | We are free
16 |  95-97  | I feel so happy
17 |  97-100 | How happy are we!
[32mINFO    [0m root:queryer.py:330 Loaded from verified log: ["Go in�", "Son. Have you kept any money?", "No, how about you?", "I forgot that", "Shit, damn sequestration!", "Be merciful, please give money to us", "Son, that guy is like dad", "You mean the one who sings?", "No, the one who pays", "He is more disgusting than the one who sings", "Not exactly, he is smart", "Hurry up�", "Dad should be blamed", "I always called you beggar", "Now, it becomes true", "What's wrong with you?", "The emperor wants us to be beggars", "Do you think we'd be beggars?", "I am smart, I am keen in kung-fu fighting", "Even the Gods won't let me be beggars", "That's true", "Am I like beggar?", "Why are they so happy?", "No", "Buy something to eat, you beggars", "I am very happy", "Please go in�", "Welcome�", "Damn sequestration, I wanna cry, my son", "Hold it, don't lose our face", "Keep on laughing"]
[32mINFO    [0m root:processor.py:64 Block 69 (650 - 681):
 1 |   0-2   | Go in�
 2 |   2-3   | Hurry up�
 3 |   5-9   | Why are they so happy?
 4 |  10-14  | I am very happy
 5 |  15-16  | Please go in�
 6 |  16-18  | Welcome�
 7 |  19-23  | Damn sequestration, I wanna cry, my son
 8 |  23-26  | Hold it, don't lose our face
 9 |  26-28  | Keep on laughing
10 |  30-35  | Son. Have you kept any money?
11 |  35-37  | No, how about you?
12 |  37-39  | I forgot that
13 |  43-48  | Shit, damn sequestration!
14 |  50-57  | Be merciful, please give money to us
15 |  57-61  | Son, that guy is like dad
16 |  62-64  | You mean the one who sings?
17 |  64-66  | No, the one who pays
18 |  66-70  | He is more disgusting than the one who sings
19 |  70-74  | Not exactly, he is smart
20 |  74-77  | Dad should be blamed
21 |  77-80  | I always called you beggar
22 |  80-82  | Now, it becomes true
23 |  82-83  | What's wrong with you?
24 |  83-85  | The emperor wants us to be beggars
25 |  85-87  | Do you think we'd be beggars?
26 |  88-90  | I am smart, I am keen in kung-fu fighting
27 |  91-93  | Even the Gods won't let me be a beggar
28 |  93-94  | That's true
29 |  94-95  | Am I like a beggar?
30 |  95-97  | No
31 |  97-100 | Buy something to eat, you beggars
[32mINFO    [0m root:queryer.py:330 Loaded from verified log: ["You treat us as beggars?", "Damn you!", "It's weird! Let's eat"]
[32mINFO    [0m root:processor.py:64 Block 70 (681 - 684):
 1 |   0-22  | You treat us as beggars?
 2 |  26-51  | Damn you!
 3 |  52-100 | It's weird! Let's eat
[32mINFO    [0m root:queryer.py:330 Loaded from verified log: ["Chan, since we have nothing to do", "Do you have money?", "- Yes\n- Just give it to me", "OK", "Let me take a seat, may be we can\nhave something to eat tonight", "You are treating yourself a beggar?", "Dad, don't worry", "I need no begging for money", "How can you get money if you don't beg?", "Just ask someone to give us money", "Pal, may I know your name?", "Nau Tai Chung"]
[32mINFO    [0m root:processor.py:64 Block 71 (684 - 696):
 1 |   0-12  | Chan, since we have nothing to do
 2 |  12-26  | Let me take a seat, maybe we can have something to eat tonight
 3 |  26-33  | You are treating yourself a beggar?
 4 |  35-42  | Dad, don't worry
 5 |  43-51  | I need no begging for money
 6 |  51-57  | How can you get money if you don't beg?
 7 |  58-62  | Just ask someone to give us money
 8 |  62-72  | Pal, may I know your name?
 9 |  77-80  | Nau Tai Chung
10 |  82-88  | Do you have money?
11 |  90-96  | - Yes\N- Just give it to me
12 |  96-100 | OK
[...]
 0. 0. 0. 0. 1. 0. 0. 0. 0. 0. 0. 0. 0. 0. 0. \n 6  0. 0. 0. 0. 0. 1. 0. 0. 0. 0. 0. 0. 0. 0. 0. \n 7  0. 0. 0. 0. 0. 0. 1. 0. 0. 0. 0. 0. 0. 0. 0. \n 8  0. 0. 0. 0. 0. 0. 0. 1. 0. 0. 0. 0. 0. 0. 0. \n 9  0. 0. 0. 0. 0. 0. 0. 0. 1. 0. 0. 0. 0. 0. 0. \n10  0. 0. 0. 0. 0. 0. 0. 0. 0. 1. 0. 0. 0. 0. 0. \n11  0. 0. 0. 0. 0. 0. 0. 0. 0. 0. 1. 0. 0. 0. 0. \n12  0. 0. 0. 0. 0. 0. 0. 0. 0. 0. 0. 1. 0. 0. 0. \n13  0. 0. 0. 0. 0. 0. 0. 0. 0. 0. 0. 0. 1. 0. 0. \n14  0. 0. 0. 0. 0. 0. 0. 0. 0. 0. 0. 0. 0. 1. 0. \n15  0. 0. 0. 0. 0. 0. 0. 0. 0. 0. 0. 0. 0. 0. 1.  \n\x1b[32mINFO    \x1b[0m root:synchronization.py:188 SYNC GROUPS:\n[([0], [0]), ([1], [1]), ([2], [2]), ([3], [3]), ([4], [4]), ([5], [5]), ([6], [6]), ([7], [7]), ([8], [8]), ([9], [9]), ([10], [10]), ([11], [11]), ([12], [12]), ([13], [13]), ([14], [14])]\n\x1b[32mINFO    \x1b[0m root:synchronization.py:191 SYNCED SUBTITLES:\n 1 |   0-6   | \u5144\u5f1f\uff01\u8ba4\u5f97\u6211\u5417\uff1f Pal, do you know me?\n 2 |   7-13  | \u5316\u6210\u7070\u4e5f\u8ba4\u5f97\u4f60\uff01\u81ed\u4e5e\u4e10 Of course! You beggar\n 3 |  13-20  | \u63f9\u8457\u5973\u513f\uff0c\u535a\u53d6\u540c\u60c5\uff1f You beg with your girl, you think I'll give you money out of mercy?\n 4 |  20-25  | \u662f\uff01\u65bd\u820d\u70b9\u5427 Yes, please give me money\n 5 |  26-33  | \u4e5e\u4e10\u5c31\u662f\u4e0d\u7ed9\uff01\u5feb\u6eda No mercy, go away\n 6 |  34-37  | \u4e0d\u7ed9\u4e0d\u884c No, you should pay me\n 7 |  38-42  | \u5e94\u4efd\u7684\uff01\u5144\u5f1f It's a must, pal\n 8 |  46-55  | \u5949\u65e8\u4e5e\u98df\uff1f\u6709\u6ca1\u6709\u6405\u9519\uff1f A must? Kidding?\n 9 |  56-65  | \u6ca1\u6709\u6405\u9519\uff01\u723d\u624b\u70b9\uff01 It's true, be quick\n10 |  65-68  | \u6015\u4e86\u4f60 It's bad luck to meet you\n11 |  69-73  | \u5148\u522b\u8d70 Stop\n12 |  73-77  | \u53c8\u600e\u4e48\uff1f What?\n13 |  77-88  | \u8fd8\u6709\u4e00\u5bb6\u5927\u5c0f\u7684\uff01\u7ed9\u591a\u70b9 See my family? Give more\n14 |  89-93  | \u6dfb\u591a\u5c11\uff1f How much?\n15 |  93-100 | \u6ca1\u6709\u4e00\u5343\u90fd\u7ed9\u516b\u767e Not less than a thousand, got me?\n\x1b[32mINFO    \x1b[0m root:synchronization.py:420 OVERLAP (0.16):\n      1    2    3    4\n 1  1. 0. 0. 0. \n 2  0. 1. 0. 0. \n 3  0. 0. 1. 0. \n 4  0. 0. 0. 1.  \n\x1b[32mINFO    \x1b[0m root:synchronization.py:188 SYNC GROUPS:\n[([0], [0]), ([1], [1]), ([2], [2]), ([3], [3])]\n\x1b[32mINFO    \x1b[0m root:synchronization.py:191 SYNCED SUBTITLES:\n 1 |   0-12  | \u8fd8\u4e0d\u5feb\u8c22\u8c22\u4eba\u5bb6\uff1f Say thank you now\n 2 |  25-33  | \u8c22\u8c22 Thank you, uncle\n 3 |  34-51  | \u5feb\u70b9\u5403\u5427 Hurry up\n 4 |  76-100 | \u8ddf\u4f4f\u6211\u22ef\u8d70\u5427\u22ef Follow me\u2026 go\u2026
=============================== tests coverage ================================
_______________ coverage: platform win32, python 3.13.7-final-0 _______________

Name                                                                                               Stmts   Miss  Cover
----------------------------------------------------------------------------------------------------------------------
C:\Users\karls\Code\Scinoephile\scinoephile\__init__.py                                                0      0   100%
C:\Users\karls\Code\Scinoephile\scinoephile\audio\__init__.py                                          0      0   100%
C:\Users\karls\Code\Scinoephile\scinoephile\audio\subtitles\__init__.py                               29     19    34%
C:\Users\karls\Code\Scinoephile\scinoephile\audio\subtitles\block.py                                  18      5    72%
C:\Users\karls\Code\Scinoephile\scinoephile\audio\subtitles\series.py                                175    118    33%
C:\Users\karls\Code\Scinoephile\scinoephile\audio\subtitles\subtitle.py                               32     11    66%
C:\Users\karls\Code\Scinoephile\scinoephile\audio\transcription\__init__.py                           87     75    14%
C:\Users\karls\Code\Scinoephile\scinoephile\audio\transcription\transcribed_segment.py                15      0   100%
C:\Users\karls\Code\Scinoephile\scinoephile\audio\transcription\transcribed_word.py                    7      0   100%
C:\Users\karls\Code\Scinoephile\scinoephile\audio\transcription\whisper_transcriber.py                48     28    42%
C:\Users\karls\Code\Scinoephile\scinoephile\cli\__init__.py                                            3      0   100%
C:\Users\karls\Code\Scinoephile\scinoephile\cli\scinoephile_cli.py                                   116     13    89%
C:\Users\karls\Code\Scinoephile\scinoephile\common\__init__.py                                         7      0   100%
C:\Users\karls\Code\Scinoephile\scinoephile\common\argument_parsing.py                                60     18    70%
C:\Users\karls\Code\Scinoephile\scinoephile\common\command_line_interface.py                          64     11    83%
C:\Users\karls\Code\Scinoephile\scinoephile\common\exception.py                                       10      0   100%
C:\Users\karls\Code\Scinoephile\scinoephile\common\file.py                                            42     12    71%
C:\Users\karls\Code\Scinoephile\scinoephile\common\general.py                                         49     49     0%
C:\Users\karls\Code\Scinoephile\scinoephile\common\logs.py                                            14      5    64%
C:\Users\karls\Code\Scinoephile\scinoephile\common\testing.py                                          8      0   100%
C:\Users\karls\Code\Scinoephile\scinoephile\common\validation.py                                     135     81    40%
C:\Users\karls\Code\Scinoephile\scinoephile\core\__init__.py                                           3      0   100%
C:\Users\karls\Code\Scinoephile\scinoephile\core\analysis\__init__.py                                  8      0   100%
C:\Users\karls\Code\Scinoephile\scinoephile\core\analysis\line_diff.py                                31      0   100%
C:\Users\karls\Code\Scinoephile\scinoephile\core\analysis\line_diff_kind.py                           12      0   100%
C:\Users\karls\Code\Scinoephile\scinoephile\core\analysis\replace_cursor.py                           37      0   100%
C:\Users\karls\Code\Scinoephile\scinoephile\core\analysis\series_diff.py                             278     32    88%
C:\Users\karls\Code\Scinoephile\scinoephile\core\exceptions.py                                         3      0   100%
C:\Users\karls\Code\Scinoephile\scinoephile\core\pairs.py                                             70      8    89%
C:\Users\karls\Code\Scinoephile\scinoephile\core\subtitles\__init__.py                                25      2    92%
C:\Users\karls\Code\Scinoephile\scinoephile\core\subtitles\block.py                                   40     10    75%
C:\Users\karls\Code\Scinoephile\scinoephile\core\subtitles\series.py                                 102     12    88%
C:\Users\karls\Code\Scinoephile\scinoephile\core\subtitles\subtitle.py                                46      8    83%
C:\Users\karls\Code\Scinoephile\scinoephile\core\synchronization.py                                  218     42    81%
C:\Users\karls\Code\Scinoephile\scinoephile\core\testing.py                                           27     15    44%
C:\Users\karls\Code\Scinoephile\scinoephile\core\text.py                                              50      7    86%
C:\Users\karls\Code\Scinoephile\scinoephile\core\timing.py                                            42      7    83%
C:\Users\karls\Code\Scinoephile\scinoephile\image\__init__.py                                          0      0   100%
C:\Users\karls\Code\Scinoephile\scinoephile\image\bbox.py                                             19      2    89%
C:\Users\karls\Code\Scinoephile\scinoephile\image\bboxes.py                                           87     79     9%
C:\Users\karls\Code\Scinoephile\scinoephile\image\colors.py                                           37     28    24%
C:\Users\karls\Code\Scinoephile\scinoephile\image\drawing.py                                          34     20    41%
C:\Users\karls\Code\Scinoephile\scinoephile\image\ocr\__init__.py                                      3      0   100%
C:\Users\karls\Code\Scinoephile\scinoephile\image\ocr\char_cursor.py                                  25      7    72%
C:\Users\karls\Code\Scinoephile\scinoephile\image\ocr\char_dims.py                                    38     29    24%
C:\Users\karls\Code\Scinoephile\scinoephile\image\ocr\char_grp_dims.py                                29     22    24%
C:\Users\karls\Code\Scinoephile\scinoephile\image\ocr\char_pair_gaps.py                               77     66    14%
C:\Users\karls\Code\Scinoephile\scinoephile\image\ocr\gap_cursor.py                                   93     46    51%
C:\Users\karls\Code\Scinoephile\scinoephile\image\ocr\validation_manager.py                          311    271    13%
C:\Users\karls\Code\Scinoephile\scinoephile\image\subtitles\__init__.py                                4      0   100%
C:\Users\karls\Code\Scinoephile\scinoephile\image\subtitles\series.py                                179     35    80%
C:\Users\karls\Code\Scinoephile\scinoephile\image\subtitles\subtitle.py                               38      5    87%
C:\Users\karls\Code\Scinoephile\scinoephile\image\subtitles\sup.py                                   100     90    10%
C:\Users\karls\Code\Scinoephile\scinoephile\lang\__init__.py                                           0      0   100%
C:\Users\karls\Code\Scinoephile\scinoephile\lang\cmn\__init__.py                                       3      0   100%
C:\Users\karls\Code\Scinoephile\scinoephile\lang\cmn\romanization.py                                  29      0   100%
C:\Users\karls\Code\Scinoephile\scinoephile\lang\eng\__init__.py                                       7      0   100%
C:\Users\karls\Code\Scinoephile\scinoephile\lang\eng\cleaning.py                                      48      0   100%
C:\Users\karls\Code\Scinoephile\scinoephile\lang\eng\flattening.py                                    25      3    88%
C:\Users\karls\Code\Scinoephile\scinoephile\lang\eng\ocr_fusion\__init__.py                           26      3    88%
C:\Users\karls\Code\Scinoephile\scinoephile\lang\eng\ocr_fusion\prompts.py                            23      0   100%
C:\Users\karls\Code\Scinoephile\scinoephile\lang\eng\ocr_validation.py                                11      5    55%
C:\Users\karls\Code\Scinoephile\scinoephile\lang\eng\prompts.py                                       22      0   100%
C:\Users\karls\Code\Scinoephile\scinoephile\lang\eng\proofreading\__init__.py                         26      3    88%
C:\Users\karls\Code\Scinoephile\scinoephile\lang\eng\proofreading\prompts.py                          25      0   100%
C:\Users\karls\Code\Scinoephile\scinoephile\lang\yue\__init__.py                                       3      0   100%
C:\Users\karls\Code\Scinoephile\scinoephile\lang\yue\prompts.py                                       22      0   100%
C:\Users\karls\Code\Scinoephile\scinoephile\lang\yue\romanization.py                                 103     41    60%
C:\Users\karls\Code\Scinoephile\scinoephile\lang\zho\__init__.py                                       8      0   100%
C:\Users\karls\Code\Scinoephile\scinoephile\lang\zho\cleaning.py                                      42      0   100%
C:\Users\karls\Code\Scinoephile\scinoephile\lang\zho\conversion\__init__.py                           29      0   100%
C:\Users\karls\Code\Scinoephile\scinoephile\lang\zho\conversion\opencc_config.py                      31      0   100%
C:\Users\karls\Code\Scinoephile\scinoephile\lang\zho\flattening.py                                    17      0   100%
C:\Users\karls\Code\Scinoephile\scinoephile\lang\zho\ocr_fusion\__init__.py                           28      3    89%
C:\Users\karls\Code\Scinoephile\scinoephile\lang\zho\ocr_fusion\prompts.py                            39      0   100%
C:\Users\karls\Code\Scinoephile\scinoephile\lang\zho\ocr_validation.py                                11      5    55%
C:\Users\karls\Code\Scinoephile\scinoephile\lang\zho\prompts.py                                       54      8    85%
C:\Users\karls\Code\Scinoephile\scinoephile\lang\zho\proofreading\__init__.py                         28      3    89%
C:\Users\karls\Code\Scinoephile\scinoephile\lang\zho\proofreading\prompts.py                          31      0   100%
C:\Users\karls\Code\Scinoephile\scinoephile\llms\__init__.py                                           0      0   100%
C:\Users\karls\Code\Scinoephile\scinoephile\llms\base\__init__.py                                     11      0   100%
C:\Users\karls\Code\Scinoephile\scinoephile\llms\base\answer.py                                       12      1    92%
C:\Users\karls\Code\Scinoephile\scinoephile\llms\base\llm_provider.py                                 12      2    83%
C:\Users\karls\Code\Scinoephile\scinoephile\llms\base\manager.py                                      68      6    91%
C:\Users\karls\Code\Scinoephile\scinoephile\llms\base\models.py                                       17      3    82%
C:\Users\karls\Code\Scinoephile\scinoephile\llms\base\processor.py                                    31      5    84%
C:\Users\karls\Code\Scinoephile\scinoephile\llms\base\prompt.py                                       29      0   100%
C:\Users\karls\Code\Scinoephile\scinoephile\llms\base\query.py                                        19      1    95%
C:\Users\karls\Code\Scinoephile\scinoephile\llms\base\queryer.py                                     166     94    43%
C:\Users\karls\Code\Scinoephile\scinoephile\llms\base\test_case.py                                    34      3    91%
C:\Users\karls\Code\Scinoephile\scinoephile\llms\base\utils.py                                        20      3    85%
C:\Users\karls\Code\Scinoephile\scinoephile\llms\dual_block\__init__.py                                5      0   100%
C:\Users\karls\Code\Scinoephile\scinoephile\llms\dual_block\manager.py                                82      4    95%
C:\Users\karls\Code\Scinoephile\scinoephile\llms\dual_block\processor.py                              53      4    92%
C:\Users\karls\Code\Scinoephile\scinoephile\llms\dual_block\prompt.py                                 61      3    95%
C:\Users\karls\Code\Scinoephile\scinoephile\llms\dual_block_gapped\__init__.py                         5      0   100%
C:\Users\karls\Code\Scinoephile\scinoephile\llms\dual_block_gapped\manager.py                         75      4    95%
C:\Users\karls\Code\Scinoephile\scinoephile\llms\dual_block_gapped\processor.py                       67      2    97%
C:\Users\karls\Code\Scinoephile\scinoephile\llms\dual_block_gapped\prompt.py                          36      1    97%
C:\Users\karls\Code\Scinoephile\scinoephile\llms\dual_multi_single\__init__.py                         4      0   100%
C:\Users\karls\Code\Scinoephile\scinoephile\llms\dual_multi_single\manager.py                         48     25    48%
C:\Users\karls\Code\Scinoephile\scinoephile\llms\dual_multi_single\prompt.py                          24      0   100%
C:\Users\karls\Code\Scinoephile\scinoephile\llms\dual_pair\__init__.py                                 4      0   100%
C:\Users\karls\Code\Scinoephile\scinoephile\llms\dual_pair\manager.py                                 67     41    39%
C:\Users\karls\Code\Scinoephile\scinoephile\llms\dual_pair\prompt.py                                  39      1    97%
C:\Users\karls\Code\Scinoephile\scinoephile\llms\dual_single\__init__.py                               4      0   100%
C:\Users\karls\Code\Scinoephile\scinoephile\llms\dual_single\manager.py                               49      5    90%
C:\Users\karls\Code\Scinoephile\scinoephile\llms\dual_single\ocr_fusion\__init__.py                    5      0   100%
C:\Users\karls\Code\Scinoephile\scinoephile\llms\dual_single\ocr_fusion\manager.py                    34     13    62%
C:\Users\karls\Code\Scinoephile\scinoephile\llms\dual_single\ocr_fusion\processor.py                  52      3    94%
C:\Users\karls\Code\Scinoephile\scinoephile\llms\dual_single\ocr_fusion\prompt.py                     10      0   100%
C:\Users\karls\Code\Scinoephile\scinoephile\llms\dual_single\prompt.py                                28      0   100%
C:\Users\karls\Code\Scinoephile\scinoephile\llms\mono_block\__init__.py                                5      0   100%
C:\Users\karls\Code\Scinoephile\scinoephile\llms\mono_block\manager.py                                89      4    96%
C:\Users\karls\Code\Scinoephile\scinoephile\llms\mono_block\processor.py                              41      2    95%
C:\Users\karls\Code\Scinoephile\scinoephile\llms\mono_block\prompt.py                                 51      3    94%
C:\Users\karls\Code\Scinoephile\scinoephile\multilang\__init__.py                                      0      0   100%
C:\Users\karls\Code\Scinoephile\scinoephile\multilang\yue_zho\__init__.py                              5      0   100%
C:\Users\karls\Code\Scinoephile\scinoephile\multilang\yue_zho\proofreading\__init__.py                25      3    88%
C:\Users\karls\Code\Scinoephile\scinoephile\multilang\yue_zho\proofreading\manager.py                 25      1    96%
C:\Users\karls\Code\Scinoephile\scinoephile\multilang\yue_zho\proofreading\processor.py               58      2    97%
C:\Users\karls\Code\Scinoephile\scinoephile\multilang\yue_zho\proofreading\prompts.py                 37      0   100%
C:\Users\karls\Code\Scinoephile\scinoephile\multilang\yue_zho\review\__init__.py                      23      3    87%
C:\Users\karls\Code\Scinoephile\scinoephile\multilang\yue_zho\review\prompts.py                       35      0   100%
C:\Users\karls\Code\Scinoephile\scinoephile\multilang\yue_zho\transcription\__init__.py                3      0   100%
C:\Users\karls\Code\Scinoephile\scinoephile\multilang\yue_zho\transcription\aligner.py               131    111    15%
C:\Users\karls\Code\Scinoephile\scinoephile\multilang\yue_zho\transcription\alignment.py             119     82    31%
C:\Users\karls\Code\Scinoephile\scinoephile\multilang\yue_zho\transcription\merging\__init__.py        4      0   100%
C:\Users\karls\Code\Scinoephile\scinoephile\multilang\yue_zho\transcription\merging\manager.py        33     19    42%
C:\Users\karls\Code\Scinoephile\scinoephile\multilang\yue_zho\transcription\merging\prompt.py         36      1    97%
C:\Users\karls\Code\Scinoephile\scinoephile\multilang\yue_zho\transcription\shifting\__init__.py       3      0   100%
C:\Users\karls\Code\Scinoephile\scinoephile\multilang\yue_zho\transcription\shifting\prompt.py        46      1    98%
C:\Users\karls\Code\Scinoephile\scinoephile\multilang\yue_zho\transcription\transcriber.py            53     36    32%
C:\Users\karls\Code\Scinoephile\scinoephile\multilang\yue_zho\translation\__init__.py                 23      3    87%
C:\Users\karls\Code\Scinoephile\scinoephile\multilang\yue_zho\translation\prompts.py                  35      0   100%
C:\Users\karls\Code\Scinoephile\scinoephile\open_ai\__init__.py                                        3      0   100%
C:\Users\karls\Code\Scinoephile\scinoephile\open_ai\openai_provider.py                                40     26    35%
----------------------------------------------------------------------------------------------------------------------
TOTAL                                                                                               5770   1883    67%
=========================== short test summary info ===========================
FAILED lang\eng\test_get_eng_proofread.py::test_get_eng_proofread_kob - Faile...
FAILED core\synchronization\test_get_synced_series.py::test_get_synced_series_kob
=================== 2 failed, 87 passed in 96.25s (0:01:36) ===================
