============================= test session starts ==============================
platform darwin -- Python 3.13.11, pytest-9.0.2, pluggy-1.6.0 -- /Users/karldebiec/Code/Scinoephile/.venv/bin/python3
cachedir: .pytest_cache
rootdir: /Users/karldebiec/Code/Scinoephile
configfile: pyproject.toml
plugins: anyio-4.12.0, xdist-3.8.0, asyncio-1.3.0, cov-7.0.0
asyncio: mode=Mode.AUTO, debug=False, asyncio_default_fixture_loop_scope=function, asyncio_default_test_loop_scope=function
created: 10/10 workers
10 workers [79 items]

scheduling tests via LoadScheduling

analysis/test_get_series_diff.py::test_get_series_diff_mnt_zho_simplify 
core/pairs/test_get_block_pairs_by_pause.py::test_get_block_pairs_by_pause_mnt 
core/subtitles/test_series.py::test_series[t/input/eng.srt] 
core/subtitles/test_series.py::test_series[kob/input/eng.srt] 
cli/test_cli.py::test_help[cli0] 
cli/test_process_cli.py::test_english[cli0-mnt/output/eng_fuse.srt---clean-mnt/output/eng_fuse_clean.srt] 
cli/test_process_cli.py::test_chinese[cli0-mnt/output/zho-Hans_fuse_clean_validate_proofread.srt---flatten-mnt/output/zho-Hans_fuse_clean_validate_proofread_flatten.srt] 
cli/test_process_cli.py::test_bilingual[cli0-mlamd/output/zho-Hans_fuse_clean_validate_proofread_flatten.srt-mlamd/output/eng_fuse_clean_validate_proofread_flatten.srt---clean --flatten-mlamd/output/zho-Hans_eng.srt] 
analysis/test_get_series_diff.py::test_get_series_diff_kob 
core/subtitles/test_series.py::test_series[kob/input/yue-Hant.srt] 
[gw3] [  1%] PASSED cli/test_cli.py::test_help[cli0] 
cli/test_cli.py::test_usage[cli0] 
[gw3] [  2%] PASSED cli/test_cli.py::test_usage[cli0] 
core/subtitles/test_series.py::test_series[t/input/zho-Hant.srt] 
[gw0] [  3%] PASSED analysis/test_get_series_diff.py::test_get_series_diff_mnt_zho_simplify 
analysis/test_get_series_diff.py::test_get_series_diff_t_zho_simplify 
[gw3] [  5%] PASSED core/subtitles/test_series.py::test_series[t/input/zho-Hant.srt] 
core/synchronization/test_get_synced_series.py::test_get_synced_series_kob 
[gw7] [  6%] PASSED core/subtitles/test_series.py::test_series[kob/input/eng.srt] 
core/subtitles/test_series.py::test_series[kob/input/yue-Hans.srt] 
[gw9] [  7%] PASSED core/subtitles/test_series.py::test_series[t/input/eng.srt] 
core/subtitles/test_series.py::test_series[t/input/zho-Hans.srt] 
[gw8] [  8%] PASSED core/subtitles/test_series.py::test_series[kob/input/yue-Hant.srt] 
core/subtitles/test_series.py::test_series[mnt/input/zho-Hant.srt] 
[gw9] [ 10%] PASSED core/subtitles/test_series.py::test_series[t/input/zho-Hans.srt] 
image/subtitles/test_image_series.py::test_load_sup[mlamd_eng_sup_path-942-expected_first_size0] 
[gw4] [ 11%] PASSED cli/test_process_cli.py::test_chinese[cli0-mnt/output/zho-Hans_fuse_clean_validate_proofread.srt---flatten-mnt/output/zho-Hans_fuse_clean_validate_proofread_flatten.srt] 
cli/test_process_cli.py::test_chinese[cli1-mnt/output/zho-Hant_fuse_clean_validate_proofread_flatten.srt---convert-mnt/output/zho-Hant_fuse_clean_validate_proofread_flatten_simplify.srt] 
[gw8] [ 12%] PASSED core/subtitles/test_series.py::test_series[mnt/input/zho-Hant.srt] 
image/subtitles/test_image_series.py::test_load_sup[mlamd_zho_hans_sup_path-932-expected_first_size1] 
[gw6] [ 13%] PASSED core/pairs/test_get_block_pairs_by_pause.py::test_get_block_pairs_by_pause_mnt 
core/pairs/test_get_block_pairs_by_pause.py::test_get_block_pairs_by_pause_t 
[gw1] [ 15%] PASSED analysis/test_get_series_diff.py::test_get_series_diff_kob 
analysis/test_get_series_diff.py::test_get_series_diff_mlamd_zho_simplify 
[gw7] [ 16%] PASSED core/subtitles/test_series.py::test_series[kob/input/yue-Hans.srt] 
core/timing/test_get_series_timewarped.py::test_get_series_timewarped_kob 
[gw2] [ 17%] PASSED cli/test_process_cli.py::test_english[cli0-mnt/output/eng_fuse.srt---clean-mnt/output/eng_fuse_clean.srt] 
[gw0] [ 18%] PASSED analysis/test_get_series_diff.py::test_get_series_diff_t_zho_simplify 
cli/test_process_cli.py::test_english[cli1-mnt/output/eng_fuse_clean_validate_proofread.srt---flatten-mnt/output/eng_fuse_clean_validate_proofread_flatten.srt] 
core/synchronization/test_get_synced_series.py::test_get_synced_series_mlamd 
[gw4] [ 20%] PASSED cli/test_process_cli.py::test_chinese[cli1-mnt/output/zho-Hant_fuse_clean_validate_proofread_flatten.srt---convert-mnt/output/zho-Hant_fuse_clean_validate_proofread_flatten_simplify.srt] 
image/subtitles/test_image_series.py::test_load_html[mlamd_eng_image_path-942-expected_first_size0] 
[gw1] [ 21%] PASSED analysis/test_get_series_diff.py::test_get_series_diff_mlamd_zho_simplify 
image/subtitles/test_image_series.py::test_save_html[mlamd_zho_hans_image_path-932] 
[gw6] [ 22%] PASSED core/pairs/test_get_block_pairs_by_pause.py::test_get_block_pairs_by_pause_t 
image/subtitles/test_image_series.py::test_save_html[mlamd_eng_image_path-942] 
[gw2] [ 24%] PASSED cli/test_process_cli.py::test_english[cli1-mnt/output/eng_fuse_clean_validate_proofread.srt---flatten-mnt/output/eng_fuse_clean_validate_proofread_flatten.srt] 
lang/cmn/test_get_cmn_romanized.py::test_get_mandarin_romanization_t 
[gw7] [ 25%] PASSED core/timing/test_get_series_timewarped.py::test_get_series_timewarped_kob 
lang/cmn/test_get_cmn_romanized.py::test_get_mandarin_romanization_mnt 
[gw4] [ 26%] PASSED image/subtitles/test_image_series.py::test_load_html[mlamd_eng_image_path-942-expected_first_size0] 
lang/eng/test_get_eng_cleaned.py::test_get_eng_cleaned_kob 
[gw7] [ 27%] PASSED lang/cmn/test_get_cmn_romanized.py::test_get_mandarin_romanization_mnt 
lang/eng/test_get_eng_flattened.py::test_get_eng_flattened_kob 
[gw5] [ 29%] PASSED cli/test_process_cli.py::test_bilingual[cli0-mlamd/output/zho-Hans_fuse_clean_validate_proofread_flatten.srt-mlamd/output/eng_fuse_clean_validate_proofread_flatten.srt---clean --flatten-mlamd/output/zho-Hans_eng.srt] 
core/pairs/test_get_block_pairs_by_pause.py::test_get_block_pairs_by_pause_kob 
[gw2] [ 30%] PASSED lang/cmn/test_get_cmn_romanized.py::test_get_mandarin_romanization_t 
lang/eng/test_get_eng_cleaned.py::test_get_eng_cleaned_t 
[gw0] [ 31%] PASSED core/synchronization/test_get_synced_series.py::test_get_synced_series_mlamd 
lang/cmn/test_get_cmn_romanized.py::test_get_mandarin_text_romanization[\u4f60\u597d\u4e16\u754c-n\u01d0h\u01ceo sh\xecji\xe8] 
[gw7] [ 32%] PASSED lang/eng/test_get_eng_flattened.py::test_get_eng_flattened_kob 
lang/eng/test_get_eng_flattened.py::test_get_eng_flattened_mnt 
[gw5] [ 34%] PASSED core/pairs/test_get_block_pairs_by_pause.py::test_get_block_pairs_by_pause_kob 
lang/eng/test_get_eng_flattened.py::test_get_eng_flattened_t 
[gw4] [ 35%] PASSED lang/eng/test_get_eng_cleaned.py::test_get_eng_cleaned_kob 
lang/eng/test_get_eng_flattened.py::test_get_eng_flattened_mlamd 
[gw2] [ 36%] PASSED lang/eng/test_get_eng_cleaned.py::test_get_eng_cleaned_t 
[gw5] [ 37%] PASSED lang/eng/test_get_eng_flattened.py::test_get_eng_flattened_t 
lang/eng/test_get_eng_flattened.py::test_get_eng_text_flattened[line 1\nline 2-line 1 line 2] 
[gw2] [ 39%] PASSED lang/eng/test_get_eng_flattened.py::test_get_eng_text_flattened[line 1\nline 2-line 1 line 2] 
lang/eng/test_get_eng_ocr_fused.py::test_get_eng_ocr_fused_mnt 
[gw3] [ 40%] PASSED core/synchronization/test_get_synced_series.py::test_get_synced_series_kob 
lang/eng/test_get_eng_proofread.py::test_get_eng_proofread_kob 
core/synchronization/test_get_synced_series.py::test_get_synced_series_t 
[gw4] [ 41%] PASSED lang/eng/test_get_eng_flattened.py::test_get_eng_flattened_mlamd 
lang/eng/test_get_eng_ocr_fused.py::test_get_eng_ocr_fused_t 
[gw9] [ 43%] PASSED image/subtitles/test_image_series.py::test_load_sup[mlamd_eng_sup_path-942-expected_first_size0] 
image/subtitles/test_image_series.py::test_load_sup[mlamd_zho_hant_sup_path-932-expected_first_size2] 
[gw8] [ 44%] PASSED image/subtitles/test_image_series.py::test_load_sup[mlamd_zho_hans_sup_path-932-expected_first_size1] 
image/subtitles/test_image_series.py::test_load_html[mlamd_zho_hans_image_path-932-expected_first_size1] 
[gw7] [ 45%] PASSED lang/eng/test_get_eng_flattened.py::test_get_eng_flattened_mnt 
lang/eng/test_get_eng_ocr_fused.py::test_get_eng_ocr_fused_mlamd 
[gw0] [ 46%] PASSED lang/cmn/test_get_cmn_romanized.py::test_get_mandarin_text_romanization[\u4f60\u597d\u4e16\u754c-n\u01d0h\u01ceo sh\xecji\xe8] 
lang/eng/test_get_eng_ocr_fused.py::test_get_eng_ocr_fused_kob 
[gw5] [ 48%] PASSED lang/eng/test_get_eng_ocr_fused.py::test_get_eng_ocr_fused_mnt 
lang/eng/test_get_eng_proofread.py::test_get_eng_proofread_mlamd 
[gw4] [ 49%] PASSED lang/eng/test_get_eng_ocr_fused.py::test_get_eng_ocr_fused_t 
lang/eng/test_validate_eng_ocr.py::test_validate_eng_ocr_mlamd 
[gw7] [ 50%] PASSED lang/eng/test_get_eng_ocr_fused.py::test_get_eng_ocr_fused_mlamd 
lang/zho/test_get_zho_cleaned.py::test_get_zho_cleaned_kob 
[gw7] [ 51%] PASSED lang/zho/test_get_zho_cleaned.py::test_get_zho_cleaned_kob 
lang/zho/test_get_zho_converted.py::test_get_zho_converted_kob 
[gw0] [ 53%] PASSED lang/eng/test_get_eng_ocr_fused.py::test_get_eng_ocr_fused_kob 
lang/zho/test_get_zho_cleaned.py::test_get_zho_cleaned_mlamd 
[gw7] [ 54%] PASSED lang/zho/test_get_zho_converted.py::test_get_zho_converted_kob 
lang/zho/test_get_zho_converted.py::test_get_zho_converter[\u7e41\u9ad4\u4e2d\u6587-t2s-\u7e41\u4f53\u4e2d\u6587] 
[gw7] [ 55%] PASSED lang/zho/test_get_zho_converted.py::test_get_zho_converter[\u7e41\u9ad4\u4e2d\u6587-t2s-\u7e41\u4f53\u4e2d\u6587] 
lang/zho/test_get_zho_flattened.py::test_get_zho_flattened_kob 
[gw0] [ 56%] PASSED lang/zho/test_get_zho_cleaned.py::test_get_zho_cleaned_mlamd 
lang/zho/test_get_zho_converted.py::test_get_zho_converter[\u7b80\u4f53\u4e2d\u6587-s2t-\u7c21\u9ad4\u4e2d\u6587] 
[gw0] [ 58%] PASSED lang/zho/test_get_zho_converted.py::test_get_zho_converter[\u7b80\u4f53\u4e2d\u6587-s2t-\u7c21\u9ad4\u4e2d\u6587] 
lang/zho/test_get_zho_flattened.py::test_get_zho_flattened_mnt 
[gw3] [ 59%] PASSED core/synchronization/test_get_synced_series.py::test_get_synced_series_t 
lang/eng/test_get_eng_proofread.py::test_get_eng_proofread_t 
[gw2] [ 60%] PASSED lang/eng/test_get_eng_proofread.py::test_get_eng_proofread_kob 
lang/eng/test_get_eng_proofread.py::test_get_eng_proofread_mnt 
[gw8] [ 62%] PASSED image/subtitles/test_image_series.py::test_load_html[mlamd_zho_hans_image_path-932-expected_first_size1] 
[gw0] [ 63%] PASSED lang/zho/test_get_zho_flattened.py::test_get_zho_flattened_mnt 
lang/yue/test_get_yue_romanized.py::test_get_yue_text_romanized[\u4f60\u597d\u4e16\u754c-n\xe9ih h\xf3u sai gaai] 
lang/zho/test_get_zho_flattened.py::test_get_zho_flattened_t 
[gw8] [ 64%] PASSED lang/yue/test_get_yue_romanized.py::test_get_yue_text_romanized[\u4f60\u597d\u4e16\u754c-n\xe9ih h\xf3u sai gaai] 
[gw9] [ 65%] PASSED image/subtitles/test_image_series.py::test_load_sup[mlamd_zho_hant_sup_path-932-expected_first_size2] 
lang/zho/test_get_zho_ocr_fused.py::test_get_zho_ocr_fused_mnt 
lang/yue/test_get_yue_romanized.py::test_get_yue_romanized_kob 
[gw7] [ 67%] PASSED lang/zho/test_get_zho_flattened.py::test_get_zho_flattened_kob 
lang/zho/test_get_zho_flattened.py::test_get_zho_flattened_mlamd 
[gw5] [ 68%] PASSED lang/eng/test_get_eng_proofread.py::test_get_eng_proofread_mlamd 
lang/zho/test_get_zho_cleaned.py::test_get_zho_cleaned_mnt 
[gw0] [ 69%] PASSED lang/zho/test_get_zho_flattened.py::test_get_zho_flattened_t 
lang/zho/test_get_zho_ocr_fused.py::test_get_zho_ocr_fused_t 
[gw7] [ 70%] PASSED lang/zho/test_get_zho_flattened.py::test_get_zho_flattened_mlamd 
[gw9] [ 72%] PASSED lang/yue/test_get_yue_romanized.py::test_get_yue_romanized_kob 
lang/zho/test_get_zho_proofread.py::test_get_zho_proofread_mnt 
lang/zho/test_get_zho_proofread.py::test_get_zho_proofread_mlamd 
[gw2] [ 73%] PASSED lang/eng/test_get_eng_proofread.py::test_get_eng_proofread_mnt 
lang/zho/test_get_zho_ocr_fused.py::test_get_zho_ocr_fused_mlamd 
[gw6] [ 74%] PASSED image/subtitles/test_image_series.py::test_save_html[mlamd_eng_image_path-942] 
lang/eng/test_get_eng_cleaned.py::test_get_eng_cleaned_mnt 
[gw5] [ 75%] PASSED lang/zho/test_get_zho_cleaned.py::test_get_zho_cleaned_mnt 
lang/zho/test_get_zho_proofread.py::test_get_zho_proofread_t 
[gw1] [ 77%] PASSED image/subtitles/test_image_series.py::test_save_html[mlamd_zho_hans_image_path-932] 
lang/eng/test_get_eng_cleaned.py::test_get_eng_cleaned_mlamd 
[gw6] [ 78%] PASSED lang/eng/test_get_eng_cleaned.py::test_get_eng_cleaned_mnt 
multilang/yue_zho/test_get_yue_vs_zho_translated.py::test_get_yue_vs_zho_translated_mlamd 
[gw8] [ 79%] PASSED lang/zho/test_get_zho_ocr_fused.py::test_get_zho_ocr_fused_mnt 
lang/zho/test_get_zho_proofread.py::test_get_zho_proofread_kob 
[gw2] [ 81%] PASSED lang/zho/test_get_zho_ocr_fused.py::test_get_zho_ocr_fused_mlamd 
multilang/yue_zho/test_get_yue_vs_zho_reviewed.py::test_get_yue_vs_zho_reviewed_mlamd 
[gw6] [ 82%] PASSED multilang/yue_zho/test_get_yue_vs_zho_translated.py::test_get_yue_vs_zho_translated_mlamd 
[gw1] [ 83%] PASSED lang/eng/test_get_eng_cleaned.py::test_get_eng_cleaned_mlamd 
[gw7] [ 84%] PASSED lang/zho/test_get_zho_proofread.py::test_get_zho_proofread_mnt 
lang/zho/test_validate_zho_ocr.py::test_validate_zho_ocr_mlamd_hant 
[gw0] [ 86%] PASSED lang/zho/test_get_zho_ocr_fused.py::test_get_zho_ocr_fused_t 
[gw9] [ 87%] PASSED lang/zho/test_get_zho_proofread.py::test_get_zho_proofread_mlamd 
lang/zho/test_validate_zho_ocr.py::test_validate_zho_ocr_mlamd_hans 
multilang/yue_zho/test_get_yue_vs_zho_proofread.py::test_get_yue_vs_zho_proofread_mlamd 
[gw5] [ 88%] PASSED lang/zho/test_get_zho_proofread.py::test_get_zho_proofread_t 
[gw3] [ 89%] PASSED lang/eng/test_get_eng_proofread.py::test_get_eng_proofread_t 
lang/zho/test_get_zho_ocr_fused.py::test_get_zho_ocr_fused_kob 
[gw9] [ 91%] PASSED multilang/yue_zho/test_get_yue_vs_zho_proofread.py::test_get_yue_vs_zho_proofread_mlamd 
[gw2] [ 92%] PASSED multilang/yue_zho/test_get_yue_vs_zho_reviewed.py::test_get_yue_vs_zho_reviewed_mlamd 
[gw8] [ 93%] PASSED lang/zho/test_get_zho_proofread.py::test_get_zho_proofread_kob 
[gw3] [ 94%] PASSED lang/zho/test_get_zho_ocr_fused.py::test_get_zho_ocr_fused_kob 
[gw4] [ 96%] PASSED lang/eng/test_validate_eng_ocr.py::test_validate_eng_ocr_mlamd 
lang/zho/test_get_zho_cleaned.py::test_get_zho_cleaned_t 
[gw4] [ 97%] PASSED lang/zho/test_get_zho_cleaned.py::test_get_zho_cleaned_t 
[gw7] [ 98%] PASSED lang/zho/test_validate_zho_ocr.py::test_validate_zho_ocr_mlamd_hant 
[gw0] [100%] PASSED lang/zho/test_validate_zho_ocr.py::test_validate_zho_ocr_mlamd_hans 

================================ tests coverage ================================
______________ coverage: platform darwin, python 3.13.11-final-0 _______________

Name                                                                                                  Stmts   Miss  Cover
-------------------------------------------------------------------------------------------------------------------------
/Users/karldebiec/Code/Scinoephile/scinoephile/__init__.py                                                0      0   100%
/Users/karldebiec/Code/Scinoephile/scinoephile/analysis/__init__.py                                       8      0   100%
/Users/karldebiec/Code/Scinoephile/scinoephile/analysis/line_diff.py                                     31      0   100%
/Users/karldebiec/Code/Scinoephile/scinoephile/analysis/line_diff_kind.py                                12      0   100%
/Users/karldebiec/Code/Scinoephile/scinoephile/analysis/replace_cursor.py                                37      0   100%
/Users/karldebiec/Code/Scinoephile/scinoephile/analysis/series_diff.py                                  278     32    88%
/Users/karldebiec/Code/Scinoephile/scinoephile/audio/__init__.py                                          0      0   100%
/Users/karldebiec/Code/Scinoephile/scinoephile/audio/subtitles/__init__.py                               25     15    40%
/Users/karldebiec/Code/Scinoephile/scinoephile/audio/subtitles/block.py                                  18      5    72%
/Users/karldebiec/Code/Scinoephile/scinoephile/audio/subtitles/series.py                                176    119    32%
/Users/karldebiec/Code/Scinoephile/scinoephile/audio/subtitles/subtitle.py                               32     11    66%
/Users/karldebiec/Code/Scinoephile/scinoephile/audio/transcription/__init__.py                           87     75    14%
/Users/karldebiec/Code/Scinoephile/scinoephile/audio/transcription/transcribed_segment.py                15      0   100%
/Users/karldebiec/Code/Scinoephile/scinoephile/audio/transcription/transcribed_word.py                    7      0   100%
/Users/karldebiec/Code/Scinoephile/scinoephile/audio/transcription/whisper_transcriber.py                48     28    42%
/Users/karldebiec/Code/Scinoephile/scinoephile/cli/__init__.py                                            3      0   100%
/Users/karldebiec/Code/Scinoephile/scinoephile/cli/scinoephile_cli.py                                   116     13    89%
/Users/karldebiec/Code/Scinoephile/scinoephile/common/__init__.py                                         7      0   100%
/Users/karldebiec/Code/Scinoephile/scinoephile/common/argument_parsing.py                                60     18    70%
/Users/karldebiec/Code/Scinoephile/scinoephile/common/command_line_interface.py                          64     11    83%
/Users/karldebiec/Code/Scinoephile/scinoephile/common/exception.py                                       10      0   100%
/Users/karldebiec/Code/Scinoephile/scinoephile/common/file.py                                            42     12    71%
/Users/karldebiec/Code/Scinoephile/scinoephile/common/general.py                                         49     49     0%
/Users/karldebiec/Code/Scinoephile/scinoephile/common/logs.py                                            14      5    64%
/Users/karldebiec/Code/Scinoephile/scinoephile/common/testing.py                                          8      0   100%
/Users/karldebiec/Code/Scinoephile/scinoephile/common/validation.py                                     135     81    40%
/Users/karldebiec/Code/Scinoephile/scinoephile/core/__init__.py                                           3      0   100%
/Users/karldebiec/Code/Scinoephile/scinoephile/core/exceptions.py                                         3      0   100%
/Users/karldebiec/Code/Scinoephile/scinoephile/core/pairs.py                                             70      8    89%
/Users/karldebiec/Code/Scinoephile/scinoephile/core/subtitles/__init__.py                                23      2    91%
/Users/karldebiec/Code/Scinoephile/scinoephile/core/subtitles/block.py                                   40     10    75%
/Users/karldebiec/Code/Scinoephile/scinoephile/core/subtitles/series.py                                 104     15    86%
/Users/karldebiec/Code/Scinoephile/scinoephile/core/subtitles/subtitle.py                                38      6    84%
/Users/karldebiec/Code/Scinoephile/scinoephile/core/synchronization.py                                  218     42    81%
/Users/karldebiec/Code/Scinoephile/scinoephile/core/testing.py                                           34     18    47%
/Users/karldebiec/Code/Scinoephile/scinoephile/core/text.py                                              50      5    90%
/Users/karldebiec/Code/Scinoephile/scinoephile/core/timing.py                                            42      7    83%
/Users/karldebiec/Code/Scinoephile/scinoephile/image/__init__.py                                          0      0   100%
/Users/karldebiec/Code/Scinoephile/scinoephile/image/bbox.py                                             19      0   100%
/Users/karldebiec/Code/Scinoephile/scinoephile/image/bboxes.py                                           87     21    76%
/Users/karldebiec/Code/Scinoephile/scinoephile/image/colors.py                                           37     10    73%
/Users/karldebiec/Code/Scinoephile/scinoephile/image/drawing.py                                          34      7    79%
/Users/karldebiec/Code/Scinoephile/scinoephile/image/ocr/__init__.py                                      3      0   100%
/Users/karldebiec/Code/Scinoephile/scinoephile/image/ocr/char_cursor.py                                  25      2    92%
/Users/karldebiec/Code/Scinoephile/scinoephile/image/ocr/char_dims.py                                    38      9    76%
/Users/karldebiec/Code/Scinoephile/scinoephile/image/ocr/char_grp_dims.py                                29     10    66%
/Users/karldebiec/Code/Scinoephile/scinoephile/image/ocr/char_pair_gaps.py                               77     42    45%
/Users/karldebiec/Code/Scinoephile/scinoephile/image/ocr/gap_cursor.py                                   93     11    88%
/Users/karldebiec/Code/Scinoephile/scinoephile/image/ocr/validation_manager.py                          314    159    49%
/Users/karldebiec/Code/Scinoephile/scinoephile/image/subtitles/__init__.py                                5      0   100%
/Users/karldebiec/Code/Scinoephile/scinoephile/image/subtitles/block.py                                   3      0   100%
/Users/karldebiec/Code/Scinoephile/scinoephile/image/subtitles/series.py                                197     41    79%
/Users/karldebiec/Code/Scinoephile/scinoephile/image/subtitles/subtitle.py                               38      3    92%
/Users/karldebiec/Code/Scinoephile/scinoephile/image/subtitles/sup.py                                   100     90    10%
/Users/karldebiec/Code/Scinoephile/scinoephile/lang/__init__.py                                           0      0   100%
/Users/karldebiec/Code/Scinoephile/scinoephile/lang/cmn/__init__.py                                       3      0   100%
/Users/karldebiec/Code/Scinoephile/scinoephile/lang/cmn/romanization.py                                  29      0   100%
/Users/karldebiec/Code/Scinoephile/scinoephile/lang/eng/__init__.py                                       7      0   100%
/Users/karldebiec/Code/Scinoephile/scinoephile/lang/eng/cleaning.py                                      51      1    98%
/Users/karldebiec/Code/Scinoephile/scinoephile/lang/eng/flattening.py                                    33      3    91%
/Users/karldebiec/Code/Scinoephile/scinoephile/lang/eng/ocr_fusion/__init__.py                           26      3    88%
/Users/karldebiec/Code/Scinoephile/scinoephile/lang/eng/ocr_fusion/prompts.py                            23      0   100%
/Users/karldebiec/Code/Scinoephile/scinoephile/lang/eng/ocr_validation.py                                11      1    91%
/Users/karldebiec/Code/Scinoephile/scinoephile/lang/eng/prompts.py                                       22      0   100%
/Users/karldebiec/Code/Scinoephile/scinoephile/lang/eng/proofreading/__init__.py                         26      3    88%
/Users/karldebiec/Code/Scinoephile/scinoephile/lang/eng/proofreading/prompts.py                          25      0   100%
/Users/karldebiec/Code/Scinoephile/scinoephile/lang/yue/__init__.py                                       3      0   100%
/Users/karldebiec/Code/Scinoephile/scinoephile/lang/yue/prompts.py                                       22      0   100%
/Users/karldebiec/Code/Scinoephile/scinoephile/lang/yue/romanization.py                                 103     41    60%
/Users/karldebiec/Code/Scinoephile/scinoephile/lang/zho/__init__.py                                       8      0   100%
/Users/karldebiec/Code/Scinoephile/scinoephile/lang/zho/cleaning.py                                      46      0   100%
/Users/karldebiec/Code/Scinoephile/scinoephile/lang/zho/conversion/__init__.py                           29      0   100%
/Users/karldebiec/Code/Scinoephile/scinoephile/lang/zho/conversion/opencc_config.py                      31      0   100%
/Users/karldebiec/Code/Scinoephile/scinoephile/lang/zho/flattening.py                                    20      0   100%
/Users/karldebiec/Code/Scinoephile/scinoephile/lang/zho/ocr_fusion/__init__.py                           28      3    89%
/Users/karldebiec/Code/Scinoephile/scinoephile/lang/zho/ocr_fusion/prompts.py                            39      0   100%
/Users/karldebiec/Code/Scinoephile/scinoephile/lang/zho/ocr_validation.py                                11      1    91%
/Users/karldebiec/Code/Scinoephile/scinoephile/lang/zho/prompts.py                                       54      8    85%
/Users/karldebiec/Code/Scinoephile/scinoephile/lang/zho/proofreading/__init__.py                         28      3    89%
/Users/karldebiec/Code/Scinoephile/scinoephile/lang/zho/proofreading/prompts.py                          31      0   100%
/Users/karldebiec/Code/Scinoephile/scinoephile/llms/__init__.py                                           0      0   100%
/Users/karldebiec/Code/Scinoephile/scinoephile/llms/base/__init__.py                                     11      0   100%
/Users/karldebiec/Code/Scinoephile/scinoephile/llms/base/answer.py                                       12      1    92%
/Users/karldebiec/Code/Scinoephile/scinoephile/llms/base/llm_provider.py                                 12      2    83%
/Users/karldebiec/Code/Scinoephile/scinoephile/llms/base/manager.py                                      68      6    91%
/Users/karldebiec/Code/Scinoephile/scinoephile/llms/base/models.py                                       17      3    82%
/Users/karldebiec/Code/Scinoephile/scinoephile/llms/base/processor.py                                    31      5    84%
/Users/karldebiec/Code/Scinoephile/scinoephile/llms/base/prompt.py                                       29      0   100%
/Users/karldebiec/Code/Scinoephile/scinoephile/llms/base/query.py                                        19      1    95%
/Users/karldebiec/Code/Scinoephile/scinoephile/llms/base/queryer.py                                     166     94    43%
/Users/karldebiec/Code/Scinoephile/scinoephile/llms/base/test_case.py                                    34      3    91%
/Users/karldebiec/Code/Scinoephile/scinoephile/llms/base/utils.py                                        20      3    85%
/Users/karldebiec/Code/Scinoephile/scinoephile/llms/dual_block/__init__.py                                5      0   100%
/Users/karldebiec/Code/Scinoephile/scinoephile/llms/dual_block/manager.py                                82      4    95%
/Users/karldebiec/Code/Scinoephile/scinoephile/llms/dual_block/processor.py                              52      4    92%
/Users/karldebiec/Code/Scinoephile/scinoephile/llms/dual_block/prompt.py                                 61      3    95%
/Users/karldebiec/Code/Scinoephile/scinoephile/llms/dual_block_gapped/__init__.py                         5      0   100%
/Users/karldebiec/Code/Scinoephile/scinoephile/llms/dual_block_gapped/manager.py                         75      4    95%
/Users/karldebiec/Code/Scinoephile/scinoephile/llms/dual_block_gapped/processor.py                       66      2    97%
/Users/karldebiec/Code/Scinoephile/scinoephile/llms/dual_block_gapped/prompt.py                          36      1    97%
/Users/karldebiec/Code/Scinoephile/scinoephile/llms/dual_multi_single/__init__.py                         4      0   100%
/Users/karldebiec/Code/Scinoephile/scinoephile/llms/dual_multi_single/manager.py                         48     25    48%
/Users/karldebiec/Code/Scinoephile/scinoephile/llms/dual_multi_single/prompt.py                          24      0   100%
/Users/karldebiec/Code/Scinoephile/scinoephile/llms/dual_pair/__init__.py                                 4      0   100%
/Users/karldebiec/Code/Scinoephile/scinoephile/llms/dual_pair/manager.py                                 67     41    39%
/Users/karldebiec/Code/Scinoephile/scinoephile/llms/dual_pair/prompt.py                                  39      1    97%
/Users/karldebiec/Code/Scinoephile/scinoephile/llms/dual_single/__init__.py                               4      0   100%
/Users/karldebiec/Code/Scinoephile/scinoephile/llms/dual_single/manager.py                               49      5    90%
/Users/karldebiec/Code/Scinoephile/scinoephile/llms/dual_single/ocr_fusion/__init__.py                    5      0   100%
/Users/karldebiec/Code/Scinoephile/scinoephile/llms/dual_single/ocr_fusion/manager.py                    34     13    62%
/Users/karldebiec/Code/Scinoephile/scinoephile/llms/dual_single/ocr_fusion/processor.py                  50      3    94%
/Users/karldebiec/Code/Scinoephile/scinoephile/llms/dual_single/ocr_fusion/prompt.py                     10      0   100%
/Users/karldebiec/Code/Scinoephile/scinoephile/llms/dual_single/prompt.py                                28      0   100%
/Users/karldebiec/Code/Scinoephile/scinoephile/llms/mono_block/__init__.py                                5      0   100%
/Users/karldebiec/Code/Scinoephile/scinoephile/llms/mono_block/manager.py                                89      4    96%
/Users/karldebiec/Code/Scinoephile/scinoephile/llms/mono_block/processor.py                              40      2    95%
/Users/karldebiec/Code/Scinoephile/scinoephile/llms/mono_block/prompt.py                                 51      3    94%
/Users/karldebiec/Code/Scinoephile/scinoephile/multilang/__init__.py                                      0      0   100%
/Users/karldebiec/Code/Scinoephile/scinoephile/multilang/yue_zho/__init__.py                              5      0   100%
/Users/karldebiec/Code/Scinoephile/scinoephile/multilang/yue_zho/proofreading/__init__.py                25      3    88%
/Users/karldebiec/Code/Scinoephile/scinoephile/multilang/yue_zho/proofreading/manager.py                 25      1    96%
/Users/karldebiec/Code/Scinoephile/scinoephile/multilang/yue_zho/proofreading/processor.py               57      2    96%
/Users/karldebiec/Code/Scinoephile/scinoephile/multilang/yue_zho/proofreading/prompts.py                 37      0   100%
/Users/karldebiec/Code/Scinoephile/scinoephile/multilang/yue_zho/review/__init__.py                      23      3    87%
/Users/karldebiec/Code/Scinoephile/scinoephile/multilang/yue_zho/review/prompts.py                       35      0   100%
/Users/karldebiec/Code/Scinoephile/scinoephile/multilang/yue_zho/transcription/__init__.py                3      0   100%
/Users/karldebiec/Code/Scinoephile/scinoephile/multilang/yue_zho/transcription/aligner.py               131    111    15%
/Users/karldebiec/Code/Scinoephile/scinoephile/multilang/yue_zho/transcription/alignment.py             119     82    31%
/Users/karldebiec/Code/Scinoephile/scinoephile/multilang/yue_zho/transcription/merging/__init__.py        4      0   100%
/Users/karldebiec/Code/Scinoephile/scinoephile/multilang/yue_zho/transcription/merging/manager.py        33     19    42%
/Users/karldebiec/Code/Scinoephile/scinoephile/multilang/yue_zho/transcription/merging/prompt.py         36      1    97%
/Users/karldebiec/Code/Scinoephile/scinoephile/multilang/yue_zho/transcription/shifting/__init__.py       3      0   100%
/Users/karldebiec/Code/Scinoephile/scinoephile/multilang/yue_zho/transcription/shifting/prompt.py        46      1    98%
/Users/karldebiec/Code/Scinoephile/scinoephile/multilang/yue_zho/transcription/transcriber.py            53     36    32%
/Users/karldebiec/Code/Scinoephile/scinoephile/multilang/yue_zho/translation/__init__.py                 23      3    87%
/Users/karldebiec/Code/Scinoephile/scinoephile/multilang/yue_zho/translation/prompts.py                  35      0   100%
/Users/karldebiec/Code/Scinoephile/scinoephile/open_ai/__init__.py                                        3      0   100%
/Users/karldebiec/Code/Scinoephile/scinoephile/open_ai/openai_provider.py                                40     26    35%
-------------------------------------------------------------------------------------------------------------------------
TOTAL                                                                                                  5803   1580    73%
============================= 79 passed in 18.44s ==============================
